2019-02-20 09:27:55.973 DEBUG 8252 --- [http-nio-8443-exec-4] o.s.s.w.u.matcher.AntPathRequestMatcher  : Request 'GET /api/administration/generate-doc-nr' doesn't match 'OPTIONS /**
2019-02-20 09:27:55.973 DEBUG 8252 --- [http-nio-8443-exec-1] o.s.s.w.u.matcher.AntPathRequestMatcher  : Request 'GET /api/tasks/request-step-by-id-and-code' doesn't match 'OPTIONS /**
2019-02-20 09:27:55.973 DEBUG 8252 --- [http-nio-8443-exec-5] o.s.s.w.u.matcher.AntPathRequestMatcher  : Request 'GET /api/tasks/request-step-by-code-and-step' doesn't match 'OPTIONS /**
2019-02-20 09:27:56.025 DEBUG 8252 --- [http-nio-8443-exec-4] o.s.s.w.u.matcher.AntPathRequestMatcher  : Checking match of request : '/api/administration/generate-doc-nr'; against '/app/**/*.{js,html}'
2019-02-20 09:27:56.025 DEBUG 8252 --- [http-nio-8443-exec-1] o.s.s.w.u.matcher.AntPathRequestMatcher  : Checking match of request : '/api/tasks/request-step-by-id-and-code'; against '/app/**/*.{js,html}'
2019-02-20 09:27:56.025 DEBUG 8252 --- [http-nio-8443-exec-5] o.s.s.w.u.matcher.AntPathRequestMatcher  : Checking match of request : '/api/tasks/request-step-by-code-and-step'; against '/app/**/*.{js,html}'
2019-02-20 09:27:56.029 DEBUG 8252 --- [http-nio-8443-exec-5] o.s.s.w.u.matcher.AntPathRequestMatcher  : Checking match of request : '/api/tasks/request-step-by-code-and-step'; against '/api/authenticate'
2019-02-20 09:27:56.029 DEBUG 8252 --- [http-nio-8443-exec-4] o.s.s.w.u.matcher.AntPathRequestMatcher  : Checking match of request : '/api/administration/generate-doc-nr'; against '/api/authenticate'
2019-02-20 09:27:56.029 DEBUG 8252 --- [http-nio-8443-exec-1] o.s.s.w.u.matcher.AntPathRequestMatcher  : Checking match of request : '/api/tasks/request-step-by-id-and-code'; against '/api/authenticate'
2019-02-20 09:27:56.031 DEBUG 8252 --- [http-nio-8443-exec-4] o.s.security.web.FilterChainProxy        : /api/administration/generate-doc-nr at position 1 of 11 in additional filter chain; firing Filter: 'WebAsyncManagerIntegrationFilter'
2019-02-20 09:27:56.031 DEBUG 8252 --- [http-nio-8443-exec-1] o.s.security.web.FilterChainProxy        : /api/tasks/request-step-by-id-and-code?id=3&code=R at position 1 of 11 in additional filter chain; firing Filter: 'WebAsyncManagerIntegrationFilter'
2019-02-20 09:27:56.031 DEBUG 8252 --- [http-nio-8443-exec-5] o.s.security.web.FilterChainProxy        : /api/tasks/request-step-by-code-and-step?code=ATIE&step=R at position 1 of 11 in additional filter chain; firing Filter: 'WebAsyncManagerIntegrationFilter'
2019-02-20 09:27:56.035 DEBUG 8252 --- [http-nio-8443-exec-1] o.s.security.web.FilterChainProxy        : /api/tasks/request-step-by-id-and-code?id=3&code=R at position 2 of 11 in additional filter chain; firing Filter: 'SecurityContextPersistenceFilter'
2019-02-20 09:27:56.035 DEBUG 8252 --- [http-nio-8443-exec-5] o.s.security.web.FilterChainProxy        : /api/tasks/request-step-by-code-and-step?code=ATIE&step=R at position 2 of 11 in additional filter chain; firing Filter: 'SecurityContextPersistenceFilter'
2019-02-20 09:27:56.035 DEBUG 8252 --- [http-nio-8443-exec-4] o.s.security.web.FilterChainProxy        : /api/administration/generate-doc-nr at position 2 of 11 in additional filter chain; firing Filter: 'SecurityContextPersistenceFilter'
2019-02-20 09:27:56.040 DEBUG 8252 --- [http-nio-8443-exec-4] o.s.security.web.FilterChainProxy        : /api/administration/generate-doc-nr at position 3 of 11 in additional filter chain; firing Filter: 'HeaderWriterFilter'
2019-02-20 09:27:56.040 DEBUG 8252 --- [http-nio-8443-exec-1] o.s.security.web.FilterChainProxy        : /api/tasks/request-step-by-id-and-code?id=3&code=R at position 3 of 11 in additional filter chain; firing Filter: 'HeaderWriterFilter'
2019-02-20 09:27:56.040 DEBUG 8252 --- [http-nio-8443-exec-5] o.s.security.web.FilterChainProxy        : /api/tasks/request-step-by-code-and-step?code=ATIE&step=R at position 3 of 11 in additional filter chain; firing Filter: 'HeaderWriterFilter'
2019-02-20 09:27:56.043 DEBUG 8252 --- [http-nio-8443-exec-5] o.s.security.web.FilterChainProxy        : /api/tasks/request-step-by-code-and-step?code=ATIE&step=R at position 4 of 11 in additional filter chain; firing Filter: 'LogoutFilter'
2019-02-20 09:27:56.043 DEBUG 8252 --- [http-nio-8443-exec-4] o.s.security.web.FilterChainProxy        : /api/administration/generate-doc-nr at position 4 of 11 in additional filter chain; firing Filter: 'LogoutFilter'
2019-02-20 09:27:56.043 DEBUG 8252 --- [http-nio-8443-exec-1] o.s.security.web.FilterChainProxy        : /api/tasks/request-step-by-id-and-code?id=3&code=R at position 4 of 11 in additional filter chain; firing Filter: 'LogoutFilter'
2019-02-20 09:27:56.050 DEBUG 8252 --- [http-nio-8443-exec-5] o.s.s.web.util.matcher.OrRequestMatcher  : Trying to match using Ant [pattern='/logout', GET]
2019-02-20 09:27:56.050 DEBUG 8252 --- [http-nio-8443-exec-1] o.s.s.web.util.matcher.OrRequestMatcher  : Trying to match using Ant [pattern='/logout', GET]
2019-02-20 09:27:56.050 DEBUG 8252 --- [http-nio-8443-exec-1] o.s.s.w.u.matcher.AntPathRequestMatcher  : Checking match of request : '/api/tasks/request-step-by-id-and-code'; against '/logout'
2019-02-20 09:27:56.050 DEBUG 8252 --- [http-nio-8443-exec-5] o.s.s.w.u.matcher.AntPathRequestMatcher  : Checking match of request : '/api/tasks/request-step-by-code-and-step'; against '/logout'
2019-02-20 09:27:56.050 DEBUG 8252 --- [http-nio-8443-exec-5] o.s.s.web.util.matcher.OrRequestMatcher  : Trying to match using Ant [pattern='/logout', POST]
2019-02-20 09:27:56.051 DEBUG 8252 --- [http-nio-8443-exec-5] o.s.s.w.u.matcher.AntPathRequestMatcher  : Request 'GET /api/tasks/request-step-by-code-and-step' doesn't match 'POST /logout
2019-02-20 09:27:56.051 DEBUG 8252 --- [http-nio-8443-exec-4] o.s.s.web.util.matcher.OrRequestMatcher  : Trying to match using Ant [pattern='/logout', GET]
2019-02-20 09:27:56.051 DEBUG 8252 --- [http-nio-8443-exec-5] o.s.s.web.util.matcher.OrRequestMatcher  : Trying to match using Ant [pattern='/logout', PUT]
2019-02-20 09:27:56.051 DEBUG 8252 --- [http-nio-8443-exec-4] o.s.s.w.u.matcher.AntPathRequestMatcher  : Checking match of request : '/api/administration/generate-doc-nr'; against '/logout'
2019-02-20 09:27:56.051 DEBUG 8252 --- [http-nio-8443-exec-5] o.s.s.w.u.matcher.AntPathRequestMatcher  : Request 'GET /api/tasks/request-step-by-code-and-step' doesn't match 'PUT /logout
2019-02-20 09:27:56.051 DEBUG 8252 --- [http-nio-8443-exec-5] o.s.s.web.util.matcher.OrRequestMatcher  : Trying to match using Ant [pattern='/logout', DELETE]
2019-02-20 09:27:56.050 DEBUG 8252 --- [http-nio-8443-exec-1] o.s.s.web.util.matcher.OrRequestMatcher  : Trying to match using Ant [pattern='/logout', POST]
2019-02-20 09:27:56.051 DEBUG 8252 --- [http-nio-8443-exec-5] o.s.s.w.u.matcher.AntPathRequestMatcher  : Request 'GET /api/tasks/request-step-by-code-and-step' doesn't match 'DELETE /logout
2019-02-20 09:27:56.051 DEBUG 8252 --- [http-nio-8443-exec-1] o.s.s.w.u.matcher.AntPathRequestMatcher  : Request 'GET /api/tasks/request-step-by-id-and-code' doesn't match 'POST /logout
2019-02-20 09:27:56.052 DEBUG 8252 --- [http-nio-8443-exec-5] o.s.s.web.util.matcher.OrRequestMatcher  : No matches found
2019-02-20 09:27:56.052 DEBUG 8252 --- [http-nio-8443-exec-1] o.s.s.web.util.matcher.OrRequestMatcher  : Trying to match using Ant [pattern='/logout', PUT]
2019-02-20 09:27:56.052 DEBUG 8252 --- [http-nio-8443-exec-1] o.s.s.w.u.matcher.AntPathRequestMatcher  : Request 'GET /api/tasks/request-step-by-id-and-code' doesn't match 'PUT /logout
2019-02-20 09:27:56.052 DEBUG 8252 --- [http-nio-8443-exec-1] o.s.s.web.util.matcher.OrRequestMatcher  : Trying to match using Ant [pattern='/logout', DELETE]
2019-02-20 09:27:56.051 DEBUG 8252 --- [http-nio-8443-exec-4] o.s.s.web.util.matcher.OrRequestMatcher  : Trying to match using Ant [pattern='/logout', POST]
2019-02-20 09:27:56.052 DEBUG 8252 --- [http-nio-8443-exec-5] o.s.security.web.FilterChainProxy        : /api/tasks/request-step-by-code-and-step?code=ATIE&step=R at position 5 of 11 in additional filter chain; firing Filter: 'JWTFilter'
2019-02-20 09:27:56.052 DEBUG 8252 --- [http-nio-8443-exec-1] o.s.s.w.u.matcher.AntPathRequestMatcher  : Request 'GET /api/tasks/request-step-by-id-and-code' doesn't match 'DELETE /logout
2019-02-20 09:27:56.052 DEBUG 8252 --- [http-nio-8443-exec-4] o.s.s.w.u.matcher.AntPathRequestMatcher  : Request 'GET /api/administration/generate-doc-nr' doesn't match 'POST /logout
2019-02-20 09:27:56.053 DEBUG 8252 --- [http-nio-8443-exec-1] o.s.s.web.util.matcher.OrRequestMatcher  : No matches found
2019-02-20 09:27:56.053 DEBUG 8252 --- [http-nio-8443-exec-4] o.s.s.web.util.matcher.OrRequestMatcher  : Trying to match using Ant [pattern='/logout', PUT]
2019-02-20 09:27:56.053 DEBUG 8252 --- [http-nio-8443-exec-1] o.s.security.web.FilterChainProxy        : /api/tasks/request-step-by-id-and-code?id=3&code=R at position 5 of 11 in additional filter chain; firing Filter: 'JWTFilter'
2019-02-20 09:27:56.053 DEBUG 8252 --- [http-nio-8443-exec-4] o.s.s.w.u.matcher.AntPathRequestMatcher  : Request 'GET /api/administration/generate-doc-nr' doesn't match 'PUT /logout
2019-02-20 09:27:56.053 DEBUG 8252 --- [http-nio-8443-exec-4] o.s.s.web.util.matcher.OrRequestMatcher  : Trying to match using Ant [pattern='/logout', DELETE]
2019-02-20 09:27:56.056 DEBUG 8252 --- [http-nio-8443-exec-4] o.s.s.w.u.matcher.AntPathRequestMatcher  : Request 'GET /api/administration/generate-doc-nr' doesn't match 'DELETE /logout
2019-02-20 09:27:56.056 DEBUG 8252 --- [http-nio-8443-exec-4] o.s.s.web.util.matcher.OrRequestMatcher  : No matches found
2019-02-20 09:27:56.056 DEBUG 8252 --- [http-nio-8443-exec-4] o.s.security.web.FilterChainProxy        : /api/administration/generate-doc-nr at position 5 of 11 in additional filter chain; firing Filter: 'JWTFilter'
2019-02-20 09:27:56.058 DEBUG 8252 --- [http-nio-8443-exec-4] o.s.security.web.FilterChainProxy        : /api/administration/generate-doc-nr at position 6 of 11 in additional filter chain; firing Filter: 'RequestCacheAwareFilter'
2019-02-20 09:27:56.058 DEBUG 8252 --- [http-nio-8443-exec-1] o.s.security.web.FilterChainProxy        : /api/tasks/request-step-by-id-and-code?id=3&code=R at position 6 of 11 in additional filter chain; firing Filter: 'RequestCacheAwareFilter'
2019-02-20 09:27:56.058 DEBUG 8252 --- [http-nio-8443-exec-5] o.s.security.web.FilterChainProxy        : /api/tasks/request-step-by-code-and-step?code=ATIE&step=R at position 6 of 11 in additional filter chain; firing Filter: 'RequestCacheAwareFilter'
2019-02-20 09:27:56.059 DEBUG 8252 --- [http-nio-8443-exec-5] o.s.security.web.FilterChainProxy        : /api/tasks/request-step-by-code-and-step?code=ATIE&step=R at position 7 of 11 in additional filter chain; firing Filter: 'SecurityContextHolderAwareRequestFilter'
2019-02-20 09:27:56.059 DEBUG 8252 --- [http-nio-8443-exec-4] o.s.security.web.FilterChainProxy        : /api/administration/generate-doc-nr at position 7 of 11 in additional filter chain; firing Filter: 'SecurityContextHolderAwareRequestFilter'
2019-02-20 09:27:56.062 DEBUG 8252 --- [http-nio-8443-exec-1] o.s.security.web.FilterChainProxy        : /api/tasks/request-step-by-id-and-code?id=3&code=R at position 7 of 11 in additional filter chain; firing Filter: 'SecurityContextHolderAwareRequestFilter'
2019-02-20 09:27:56.063 DEBUG 8252 --- [http-nio-8443-exec-5] o.s.security.web.FilterChainProxy        : /api/tasks/request-step-by-code-and-step?code=ATIE&step=R at position 8 of 11 in additional filter chain; firing Filter: 'AnonymousAuthenticationFilter'
2019-02-20 09:27:56.063 DEBUG 8252 --- [http-nio-8443-exec-1] o.s.security.web.FilterChainProxy        : /api/tasks/request-step-by-id-and-code?id=3&code=R at position 8 of 11 in additional filter chain; firing Filter: 'AnonymousAuthenticationFilter'
2019-02-20 09:27:56.063 DEBUG 8252 --- [http-nio-8443-exec-4] o.s.security.web.FilterChainProxy        : /api/administration/generate-doc-nr at position 8 of 11 in additional filter chain; firing Filter: 'AnonymousAuthenticationFilter'
2019-02-20 09:27:56.076 DEBUG 8252 --- [http-nio-8443-exec-1] o.s.s.w.a.AnonymousAuthenticationFilter  : Populated SecurityContextHolder with anonymous token: 'org.springframework.security.authentication.AnonymousAuthenticationToken@eaf7a233: Principal: anonymousUser; Credentials: [PROTECTED]; Authenticated: true; Details: org.springframework.security.web.authentication.WebAuthenticationDetails@b364: RemoteIpAddress: 0:0:0:0:0:0:0:1; SessionId: null; Granted Authorities: ROLE_ANONYMOUS'
2019-02-20 09:27:56.076 DEBUG 8252 --- [http-nio-8443-exec-5] o.s.s.w.a.AnonymousAuthenticationFilter  : Populated SecurityContextHolder with anonymous token: 'org.springframework.security.authentication.AnonymousAuthenticationToken@eaf7a233: Principal: anonymousUser; Credentials: [PROTECTED]; Authenticated: true; Details: org.springframework.security.web.authentication.WebAuthenticationDetails@b364: RemoteIpAddress: 0:0:0:0:0:0:0:1; SessionId: null; Granted Authorities: ROLE_ANONYMOUS'
2019-02-20 09:27:56.076 DEBUG 8252 --- [http-nio-8443-exec-4] o.s.s.w.a.AnonymousAuthenticationFilter  : Populated SecurityContextHolder with anonymous token: 'org.springframework.security.authentication.AnonymousAuthenticationToken@eaf7a233: Principal: anonymousUser; Credentials: [PROTECTED]; Authenticated: true; Details: org.springframework.security.web.authentication.WebAuthenticationDetails@b364: RemoteIpAddress: 0:0:0:0:0:0:0:1; SessionId: null; Granted Authorities: ROLE_ANONYMOUS'
2019-02-20 09:27:56.077 DEBUG 8252 --- [http-nio-8443-exec-5] o.s.security.web.FilterChainProxy        : /api/tasks/request-step-by-code-and-step?code=ATIE&step=R at position 9 of 11 in additional filter chain; firing Filter: 'SessionManagementFilter'
2019-02-20 09:27:56.077 DEBUG 8252 --- [http-nio-8443-exec-4] o.s.security.web.FilterChainProxy        : /api/administration/generate-doc-nr at position 9 of 11 in additional filter chain; firing Filter: 'SessionManagementFilter'
2019-02-20 09:27:56.078 DEBUG 8252 --- [http-nio-8443-exec-5] o.s.security.web.FilterChainProxy        : /api/tasks/request-step-by-code-and-step?code=ATIE&step=R at position 10 of 11 in additional filter chain; firing Filter: 'ExceptionTranslationFilter'
2019-02-20 09:27:56.078 DEBUG 8252 --- [http-nio-8443-exec-4] o.s.security.web.FilterChainProxy        : /api/administration/generate-doc-nr at position 10 of 11 in additional filter chain; firing Filter: 'ExceptionTranslationFilter'
2019-02-20 09:27:56.077 DEBUG 8252 --- [http-nio-8443-exec-1] o.s.security.web.FilterChainProxy        : /api/tasks/request-step-by-id-and-code?id=3&code=R at position 9 of 11 in additional filter chain; firing Filter: 'SessionManagementFilter'
2019-02-20 09:27:56.080 DEBUG 8252 --- [http-nio-8443-exec-4] o.s.security.web.FilterChainProxy        : /api/administration/generate-doc-nr at position 11 of 11 in additional filter chain; firing Filter: 'FilterSecurityInterceptor'
2019-02-20 09:27:56.080 DEBUG 8252 --- [http-nio-8443-exec-1] o.s.security.web.FilterChainProxy        : /api/tasks/request-step-by-id-and-code?id=3&code=R at position 10 of 11 in additional filter chain; firing Filter: 'ExceptionTranslationFilter'
2019-02-20 09:27:56.080 DEBUG 8252 --- [http-nio-8443-exec-5] o.s.security.web.FilterChainProxy        : /api/tasks/request-step-by-code-and-step?code=ATIE&step=R at position 11 of 11 in additional filter chain; firing Filter: 'FilterSecurityInterceptor'
2019-02-20 09:27:56.081 DEBUG 8252 --- [http-nio-8443-exec-1] o.s.security.web.FilterChainProxy        : /api/tasks/request-step-by-id-and-code?id=3&code=R at position 11 of 11 in additional filter chain; firing Filter: 'FilterSecurityInterceptor'
2019-02-20 09:27:56.088 DEBUG 8252 --- [http-nio-8443-exec-1] o.s.s.w.u.matcher.AntPathRequestMatcher  : Checking match of request : '/api/tasks/request-step-by-id-and-code'; against '/'
2019-02-20 09:27:56.088 DEBUG 8252 --- [http-nio-8443-exec-4] o.s.s.w.u.matcher.AntPathRequestMatcher  : Checking match of request : '/api/administration/generate-doc-nr'; against '/'
2019-02-20 09:27:56.088 DEBUG 8252 --- [http-nio-8443-exec-5] o.s.s.w.u.matcher.AntPathRequestMatcher  : Checking match of request : '/api/tasks/request-step-by-code-and-step'; against '/'
2019-02-20 09:27:56.088 DEBUG 8252 --- [http-nio-8443-exec-4] o.s.s.w.u.matcher.AntPathRequestMatcher  : Request 'GET /api/administration/generate-doc-nr' doesn't match 'OPTIONS /**
2019-02-20 09:27:56.088 DEBUG 8252 --- [http-nio-8443-exec-5] o.s.s.w.u.matcher.AntPathRequestMatcher  : Request 'GET /api/tasks/request-step-by-code-and-step' doesn't match 'OPTIONS /**
2019-02-20 09:27:56.088 DEBUG 8252 --- [http-nio-8443-exec-4] o.s.s.w.u.matcher.AntPathRequestMatcher  : Request 'GET /api/administration/generate-doc-nr' doesn't match 'POST /api/authenticate
2019-02-20 09:27:56.088 DEBUG 8252 --- [http-nio-8443-exec-5] o.s.s.w.u.matcher.AntPathRequestMatcher  : Request 'GET /api/tasks/request-step-by-code-and-step' doesn't match 'POST /api/authenticate
2019-02-20 09:27:56.088 DEBUG 8252 --- [http-nio-8443-exec-1] o.s.s.w.u.matcher.AntPathRequestMatcher  : Request 'GET /api/tasks/request-step-by-id-and-code' doesn't match 'OPTIONS /**
2019-02-20 09:27:56.089 DEBUG 8252 --- [http-nio-8443-exec-4] o.s.s.w.u.matcher.AntPathRequestMatcher  : Checking match of request : '/api/administration/generate-doc-nr'; against '/api/reset-password'
2019-02-20 09:27:56.089 DEBUG 8252 --- [http-nio-8443-exec-5] o.s.s.w.u.matcher.AntPathRequestMatcher  : Checking match of request : '/api/tasks/request-step-by-code-and-step'; against '/api/reset-password'
2019-02-20 09:27:56.089 DEBUG 8252 --- [http-nio-8443-exec-5] o.s.s.w.u.matcher.AntPathRequestMatcher  : Checking match of request : '/api/tasks/request-step-by-code-and-step'; against '/api/**'
2019-02-20 09:27:56.089 DEBUG 8252 --- [http-nio-8443-exec-4] o.s.s.w.u.matcher.AntPathRequestMatcher  : Checking match of request : '/api/administration/generate-doc-nr'; against '/api/**'
2019-02-20 09:27:56.089 DEBUG 8252 --- [http-nio-8443-exec-1] o.s.s.w.u.matcher.AntPathRequestMatcher  : Request 'GET /api/tasks/request-step-by-id-and-code' doesn't match 'POST /api/authenticate
2019-02-20 09:27:56.089 DEBUG 8252 --- [http-nio-8443-exec-1] o.s.s.w.u.matcher.AntPathRequestMatcher  : Checking match of request : '/api/tasks/request-step-by-id-and-code'; against '/api/reset-password'
2019-02-20 09:27:56.089 DEBUG 8252 --- [http-nio-8443-exec-1] o.s.s.w.u.matcher.AntPathRequestMatcher  : Checking match of request : '/api/tasks/request-step-by-id-and-code'; against '/api/**'
2019-02-20 09:27:56.092 DEBUG 8252 --- [http-nio-8443-exec-4] o.s.s.w.a.i.FilterSecurityInterceptor    : Secure object: FilterInvocation: URL: /api/administration/generate-doc-nr; Attributes: [permitAll]
2019-02-20 09:27:56.092 DEBUG 8252 --- [http-nio-8443-exec-1] o.s.s.w.a.i.FilterSecurityInterceptor    : Secure object: FilterInvocation: URL: /api/tasks/request-step-by-id-and-code?id=3&code=R; Attributes: [permitAll]
2019-02-20 09:27:56.092 DEBUG 8252 --- [http-nio-8443-exec-5] o.s.s.w.a.i.FilterSecurityInterceptor    : Secure object: FilterInvocation: URL: /api/tasks/request-step-by-code-and-step?code=ATIE&step=R; Attributes: [permitAll]
2019-02-20 09:27:56.092 DEBUG 8252 --- [http-nio-8443-exec-1] o.s.s.w.a.i.FilterSecurityInterceptor    : Previously Authenticated: org.springframework.security.authentication.AnonymousAuthenticationToken@eaf7a233: Principal: anonymousUser; Credentials: [PROTECTED]; Authenticated: true; Details: org.springframework.security.web.authentication.WebAuthenticationDetails@b364: RemoteIpAddress: 0:0:0:0:0:0:0:1; SessionId: null; Granted Authorities: ROLE_ANONYMOUS
2019-02-20 09:27:56.092 DEBUG 8252 --- [http-nio-8443-exec-5] o.s.s.w.a.i.FilterSecurityInterceptor    : Previously Authenticated: org.springframework.security.authentication.AnonymousAuthenticationToken@eaf7a233: Principal: anonymousUser; Credentials: [PROTECTED]; Authenticated: true; Details: org.springframework.security.web.authentication.WebAuthenticationDetails@b364: RemoteIpAddress: 0:0:0:0:0:0:0:1; SessionId: null; Granted Authorities: ROLE_ANONYMOUS
2019-02-20 09:27:56.092 DEBUG 8252 --- [http-nio-8443-exec-4] o.s.s.w.a.i.FilterSecurityInterceptor    : Previously Authenticated: org.springframework.security.authentication.AnonymousAuthenticationToken@eaf7a233: Principal: anonymousUser; Credentials: [PROTECTED]; Authenticated: true; Details: org.springframework.security.web.authentication.WebAuthenticationDetails@b364: RemoteIpAddress: 0:0:0:0:0:0:0:1; SessionId: null; Granted Authorities: ROLE_ANONYMOUS
2019-02-20 09:27:56.128 DEBUG 8252 --- [http-nio-8443-exec-1] o.s.s.access.vote.AffirmativeBased       : Voter: org.springframework.security.web.access.expression.WebExpressionVoter@3922b512, returned: 1
2019-02-20 09:27:56.128 DEBUG 8252 --- [http-nio-8443-exec-4] o.s.s.access.vote.AffirmativeBased       : Voter: org.springframework.security.web.access.expression.WebExpressionVoter@3922b512, returned: 1
2019-02-20 09:27:56.128 DEBUG 8252 --- [http-nio-8443-exec-5] o.s.s.access.vote.AffirmativeBased       : Voter: org.springframework.security.web.access.expression.WebExpressionVoter@3922b512, returned: 1
2019-02-20 09:27:56.128 DEBUG 8252 --- [http-nio-8443-exec-4] o.s.s.w.a.i.FilterSecurityInterceptor    : Authorization successful
2019-02-20 09:27:56.128 DEBUG 8252 --- [http-nio-8443-exec-1] o.s.s.w.a.i.FilterSecurityInterceptor    : Authorization successful
2019-02-20 09:27:56.128 DEBUG 8252 --- [http-nio-8443-exec-5] o.s.s.w.a.i.FilterSecurityInterceptor    : Authorization successful
2019-02-20 09:27:56.128 DEBUG 8252 --- [http-nio-8443-exec-4] o.s.s.w.a.i.FilterSecurityInterceptor    : RunAsManager did not change Authentication object
2019-02-20 09:27:56.129 DEBUG 8252 --- [http-nio-8443-exec-4] o.s.security.web.FilterChainProxy        : /api/administration/generate-doc-nr reached end of additional filter chain; proceeding with original chain
2019-02-20 09:27:56.129 DEBUG 8252 --- [http-nio-8443-exec-5] o.s.s.w.a.i.FilterSecurityInterceptor    : RunAsManager did not change Authentication object
2019-02-20 09:27:56.129 DEBUG 8252 --- [http-nio-8443-exec-1] o.s.s.w.a.i.FilterSecurityInterceptor    : RunAsManager did not change Authentication object
2019-02-20 09:27:56.129 DEBUG 8252 --- [http-nio-8443-exec-5] o.s.security.web.FilterChainProxy        : /api/tasks/request-step-by-code-and-step?code=ATIE&step=R reached end of additional filter chain; proceeding with original chain
2019-02-20 09:27:56.130 DEBUG 8252 --- [http-nio-8443-exec-1] o.s.security.web.FilterChainProxy        : /api/tasks/request-step-by-id-and-code?id=3&code=R reached end of additional filter chain; proceeding with original chain
2019-02-20 09:27:56.297 DEBUG 8252 --- [http-nio-8443-exec-5] c.b.a.controller.rest.TasksController    : Get process step by code and stepATIER
2019-02-20 09:27:56.319 DEBUG 8252 --- [http-nio-8443-exec-1] c.b.a.controller.rest.TasksController    : Get process step by id and code
2019-02-20 09:27:56.380  WARN 8252 --- [http-nio-8443-exec-4] com.zaxxer.hikari.pool.PoolBase          : HikariPool-1 - Failed to validate connection com.mysql.jdbc.JDBC4Connection@2bd36008 (No operations allowed after connection closed.)
2019-02-20 09:27:56.397  WARN 8252 --- [http-nio-8443-exec-4] com.zaxxer.hikari.pool.PoolBase          : HikariPool-1 - Failed to validate connection com.mysql.jdbc.JDBC4Connection@7c827e22 (No operations allowed after connection closed.)
2019-02-20 09:27:56.404  WARN 8252 --- [http-nio-8443-exec-4] com.zaxxer.hikari.pool.PoolBase          : HikariPool-1 - Failed to validate connection com.mysql.jdbc.JDBC4Connection@eb099d6 (No operations allowed after connection closed.)
2019-02-20 09:27:56.412  WARN 8252 --- [http-nio-8443-exec-4] com.zaxxer.hikari.pool.PoolBase          : HikariPool-1 - Failed to validate connection com.mysql.jdbc.JDBC4Connection@3ed37b28 (No operations allowed after connection closed.)
2019-02-20 09:27:56.421  WARN 8252 --- [http-nio-8443-exec-4] com.zaxxer.hikari.pool.PoolBase          : HikariPool-1 - Failed to validate connection com.mysql.jdbc.JDBC4Connection@20e08d24 (No operations allowed after connection closed.)
2019-02-20 09:27:56.427  WARN 8252 --- [http-nio-8443-exec-4] com.zaxxer.hikari.pool.PoolBase          : HikariPool-1 - Failed to validate connection com.mysql.jdbc.JDBC4Connection@4ffc9474 (No operations allowed after connection closed.)
2019-02-20 09:27:56.439 DEBUG 8252 --- [http-nio-8443-exec-5] org.hibernate.SQL                        : select s.* from registration_request_steps s join request_types t on s.request_type_id = t.id and  t.code = ? and s.code = ?
2019-02-20 09:27:56.448  WARN 8252 --- [http-nio-8443-exec-4] com.zaxxer.hikari.pool.PoolBase          : HikariPool-1 - Failed to validate connection com.mysql.jdbc.JDBC4Connection@4588ca74 (No operations allowed after connection closed.)
2019-02-20 09:27:56.450  WARN 8252 --- [http-nio-8443-exec-5] com.zaxxer.hikari.pool.PoolBase          : HikariPool-1 - Failed to validate connection com.mysql.jdbc.JDBC4Connection@13116fa6 (No operations allowed after connection closed.)
2019-02-20 09:27:56.455  WARN 8252 --- [http-nio-8443-exec-4] com.zaxxer.hikari.pool.PoolBase          : HikariPool-1 - Failed to validate connection com.mysql.jdbc.JDBC4Connection@6027f3d6 (No operations allowed after connection closed.)
2019-02-20 09:27:56.567 DEBUG 8252 --- [http-nio-8443-exec-5] o.s.s.w.a.ExceptionTranslationFilter     : Chain processed normally
2019-02-20 09:27:56.568 DEBUG 8252 --- [http-nio-8443-exec-5] s.s.w.c.SecurityContextPersistenceFilter : SecurityContextHolder now cleared, as request processing completed
2019-02-20 09:27:56.630 DEBUG 8252 --- [http-nio-8443-exec-9] o.s.s.w.u.matcher.AntPathRequestMatcher  : Request 'GET /api/administration/all-doc-types' doesn't match 'OPTIONS /**
2019-02-20 09:27:56.630 DEBUG 8252 --- [http-nio-8443-exec-9] o.s.s.w.u.matcher.AntPathRequestMatcher  : Checking match of request : '/api/administration/all-doc-types'; against '/app/**/*.{js,html}'
2019-02-20 09:27:56.631 DEBUG 8252 --- [http-nio-8443-exec-9] o.s.s.w.u.matcher.AntPathRequestMatcher  : Checking match of request : '/api/administration/all-doc-types'; against '/api/authenticate'
2019-02-20 09:27:56.631 DEBUG 8252 --- [http-nio-8443-exec-9] o.s.security.web.FilterChainProxy        : /api/administration/all-doc-types at position 1 of 11 in additional filter chain; firing Filter: 'WebAsyncManagerIntegrationFilter'
2019-02-20 09:27:56.631 DEBUG 8252 --- [http-nio-8443-exec-9] o.s.security.web.FilterChainProxy        : /api/administration/all-doc-types at position 2 of 11 in additional filter chain; firing Filter: 'SecurityContextPersistenceFilter'
2019-02-20 09:27:56.631 DEBUG 8252 --- [http-nio-8443-exec-9] o.s.security.web.FilterChainProxy        : /api/administration/all-doc-types at position 3 of 11 in additional filter chain; firing Filter: 'HeaderWriterFilter'
2019-02-20 09:27:56.632 DEBUG 8252 --- [http-nio-8443-exec-9] o.s.security.web.FilterChainProxy        : /api/administration/all-doc-types at position 4 of 11 in additional filter chain; firing Filter: 'LogoutFilter'
2019-02-20 09:27:56.632 DEBUG 8252 --- [http-nio-8443-exec-9] o.s.s.web.util.matcher.OrRequestMatcher  : Trying to match using Ant [pattern='/logout', GET]
2019-02-20 09:27:56.632 DEBUG 8252 --- [http-nio-8443-exec-9] o.s.s.w.u.matcher.AntPathRequestMatcher  : Checking match of request : '/api/administration/all-doc-types'; against '/logout'
2019-02-20 09:27:56.633 DEBUG 8252 --- [http-nio-8443-exec-9] o.s.s.web.util.matcher.OrRequestMatcher  : Trying to match using Ant [pattern='/logout', POST]
2019-02-20 09:27:56.634 DEBUG 8252 --- [http-nio-8443-exec-9] o.s.s.w.u.matcher.AntPathRequestMatcher  : Request 'GET /api/administration/all-doc-types' doesn't match 'POST /logout
2019-02-20 09:27:56.634 DEBUG 8252 --- [http-nio-8443-exec-9] o.s.s.web.util.matcher.OrRequestMatcher  : Trying to match using Ant [pattern='/logout', PUT]
2019-02-20 09:27:56.634 DEBUG 8252 --- [http-nio-8443-exec-9] o.s.s.w.u.matcher.AntPathRequestMatcher  : Request 'GET /api/administration/all-doc-types' doesn't match 'PUT /logout
2019-02-20 09:27:56.634 DEBUG 8252 --- [http-nio-8443-exec-9] o.s.s.web.util.matcher.OrRequestMatcher  : Trying to match using Ant [pattern='/logout', DELETE]
2019-02-20 09:27:56.635 DEBUG 8252 --- [http-nio-8443-exec-9] o.s.s.w.u.matcher.AntPathRequestMatcher  : Request 'GET /api/administration/all-doc-types' doesn't match 'DELETE /logout
2019-02-20 09:27:56.635 DEBUG 8252 --- [http-nio-8443-exec-9] o.s.s.web.util.matcher.OrRequestMatcher  : No matches found
2019-02-20 09:27:56.635 DEBUG 8252 --- [http-nio-8443-exec-9] o.s.security.web.FilterChainProxy        : /api/administration/all-doc-types at position 5 of 11 in additional filter chain; firing Filter: 'JWTFilter'
2019-02-20 09:27:56.635 DEBUG 8252 --- [http-nio-8443-exec-9] o.s.security.web.FilterChainProxy        : /api/administration/all-doc-types at position 6 of 11 in additional filter chain; firing Filter: 'RequestCacheAwareFilter'
2019-02-20 09:27:56.636 DEBUG 8252 --- [http-nio-8443-exec-9] o.s.security.web.FilterChainProxy        : /api/administration/all-doc-types at position 7 of 11 in additional filter chain; firing Filter: 'SecurityContextHolderAwareRequestFilter'
2019-02-20 09:27:56.636 DEBUG 8252 --- [http-nio-8443-exec-9] o.s.security.web.FilterChainProxy        : /api/administration/all-doc-types at position 8 of 11 in additional filter chain; firing Filter: 'AnonymousAuthenticationFilter'
2019-02-20 09:27:56.636 DEBUG 8252 --- [http-nio-8443-exec-9] o.s.s.w.a.AnonymousAuthenticationFilter  : Populated SecurityContextHolder with anonymous token: 'org.springframework.security.authentication.AnonymousAuthenticationToken@eaf7a233: Principal: anonymousUser; Credentials: [PROTECTED]; Authenticated: true; Details: org.springframework.security.web.authentication.WebAuthenticationDetails@b364: RemoteIpAddress: 0:0:0:0:0:0:0:1; SessionId: null; Granted Authorities: ROLE_ANONYMOUS'
2019-02-20 09:27:56.636 DEBUG 8252 --- [http-nio-8443-exec-9] o.s.security.web.FilterChainProxy        : /api/administration/all-doc-types at position 9 of 11 in additional filter chain; firing Filter: 'SessionManagementFilter'
2019-02-20 09:27:56.637 DEBUG 8252 --- [http-nio-8443-exec-9] o.s.security.web.FilterChainProxy        : /api/administration/all-doc-types at position 10 of 11 in additional filter chain; firing Filter: 'ExceptionTranslationFilter'
2019-02-20 09:27:56.637 DEBUG 8252 --- [http-nio-8443-exec-9] o.s.security.web.FilterChainProxy        : /api/administration/all-doc-types at position 11 of 11 in additional filter chain; firing Filter: 'FilterSecurityInterceptor'
2019-02-20 09:27:56.638 DEBUG 8252 --- [http-nio-8443-exec-9] o.s.s.w.u.matcher.AntPathRequestMatcher  : Checking match of request : '/api/administration/all-doc-types'; against '/'
2019-02-20 09:27:56.638 DEBUG 8252 --- [http-nio-8443-exec-9] o.s.s.w.u.matcher.AntPathRequestMatcher  : Request 'GET /api/administration/all-doc-types' doesn't match 'OPTIONS /**
2019-02-20 09:27:56.678 DEBUG 8252 --- [http-nio-8443-exec-9] o.s.s.w.u.matcher.AntPathRequestMatcher  : Request 'GET /api/administration/all-doc-types' doesn't match 'POST /api/authenticate
2019-02-20 09:27:56.679 DEBUG 8252 --- [http-nio-8443-exec-9] o.s.s.w.u.matcher.AntPathRequestMatcher  : Checking match of request : '/api/administration/all-doc-types'; against '/api/reset-password'
2019-02-20 09:27:56.679 DEBUG 8252 --- [http-nio-8443-exec-9] o.s.s.w.u.matcher.AntPathRequestMatcher  : Checking match of request : '/api/administration/all-doc-types'; against '/api/**'
2019-02-20 09:27:56.679 DEBUG 8252 --- [http-nio-8443-exec-9] o.s.s.w.a.i.FilterSecurityInterceptor    : Secure object: FilterInvocation: URL: /api/administration/all-doc-types; Attributes: [permitAll]
2019-02-20 09:27:56.680 DEBUG 8252 --- [http-nio-8443-exec-9] o.s.s.w.a.i.FilterSecurityInterceptor    : Previously Authenticated: org.springframework.security.authentication.AnonymousAuthenticationToken@eaf7a233: Principal: anonymousUser; Credentials: [PROTECTED]; Authenticated: true; Details: org.springframework.security.web.authentication.WebAuthenticationDetails@b364: RemoteIpAddress: 0:0:0:0:0:0:0:1; SessionId: null; Granted Authorities: ROLE_ANONYMOUS
2019-02-20 09:27:56.680 DEBUG 8252 --- [http-nio-8443-exec-9] o.s.s.access.vote.AffirmativeBased       : Voter: org.springframework.security.web.access.expression.WebExpressionVoter@3922b512, returned: 1
2019-02-20 09:27:56.680 DEBUG 8252 --- [http-nio-8443-exec-9] o.s.s.w.a.i.FilterSecurityInterceptor    : Authorization successful
2019-02-20 09:27:56.682 DEBUG 8252 --- [http-nio-8443-exec-9] o.s.s.w.a.i.FilterSecurityInterceptor    : RunAsManager did not change Authentication object
2019-02-20 09:27:56.682 DEBUG 8252 --- [http-nio-8443-exec-9] o.s.security.web.FilterChainProxy        : /api/administration/all-doc-types reached end of additional filter chain; proceeding with original chain
2019-02-20 09:27:56.686 DEBUG 8252 --- [http-nio-8443-exec-9] c.b.a.c.rest.AdministrationController    : Retrieve all doc types
2019-02-20 09:27:56.709 DEBUG 8252 --- [http-nio-8443-exec-1] org.hibernate.SQL                        : select registrati0_.id as id1_155_, registrati0_.available_doc_types as availabl2_155_, registrati0_.code as code3_155_, registrati0_.description as descript4_155_, registrati0_.navigation_url as navigati5_155_, registrati0_.output_doc_types as output_d6_155_, registrati0_.request_type_id as request_7_155_ from registration_request_steps registrati0_ where registrati0_.request_type_id=? and registrati0_.code=?
2019-02-20 09:27:56.714 DEBUG 8252 --- [http-nio-8443-exec-9] org.hibernate.SQL                        : select nmdocument0_.id as id1_97_, nmdocument0_.category as category2_97_, nmdocument0_.description as descript3_97_, nmdocument0_.need_date as need_dat4_97_, nmdocument0_.need_doc_nr as need_doc5_97_ from nm_document_types nmdocument0_
2019-02-20 09:27:56.733 DEBUG 8252 --- [http-nio-8443-exec-9] o.s.s.w.a.ExceptionTranslationFilter     : Chain processed normally
2019-02-20 09:27:56.735 DEBUG 8252 --- [http-nio-8443-exec-9] s.s.w.c.SecurityContextPersistenceFilter : SecurityContextHolder now cleared, as request processing completed
2019-02-20 09:27:56.755 DEBUG 8252 --- [http-nio-8443-exec-6] o.s.s.w.u.matcher.AntPathRequestMatcher  : Request 'GET /api/tasks/request-step-by-id-and-code' doesn't match 'OPTIONS /**
2019-02-20 09:27:56.755 DEBUG 8252 --- [http-nio-8443-exec-6] o.s.s.w.u.matcher.AntPathRequestMatcher  : Checking match of request : '/api/tasks/request-step-by-id-and-code'; against '/app/**/*.{js,html}'
2019-02-20 09:27:56.756 DEBUG 8252 --- [http-nio-8443-exec-6] o.s.s.w.u.matcher.AntPathRequestMatcher  : Checking match of request : '/api/tasks/request-step-by-id-and-code'; against '/api/authenticate'
2019-02-20 09:27:56.756 DEBUG 8252 --- [http-nio-8443-exec-6] o.s.security.web.FilterChainProxy        : /api/tasks/request-step-by-id-and-code?id=3&code=R at position 1 of 11 in additional filter chain; firing Filter: 'WebAsyncManagerIntegrationFilter'
2019-02-20 09:27:56.757 DEBUG 8252 --- [http-nio-8443-exec-6] o.s.security.web.FilterChainProxy        : /api/tasks/request-step-by-id-and-code?id=3&code=R at position 2 of 11 in additional filter chain; firing Filter: 'SecurityContextPersistenceFilter'
2019-02-20 09:27:56.758 DEBUG 8252 --- [http-nio-8443-exec-6] o.s.security.web.FilterChainProxy        : /api/tasks/request-step-by-id-and-code?id=3&code=R at position 3 of 11 in additional filter chain; firing Filter: 'HeaderWriterFilter'
2019-02-20 09:27:56.758 DEBUG 8252 --- [http-nio-8443-exec-6] o.s.security.web.FilterChainProxy        : /api/tasks/request-step-by-id-and-code?id=3&code=R at position 4 of 11 in additional filter chain; firing Filter: 'LogoutFilter'
2019-02-20 09:27:56.759 DEBUG 8252 --- [http-nio-8443-exec-6] o.s.s.web.util.matcher.OrRequestMatcher  : Trying to match using Ant [pattern='/logout', GET]
2019-02-20 09:27:56.760 DEBUG 8252 --- [http-nio-8443-exec-6] o.s.s.w.u.matcher.AntPathRequestMatcher  : Checking match of request : '/api/tasks/request-step-by-id-and-code'; against '/logout'
2019-02-20 09:27:56.760 DEBUG 8252 --- [http-nio-8443-exec-6] o.s.s.web.util.matcher.OrRequestMatcher  : Trying to match using Ant [pattern='/logout', POST]
2019-02-20 09:27:56.761 DEBUG 8252 --- [http-nio-8443-exec-6] o.s.s.w.u.matcher.AntPathRequestMatcher  : Request 'GET /api/tasks/request-step-by-id-and-code' doesn't match 'POST /logout
2019-02-20 09:27:56.761 DEBUG 8252 --- [http-nio-8443-exec-6] o.s.s.web.util.matcher.OrRequestMatcher  : Trying to match using Ant [pattern='/logout', PUT]
2019-02-20 09:27:56.761 DEBUG 8252 --- [http-nio-8443-exec-6] o.s.s.w.u.matcher.AntPathRequestMatcher  : Request 'GET /api/tasks/request-step-by-id-and-code' doesn't match 'PUT /logout
2019-02-20 09:27:56.761 DEBUG 8252 --- [http-nio-8443-exec-6] o.s.s.web.util.matcher.OrRequestMatcher  : Trying to match using Ant [pattern='/logout', DELETE]
2019-02-20 09:27:56.761 DEBUG 8252 --- [http-nio-8443-exec-6] o.s.s.w.u.matcher.AntPathRequestMatcher  : Request 'GET /api/tasks/request-step-by-id-and-code' doesn't match 'DELETE /logout
2019-02-20 09:27:56.761 DEBUG 8252 --- [http-nio-8443-exec-6] o.s.s.web.util.matcher.OrRequestMatcher  : No matches found
2019-02-20 09:27:56.761 DEBUG 8252 --- [http-nio-8443-exec-6] o.s.security.web.FilterChainProxy        : /api/tasks/request-step-by-id-and-code?id=3&code=R at position 5 of 11 in additional filter chain; firing Filter: 'JWTFilter'
2019-02-20 09:27:56.761 DEBUG 8252 --- [http-nio-8443-exec-6] o.s.security.web.FilterChainProxy        : /api/tasks/request-step-by-id-and-code?id=3&code=R at position 6 of 11 in additional filter chain; firing Filter: 'RequestCacheAwareFilter'
2019-02-20 09:27:56.762 DEBUG 8252 --- [http-nio-8443-exec-6] o.s.security.web.FilterChainProxy        : /api/tasks/request-step-by-id-and-code?id=3&code=R at position 7 of 11 in additional filter chain; firing Filter: 'SecurityContextHolderAwareRequestFilter'
2019-02-20 09:27:56.762 DEBUG 8252 --- [http-nio-8443-exec-6] o.s.security.web.FilterChainProxy        : /api/tasks/request-step-by-id-and-code?id=3&code=R at position 8 of 11 in additional filter chain; firing Filter: 'AnonymousAuthenticationFilter'
2019-02-20 09:27:56.762 DEBUG 8252 --- [http-nio-8443-exec-6] o.s.s.w.a.AnonymousAuthenticationFilter  : Populated SecurityContextHolder with anonymous token: 'org.springframework.security.authentication.AnonymousAuthenticationToken@eaf7a233: Principal: anonymousUser; Credentials: [PROTECTED]; Authenticated: true; Details: org.springframework.security.web.authentication.WebAuthenticationDetails@b364: RemoteIpAddress: 0:0:0:0:0:0:0:1; SessionId: null; Granted Authorities: ROLE_ANONYMOUS'
2019-02-20 09:27:56.762 DEBUG 8252 --- [http-nio-8443-exec-6] o.s.security.web.FilterChainProxy        : /api/tasks/request-step-by-id-and-code?id=3&code=R at position 9 of 11 in additional filter chain; firing Filter: 'SessionManagementFilter'
2019-02-20 09:27:56.763 DEBUG 8252 --- [http-nio-8443-exec-6] o.s.security.web.FilterChainProxy        : /api/tasks/request-step-by-id-and-code?id=3&code=R at position 10 of 11 in additional filter chain; firing Filter: 'ExceptionTranslationFilter'
2019-02-20 09:27:56.763 DEBUG 8252 --- [http-nio-8443-exec-6] o.s.security.web.FilterChainProxy        : /api/tasks/request-step-by-id-and-code?id=3&code=R at position 11 of 11 in additional filter chain; firing Filter: 'FilterSecurityInterceptor'
2019-02-20 09:27:56.763 DEBUG 8252 --- [http-nio-8443-exec-6] o.s.s.w.u.matcher.AntPathRequestMatcher  : Checking match of request : '/api/tasks/request-step-by-id-and-code'; against '/'
2019-02-20 09:27:56.763 DEBUG 8252 --- [http-nio-8443-exec-6] o.s.s.w.u.matcher.AntPathRequestMatcher  : Request 'GET /api/tasks/request-step-by-id-and-code' doesn't match 'OPTIONS /**
2019-02-20 09:27:56.763 DEBUG 8252 --- [http-nio-8443-exec-6] o.s.s.w.u.matcher.AntPathRequestMatcher  : Request 'GET /api/tasks/request-step-by-id-and-code' doesn't match 'POST /api/authenticate
2019-02-20 09:27:56.764 DEBUG 8252 --- [http-nio-8443-exec-1] o.s.s.w.a.ExceptionTranslationFilter     : Chain processed normally
2019-02-20 09:27:56.764 DEBUG 8252 --- [http-nio-8443-exec-6] o.s.s.w.u.matcher.AntPathRequestMatcher  : Checking match of request : '/api/tasks/request-step-by-id-and-code'; against '/api/reset-password'
2019-02-20 09:27:56.764 DEBUG 8252 --- [http-nio-8443-exec-1] s.s.w.c.SecurityContextPersistenceFilter : SecurityContextHolder now cleared, as request processing completed
2019-02-20 09:27:56.764 DEBUG 8252 --- [http-nio-8443-exec-6] o.s.s.w.u.matcher.AntPathRequestMatcher  : Checking match of request : '/api/tasks/request-step-by-id-and-code'; against '/api/**'
2019-02-20 09:27:56.765 DEBUG 8252 --- [http-nio-8443-exec-6] o.s.s.w.a.i.FilterSecurityInterceptor    : Secure object: FilterInvocation: URL: /api/tasks/request-step-by-id-and-code?id=3&code=R; Attributes: [permitAll]
2019-02-20 09:27:56.766 DEBUG 8252 --- [http-nio-8443-exec-6] o.s.s.w.a.i.FilterSecurityInterceptor    : Previously Authenticated: org.springframework.security.authentication.AnonymousAuthenticationToken@eaf7a233: Principal: anonymousUser; Credentials: [PROTECTED]; Authenticated: true; Details: org.springframework.security.web.authentication.WebAuthenticationDetails@b364: RemoteIpAddress: 0:0:0:0:0:0:0:1; SessionId: null; Granted Authorities: ROLE_ANONYMOUS
2019-02-20 09:27:56.767 DEBUG 8252 --- [http-nio-8443-exec-6] o.s.s.access.vote.AffirmativeBased       : Voter: org.springframework.security.web.access.expression.WebExpressionVoter@3922b512, returned: 1
2019-02-20 09:27:56.767 DEBUG 8252 --- [http-nio-8443-exec-6] o.s.s.w.a.i.FilterSecurityInterceptor    : Authorization successful
2019-02-20 09:27:56.767 DEBUG 8252 --- [http-nio-8443-exec-6] o.s.s.w.a.i.FilterSecurityInterceptor    : RunAsManager did not change Authentication object
2019-02-20 09:27:56.768 DEBUG 8252 --- [http-nio-8443-exec-6] o.s.security.web.FilterChainProxy        : /api/tasks/request-step-by-id-and-code?id=3&code=R reached end of additional filter chain; proceeding with original chain
2019-02-20 09:27:56.770 DEBUG 8252 --- [http-nio-8443-exec-6] c.b.a.controller.rest.TasksController    : Get process step by id and code
2019-02-20 09:27:56.772 DEBUG 8252 --- [http-nio-8443-exec-6] org.hibernate.SQL                        : select registrati0_.id as id1_155_, registrati0_.available_doc_types as availabl2_155_, registrati0_.code as code3_155_, registrati0_.description as descript4_155_, registrati0_.navigation_url as navigati5_155_, registrati0_.output_doc_types as output_d6_155_, registrati0_.request_type_id as request_7_155_ from registration_request_steps registrati0_ where registrati0_.request_type_id=? and registrati0_.code=?
2019-02-20 09:27:56.776 DEBUG 8252 --- [http-nio-8443-exec-10] o.s.s.w.u.matcher.AntPathRequestMatcher  : Request 'GET /api/administration/all-doc-types' doesn't match 'OPTIONS /**
2019-02-20 09:27:56.776 DEBUG 8252 --- [http-nio-8443-exec-10] o.s.s.w.u.matcher.AntPathRequestMatcher  : Checking match of request : '/api/administration/all-doc-types'; against '/app/**/*.{js,html}'
2019-02-20 09:27:56.776 DEBUG 8252 --- [http-nio-8443-exec-10] o.s.s.w.u.matcher.AntPathRequestMatcher  : Checking match of request : '/api/administration/all-doc-types'; against '/api/authenticate'
2019-02-20 09:27:56.776 DEBUG 8252 --- [http-nio-8443-exec-10] o.s.security.web.FilterChainProxy        : /api/administration/all-doc-types at position 1 of 11 in additional filter chain; firing Filter: 'WebAsyncManagerIntegrationFilter'
2019-02-20 09:27:56.777 DEBUG 8252 --- [http-nio-8443-exec-6] o.s.s.w.a.ExceptionTranslationFilter     : Chain processed normally
2019-02-20 09:27:56.777 DEBUG 8252 --- [http-nio-8443-exec-6] s.s.w.c.SecurityContextPersistenceFilter : SecurityContextHolder now cleared, as request processing completed
2019-02-20 09:27:56.777 DEBUG 8252 --- [http-nio-8443-exec-10] o.s.security.web.FilterChainProxy        : /api/administration/all-doc-types at position 2 of 11 in additional filter chain; firing Filter: 'SecurityContextPersistenceFilter'
2019-02-20 09:27:56.780 DEBUG 8252 --- [http-nio-8443-exec-10] o.s.security.web.FilterChainProxy        : /api/administration/all-doc-types at position 3 of 11 in additional filter chain; firing Filter: 'HeaderWriterFilter'
2019-02-20 09:27:56.780 DEBUG 8252 --- [http-nio-8443-exec-10] o.s.security.web.FilterChainProxy        : /api/administration/all-doc-types at position 4 of 11 in additional filter chain; firing Filter: 'LogoutFilter'
2019-02-20 09:27:56.781 DEBUG 8252 --- [http-nio-8443-exec-10] o.s.s.web.util.matcher.OrRequestMatcher  : Trying to match using Ant [pattern='/logout', GET]
2019-02-20 09:27:56.781 DEBUG 8252 --- [http-nio-8443-exec-10] o.s.s.w.u.matcher.AntPathRequestMatcher  : Checking match of request : '/api/administration/all-doc-types'; against '/logout'
2019-02-20 09:27:56.781 DEBUG 8252 --- [http-nio-8443-exec-10] o.s.s.web.util.matcher.OrRequestMatcher  : Trying to match using Ant [pattern='/logout', POST]
2019-02-20 09:27:56.782 DEBUG 8252 --- [http-nio-8443-exec-10] o.s.s.w.u.matcher.AntPathRequestMatcher  : Request 'GET /api/administration/all-doc-types' doesn't match 'POST /logout
2019-02-20 09:27:56.782 DEBUG 8252 --- [http-nio-8443-exec-10] o.s.s.web.util.matcher.OrRequestMatcher  : Trying to match using Ant [pattern='/logout', PUT]
2019-02-20 09:27:56.782 DEBUG 8252 --- [http-nio-8443-exec-10] o.s.s.w.u.matcher.AntPathRequestMatcher  : Request 'GET /api/administration/all-doc-types' doesn't match 'PUT /logout
2019-02-20 09:27:56.782 DEBUG 8252 --- [http-nio-8443-exec-10] o.s.s.web.util.matcher.OrRequestMatcher  : Trying to match using Ant [pattern='/logout', DELETE]
2019-02-20 09:27:56.783 DEBUG 8252 --- [http-nio-8443-exec-10] o.s.s.w.u.matcher.AntPathRequestMatcher  : Request 'GET /api/administration/all-doc-types' doesn't match 'DELETE /logout
2019-02-20 09:27:56.783 DEBUG 8252 --- [http-nio-8443-exec-10] o.s.s.web.util.matcher.OrRequestMatcher  : No matches found
2019-02-20 09:27:56.783 DEBUG 8252 --- [http-nio-8443-exec-10] o.s.security.web.FilterChainProxy        : /api/administration/all-doc-types at position 5 of 11 in additional filter chain; firing Filter: 'JWTFilter'
2019-02-20 09:27:56.783 DEBUG 8252 --- [http-nio-8443-exec-10] o.s.security.web.FilterChainProxy        : /api/administration/all-doc-types at position 6 of 11 in additional filter chain; firing Filter: 'RequestCacheAwareFilter'
2019-02-20 09:27:56.784 DEBUG 8252 --- [http-nio-8443-exec-10] o.s.security.web.FilterChainProxy        : /api/administration/all-doc-types at position 7 of 11 in additional filter chain; firing Filter: 'SecurityContextHolderAwareRequestFilter'
2019-02-20 09:27:56.784 DEBUG 8252 --- [http-nio-8443-exec-10] o.s.security.web.FilterChainProxy        : /api/administration/all-doc-types at position 8 of 11 in additional filter chain; firing Filter: 'AnonymousAuthenticationFilter'
2019-02-20 09:27:56.784 DEBUG 8252 --- [http-nio-8443-exec-10] o.s.s.w.a.AnonymousAuthenticationFilter  : Populated SecurityContextHolder with anonymous token: 'org.springframework.security.authentication.AnonymousAuthenticationToken@eaf7a233: Principal: anonymousUser; Credentials: [PROTECTED]; Authenticated: true; Details: org.springframework.security.web.authentication.WebAuthenticationDetails@b364: RemoteIpAddress: 0:0:0:0:0:0:0:1; SessionId: null; Granted Authorities: ROLE_ANONYMOUS'
2019-02-20 09:27:56.785 DEBUG 8252 --- [http-nio-8443-exec-10] o.s.security.web.FilterChainProxy        : /api/administration/all-doc-types at position 9 of 11 in additional filter chain; firing Filter: 'SessionManagementFilter'
2019-02-20 09:27:56.785 DEBUG 8252 --- [http-nio-8443-exec-10] o.s.security.web.FilterChainProxy        : /api/administration/all-doc-types at position 10 of 11 in additional filter chain; firing Filter: 'ExceptionTranslationFilter'
2019-02-20 09:27:56.790 DEBUG 8252 --- [http-nio-8443-exec-10] o.s.security.web.FilterChainProxy        : /api/administration/all-doc-types at position 11 of 11 in additional filter chain; firing Filter: 'FilterSecurityInterceptor'
2019-02-20 09:27:56.791 DEBUG 8252 --- [http-nio-8443-exec-10] o.s.s.w.u.matcher.AntPathRequestMatcher  : Checking match of request : '/api/administration/all-doc-types'; against '/'
2019-02-20 09:27:56.799 DEBUG 8252 --- [http-nio-8443-exec-10] o.s.s.w.u.matcher.AntPathRequestMatcher  : Request 'GET /api/administration/all-doc-types' doesn't match 'OPTIONS /**
2019-02-20 09:27:56.800 DEBUG 8252 --- [http-nio-8443-exec-10] o.s.s.w.u.matcher.AntPathRequestMatcher  : Request 'GET /api/administration/all-doc-types' doesn't match 'POST /api/authenticate
2019-02-20 09:27:56.801 DEBUG 8252 --- [http-nio-8443-exec-10] o.s.s.w.u.matcher.AntPathRequestMatcher  : Checking match of request : '/api/administration/all-doc-types'; against '/api/reset-password'
2019-02-20 09:27:56.801 DEBUG 8252 --- [http-nio-8443-exec-10] o.s.s.w.u.matcher.AntPathRequestMatcher  : Checking match of request : '/api/administration/all-doc-types'; against '/api/**'
2019-02-20 09:27:56.802 DEBUG 8252 --- [http-nio-8443-exec-10] o.s.s.w.a.i.FilterSecurityInterceptor    : Secure object: FilterInvocation: URL: /api/administration/all-doc-types; Attributes: [permitAll]
2019-02-20 09:27:56.802 DEBUG 8252 --- [http-nio-8443-exec-10] o.s.s.w.a.i.FilterSecurityInterceptor    : Previously Authenticated: org.springframework.security.authentication.AnonymousAuthenticationToken@eaf7a233: Principal: anonymousUser; Credentials: [PROTECTED]; Authenticated: true; Details: org.springframework.security.web.authentication.WebAuthenticationDetails@b364: RemoteIpAddress: 0:0:0:0:0:0:0:1; SessionId: null; Granted Authorities: ROLE_ANONYMOUS
2019-02-20 09:27:56.803 DEBUG 8252 --- [http-nio-8443-exec-10] o.s.s.access.vote.AffirmativeBased       : Voter: org.springframework.security.web.access.expression.WebExpressionVoter@3922b512, returned: 1
2019-02-20 09:27:56.803 DEBUG 8252 --- [http-nio-8443-exec-10] o.s.s.w.a.i.FilterSecurityInterceptor    : Authorization successful
2019-02-20 09:27:56.803 DEBUG 8252 --- [http-nio-8443-exec-10] o.s.s.w.a.i.FilterSecurityInterceptor    : RunAsManager did not change Authentication object
2019-02-20 09:27:56.804 DEBUG 8252 --- [http-nio-8443-exec-10] o.s.security.web.FilterChainProxy        : /api/administration/all-doc-types reached end of additional filter chain; proceeding with original chain
2019-02-20 09:27:56.805 DEBUG 8252 --- [http-nio-8443-exec-10] c.b.a.c.rest.AdministrationController    : Retrieve all doc types
2019-02-20 09:27:56.844 DEBUG 8252 --- [http-nio-8443-exec-10] org.hibernate.SQL                        : select nmdocument0_.id as id1_97_, nmdocument0_.category as category2_97_, nmdocument0_.description as descript3_97_, nmdocument0_.need_date as need_dat4_97_, nmdocument0_.need_doc_nr as need_doc5_97_ from nm_document_types nmdocument0_
2019-02-20 09:27:56.850 DEBUG 8252 --- [http-nio-8443-exec-10] o.s.s.w.a.ExceptionTranslationFilter     : Chain processed normally
2019-02-20 09:27:56.850 DEBUG 8252 --- [http-nio-8443-exec-10] s.s.w.c.SecurityContextPersistenceFilter : SecurityContextHolder now cleared, as request processing completed
2019-02-20 09:27:56.855 DEBUG 8252 --- [http-nio-8443-exec-7] o.s.s.w.u.matcher.AntPathRequestMatcher  : Request 'GET /api/administration/all-doc-types' doesn't match 'OPTIONS /**
2019-02-20 09:27:56.855 DEBUG 8252 --- [http-nio-8443-exec-7] o.s.s.w.u.matcher.AntPathRequestMatcher  : Checking match of request : '/api/administration/all-doc-types'; against '/app/**/*.{js,html}'
2019-02-20 09:27:56.855 DEBUG 8252 --- [http-nio-8443-exec-7] o.s.s.w.u.matcher.AntPathRequestMatcher  : Checking match of request : '/api/administration/all-doc-types'; against '/api/authenticate'
2019-02-20 09:27:56.856 DEBUG 8252 --- [http-nio-8443-exec-7] o.s.security.web.FilterChainProxy        : /api/administration/all-doc-types at position 1 of 11 in additional filter chain; firing Filter: 'WebAsyncManagerIntegrationFilter'
2019-02-20 09:27:56.857 DEBUG 8252 --- [http-nio-8443-exec-7] o.s.security.web.FilterChainProxy        : /api/administration/all-doc-types at position 2 of 11 in additional filter chain; firing Filter: 'SecurityContextPersistenceFilter'
2019-02-20 09:27:56.857 DEBUG 8252 --- [http-nio-8443-exec-7] o.s.security.web.FilterChainProxy        : /api/administration/all-doc-types at position 3 of 11 in additional filter chain; firing Filter: 'HeaderWriterFilter'
2019-02-20 09:27:56.857 DEBUG 8252 --- [http-nio-8443-exec-7] o.s.security.web.FilterChainProxy        : /api/administration/all-doc-types at position 4 of 11 in additional filter chain; firing Filter: 'LogoutFilter'
2019-02-20 09:27:56.857 DEBUG 8252 --- [http-nio-8443-exec-7] o.s.s.web.util.matcher.OrRequestMatcher  : Trying to match using Ant [pattern='/logout', GET]
2019-02-20 09:27:56.858 DEBUG 8252 --- [http-nio-8443-exec-7] o.s.s.w.u.matcher.AntPathRequestMatcher  : Checking match of request : '/api/administration/all-doc-types'; against '/logout'
2019-02-20 09:27:56.859 DEBUG 8252 --- [http-nio-8443-exec-7] o.s.s.web.util.matcher.OrRequestMatcher  : Trying to match using Ant [pattern='/logout', POST]
2019-02-20 09:27:56.859 DEBUG 8252 --- [http-nio-8443-exec-7] o.s.s.w.u.matcher.AntPathRequestMatcher  : Request 'GET /api/administration/all-doc-types' doesn't match 'POST /logout
2019-02-20 09:27:56.859 DEBUG 8252 --- [http-nio-8443-exec-7] o.s.s.web.util.matcher.OrRequestMatcher  : Trying to match using Ant [pattern='/logout', PUT]
2019-02-20 09:27:56.860 DEBUG 8252 --- [http-nio-8443-exec-7] o.s.s.w.u.matcher.AntPathRequestMatcher  : Request 'GET /api/administration/all-doc-types' doesn't match 'PUT /logout
2019-02-20 09:27:56.863 DEBUG 8252 --- [http-nio-8443-exec-7] o.s.s.web.util.matcher.OrRequestMatcher  : Trying to match using Ant [pattern='/logout', DELETE]
2019-02-20 09:27:56.864 DEBUG 8252 --- [http-nio-8443-exec-7] o.s.s.w.u.matcher.AntPathRequestMatcher  : Request 'GET /api/administration/all-doc-types' doesn't match 'DELETE /logout
2019-02-20 09:27:56.864 DEBUG 8252 --- [http-nio-8443-exec-7] o.s.s.web.util.matcher.OrRequestMatcher  : No matches found
2019-02-20 09:27:56.864 DEBUG 8252 --- [http-nio-8443-exec-7] o.s.security.web.FilterChainProxy        : /api/administration/all-doc-types at position 5 of 11 in additional filter chain; firing Filter: 'JWTFilter'
2019-02-20 09:27:56.864 DEBUG 8252 --- [http-nio-8443-exec-7] o.s.security.web.FilterChainProxy        : /api/administration/all-doc-types at position 6 of 11 in additional filter chain; firing Filter: 'RequestCacheAwareFilter'
2019-02-20 09:27:56.864 DEBUG 8252 --- [http-nio-8443-exec-7] o.s.security.web.FilterChainProxy        : /api/administration/all-doc-types at position 7 of 11 in additional filter chain; firing Filter: 'SecurityContextHolderAwareRequestFilter'
2019-02-20 09:27:56.865 DEBUG 8252 --- [http-nio-8443-exec-7] o.s.security.web.FilterChainProxy        : /api/administration/all-doc-types at position 8 of 11 in additional filter chain; firing Filter: 'AnonymousAuthenticationFilter'
2019-02-20 09:27:56.865 DEBUG 8252 --- [http-nio-8443-exec-7] o.s.s.w.a.AnonymousAuthenticationFilter  : Populated SecurityContextHolder with anonymous token: 'org.springframework.security.authentication.AnonymousAuthenticationToken@eaf7a233: Principal: anonymousUser; Credentials: [PROTECTED]; Authenticated: true; Details: org.springframework.security.web.authentication.WebAuthenticationDetails@b364: RemoteIpAddress: 0:0:0:0:0:0:0:1; SessionId: null; Granted Authorities: ROLE_ANONYMOUS'
2019-02-20 09:27:56.866 DEBUG 8252 --- [http-nio-8443-exec-7] o.s.security.web.FilterChainProxy        : /api/administration/all-doc-types at position 9 of 11 in additional filter chain; firing Filter: 'SessionManagementFilter'
2019-02-20 09:27:56.866 DEBUG 8252 --- [http-nio-8443-exec-7] o.s.security.web.FilterChainProxy        : /api/administration/all-doc-types at position 10 of 11 in additional filter chain; firing Filter: 'ExceptionTranslationFilter'
2019-02-20 09:27:56.866 DEBUG 8252 --- [http-nio-8443-exec-7] o.s.security.web.FilterChainProxy        : /api/administration/all-doc-types at position 11 of 11 in additional filter chain; firing Filter: 'FilterSecurityInterceptor'
2019-02-20 09:27:56.867 DEBUG 8252 --- [http-nio-8443-exec-7] o.s.s.w.u.matcher.AntPathRequestMatcher  : Checking match of request : '/api/administration/all-doc-types'; against '/'
2019-02-20 09:27:56.867 DEBUG 8252 --- [http-nio-8443-exec-7] o.s.s.w.u.matcher.AntPathRequestMatcher  : Request 'GET /api/administration/all-doc-types' doesn't match 'OPTIONS /**
2019-02-20 09:27:56.869 DEBUG 8252 --- [http-nio-8443-exec-7] o.s.s.w.u.matcher.AntPathRequestMatcher  : Request 'GET /api/administration/all-doc-types' doesn't match 'POST /api/authenticate
2019-02-20 09:27:56.870 DEBUG 8252 --- [http-nio-8443-exec-7] o.s.s.w.u.matcher.AntPathRequestMatcher  : Checking match of request : '/api/administration/all-doc-types'; against '/api/reset-password'
2019-02-20 09:27:56.870 DEBUG 8252 --- [http-nio-8443-exec-7] o.s.s.w.u.matcher.AntPathRequestMatcher  : Checking match of request : '/api/administration/all-doc-types'; against '/api/**'
2019-02-20 09:27:56.870 DEBUG 8252 --- [http-nio-8443-exec-7] o.s.s.w.a.i.FilterSecurityInterceptor    : Secure object: FilterInvocation: URL: /api/administration/all-doc-types; Attributes: [permitAll]
2019-02-20 09:27:56.870 DEBUG 8252 --- [http-nio-8443-exec-7] o.s.s.w.a.i.FilterSecurityInterceptor    : Previously Authenticated: org.springframework.security.authentication.AnonymousAuthenticationToken@eaf7a233: Principal: anonymousUser; Credentials: [PROTECTED]; Authenticated: true; Details: org.springframework.security.web.authentication.WebAuthenticationDetails@b364: RemoteIpAddress: 0:0:0:0:0:0:0:1; SessionId: null; Granted Authorities: ROLE_ANONYMOUS
2019-02-20 09:27:56.871 DEBUG 8252 --- [http-nio-8443-exec-7] o.s.s.access.vote.AffirmativeBased       : Voter: org.springframework.security.web.access.expression.WebExpressionVoter@3922b512, returned: 1
2019-02-20 09:27:56.872 DEBUG 8252 --- [http-nio-8443-exec-7] o.s.s.w.a.i.FilterSecurityInterceptor    : Authorization successful
2019-02-20 09:27:56.872 DEBUG 8252 --- [http-nio-8443-exec-7] o.s.s.w.a.i.FilterSecurityInterceptor    : RunAsManager did not change Authentication object
2019-02-20 09:27:56.872 DEBUG 8252 --- [http-nio-8443-exec-7] o.s.security.web.FilterChainProxy        : /api/administration/all-doc-types reached end of additional filter chain; proceeding with original chain
2019-02-20 09:27:56.873 DEBUG 8252 --- [http-nio-8443-exec-7] c.b.a.c.rest.AdministrationController    : Retrieve all doc types
2019-02-20 09:27:56.875 DEBUG 8252 --- [http-nio-8443-exec-7] org.hibernate.SQL                        : select nmdocument0_.id as id1_97_, nmdocument0_.category as category2_97_, nmdocument0_.description as descript3_97_, nmdocument0_.need_date as need_dat4_97_, nmdocument0_.need_doc_nr as need_doc5_97_ from nm_document_types nmdocument0_
2019-02-20 09:27:56.882 DEBUG 8252 --- [http-nio-8443-exec-7] o.s.s.w.a.ExceptionTranslationFilter     : Chain processed normally
2019-02-20 09:27:56.882 DEBUG 8252 --- [http-nio-8443-exec-7] s.s.w.c.SecurityContextPersistenceFilter : SecurityContextHolder now cleared, as request processing completed
2019-02-20 09:27:57.068 DEBUG 8252 --- [http-nio-8443-exec-4] org.hibernate.SQL                        : insert into doc_numbers (code) values (?)
2019-02-20 09:27:57.204 DEBUG 8252 --- [http-nio-8443-exec-4] o.s.s.w.a.ExceptionTranslationFilter     : Chain processed normally
2019-02-20 09:27:57.204 DEBUG 8252 --- [http-nio-8443-exec-4] s.s.w.c.SecurityContextPersistenceFilter : SecurityContextHolder now cleared, as request processing completed
2019-02-20 09:27:57.207 DEBUG 8252 --- [http-nio-8443-exec-3] o.s.s.w.u.matcher.AntPathRequestMatcher  : Request 'GET /api/administration/generate-doc-nr' doesn't match 'OPTIONS /**
2019-02-20 09:27:57.207 DEBUG 8252 --- [http-nio-8443-exec-3] o.s.s.w.u.matcher.AntPathRequestMatcher  : Checking match of request : '/api/administration/generate-doc-nr'; against '/app/**/*.{js,html}'
2019-02-20 09:27:57.207 DEBUG 8252 --- [http-nio-8443-exec-3] o.s.s.w.u.matcher.AntPathRequestMatcher  : Checking match of request : '/api/administration/generate-doc-nr'; against '/api/authenticate'
2019-02-20 09:27:57.207 DEBUG 8252 --- [http-nio-8443-exec-3] o.s.security.web.FilterChainProxy        : /api/administration/generate-doc-nr at position 1 of 11 in additional filter chain; firing Filter: 'WebAsyncManagerIntegrationFilter'
2019-02-20 09:27:57.208 DEBUG 8252 --- [http-nio-8443-exec-3] o.s.security.web.FilterChainProxy        : /api/administration/generate-doc-nr at position 2 of 11 in additional filter chain; firing Filter: 'SecurityContextPersistenceFilter'
2019-02-20 09:27:57.208 DEBUG 8252 --- [http-nio-8443-exec-3] o.s.security.web.FilterChainProxy        : /api/administration/generate-doc-nr at position 3 of 11 in additional filter chain; firing Filter: 'HeaderWriterFilter'
2019-02-20 09:27:57.208 DEBUG 8252 --- [http-nio-8443-exec-3] o.s.security.web.FilterChainProxy        : /api/administration/generate-doc-nr at position 4 of 11 in additional filter chain; firing Filter: 'LogoutFilter'
2019-02-20 09:27:57.208 DEBUG 8252 --- [http-nio-8443-exec-3] o.s.s.web.util.matcher.OrRequestMatcher  : Trying to match using Ant [pattern='/logout', GET]
2019-02-20 09:27:57.209 DEBUG 8252 --- [http-nio-8443-exec-3] o.s.s.w.u.matcher.AntPathRequestMatcher  : Checking match of request : '/api/administration/generate-doc-nr'; against '/logout'
2019-02-20 09:27:57.209 DEBUG 8252 --- [http-nio-8443-exec-3] o.s.s.web.util.matcher.OrRequestMatcher  : Trying to match using Ant [pattern='/logout', POST]
2019-02-20 09:27:57.209 DEBUG 8252 --- [http-nio-8443-exec-3] o.s.s.w.u.matcher.AntPathRequestMatcher  : Request 'GET /api/administration/generate-doc-nr' doesn't match 'POST /logout
2019-02-20 09:27:57.209 DEBUG 8252 --- [http-nio-8443-exec-3] o.s.s.web.util.matcher.OrRequestMatcher  : Trying to match using Ant [pattern='/logout', PUT]
2019-02-20 09:27:57.210 DEBUG 8252 --- [http-nio-8443-exec-3] o.s.s.w.u.matcher.AntPathRequestMatcher  : Request 'GET /api/administration/generate-doc-nr' doesn't match 'PUT /logout
2019-02-20 09:27:57.210 DEBUG 8252 --- [http-nio-8443-exec-3] o.s.s.web.util.matcher.OrRequestMatcher  : Trying to match using Ant [pattern='/logout', DELETE]
2019-02-20 09:27:57.211 DEBUG 8252 --- [http-nio-8443-exec-3] o.s.s.w.u.matcher.AntPathRequestMatcher  : Request 'GET /api/administration/generate-doc-nr' doesn't match 'DELETE /logout
2019-02-20 09:27:57.211 DEBUG 8252 --- [http-nio-8443-exec-3] o.s.s.web.util.matcher.OrRequestMatcher  : No matches found
2019-02-20 09:27:57.212 DEBUG 8252 --- [http-nio-8443-exec-3] o.s.security.web.FilterChainProxy        : /api/administration/generate-doc-nr at position 5 of 11 in additional filter chain; firing Filter: 'JWTFilter'
2019-02-20 09:27:57.212 DEBUG 8252 --- [http-nio-8443-exec-3] o.s.security.web.FilterChainProxy        : /api/administration/generate-doc-nr at position 6 of 11 in additional filter chain; firing Filter: 'RequestCacheAwareFilter'
2019-02-20 09:27:57.212 DEBUG 8252 --- [http-nio-8443-exec-3] o.s.security.web.FilterChainProxy        : /api/administration/generate-doc-nr at position 7 of 11 in additional filter chain; firing Filter: 'SecurityContextHolderAwareRequestFilter'
2019-02-20 09:27:57.212 DEBUG 8252 --- [http-nio-8443-exec-3] o.s.security.web.FilterChainProxy        : /api/administration/generate-doc-nr at position 8 of 11 in additional filter chain; firing Filter: 'AnonymousAuthenticationFilter'
2019-02-20 09:27:57.213 DEBUG 8252 --- [http-nio-8443-exec-3] o.s.s.w.a.AnonymousAuthenticationFilter  : Populated SecurityContextHolder with anonymous token: 'org.springframework.security.authentication.AnonymousAuthenticationToken@eaf7a233: Principal: anonymousUser; Credentials: [PROTECTED]; Authenticated: true; Details: org.springframework.security.web.authentication.WebAuthenticationDetails@b364: RemoteIpAddress: 0:0:0:0:0:0:0:1; SessionId: null; Granted Authorities: ROLE_ANONYMOUS'
2019-02-20 09:27:57.213 DEBUG 8252 --- [http-nio-8443-exec-3] o.s.security.web.FilterChainProxy        : /api/administration/generate-doc-nr at position 9 of 11 in additional filter chain; firing Filter: 'SessionManagementFilter'
2019-02-20 09:27:57.214 DEBUG 8252 --- [http-nio-8443-exec-3] o.s.security.web.FilterChainProxy        : /api/administration/generate-doc-nr at position 10 of 11 in additional filter chain; firing Filter: 'ExceptionTranslationFilter'
2019-02-20 09:27:57.214 DEBUG 8252 --- [http-nio-8443-exec-3] o.s.security.web.FilterChainProxy        : /api/administration/generate-doc-nr at position 11 of 11 in additional filter chain; firing Filter: 'FilterSecurityInterceptor'
2019-02-20 09:27:57.214 DEBUG 8252 --- [http-nio-8443-exec-3] o.s.s.w.u.matcher.AntPathRequestMatcher  : Checking match of request : '/api/administration/generate-doc-nr'; against '/'
2019-02-20 09:27:57.215 DEBUG 8252 --- [http-nio-8443-exec-3] o.s.s.w.u.matcher.AntPathRequestMatcher  : Request 'GET /api/administration/generate-doc-nr' doesn't match 'OPTIONS /**
2019-02-20 09:27:57.215 DEBUG 8252 --- [http-nio-8443-exec-3] o.s.s.w.u.matcher.AntPathRequestMatcher  : Request 'GET /api/administration/generate-doc-nr' doesn't match 'POST /api/authenticate
2019-02-20 09:27:57.215 DEBUG 8252 --- [http-nio-8443-exec-3] o.s.s.w.u.matcher.AntPathRequestMatcher  : Checking match of request : '/api/administration/generate-doc-nr'; against '/api/reset-password'
2019-02-20 09:27:57.216 DEBUG 8252 --- [http-nio-8443-exec-3] o.s.s.w.u.matcher.AntPathRequestMatcher  : Checking match of request : '/api/administration/generate-doc-nr'; against '/api/**'
2019-02-20 09:27:57.217 DEBUG 8252 --- [http-nio-8443-exec-3] o.s.s.w.a.i.FilterSecurityInterceptor    : Secure object: FilterInvocation: URL: /api/administration/generate-doc-nr; Attributes: [permitAll]
2019-02-20 09:27:57.218 DEBUG 8252 --- [http-nio-8443-exec-3] o.s.s.w.a.i.FilterSecurityInterceptor    : Previously Authenticated: org.springframework.security.authentication.AnonymousAuthenticationToken@eaf7a233: Principal: anonymousUser; Credentials: [PROTECTED]; Authenticated: true; Details: org.springframework.security.web.authentication.WebAuthenticationDetails@b364: RemoteIpAddress: 0:0:0:0:0:0:0:1; SessionId: null; Granted Authorities: ROLE_ANONYMOUS
2019-02-20 09:27:57.218 DEBUG 8252 --- [http-nio-8443-exec-3] o.s.s.access.vote.AffirmativeBased       : Voter: org.springframework.security.web.access.expression.WebExpressionVoter@3922b512, returned: 1
2019-02-20 09:27:57.218 DEBUG 8252 --- [http-nio-8443-exec-3] o.s.s.w.a.i.FilterSecurityInterceptor    : Authorization successful
2019-02-20 09:27:57.220 DEBUG 8252 --- [http-nio-8443-exec-3] o.s.s.w.a.i.FilterSecurityInterceptor    : RunAsManager did not change Authentication object
2019-02-20 09:27:57.220 DEBUG 8252 --- [http-nio-8443-exec-3] o.s.security.web.FilterChainProxy        : /api/administration/generate-doc-nr reached end of additional filter chain; proceeding with original chain
2019-02-20 09:27:57.222 DEBUG 8252 --- [http-nio-8443-exec-3] org.hibernate.SQL                        : insert into doc_numbers (code) values (?)
2019-02-20 09:27:57.226 DEBUG 8252 --- [http-nio-8443-exec-3] o.s.s.w.a.ExceptionTranslationFilter     : Chain processed normally
2019-02-20 09:27:57.226 DEBUG 8252 --- [http-nio-8443-exec-3] s.s.w.c.SecurityContextPersistenceFilter : SecurityContextHolder now cleared, as request processing completed
2019-02-20 09:28:08.882 DEBUG 8252 --- [http-nio-8443-exec-9] o.s.s.w.u.matcher.AntPathRequestMatcher  : Request 'GET /api/tasks/request-names' doesn't match 'OPTIONS /**
2019-02-20 09:28:08.882 DEBUG 8252 --- [http-nio-8443-exec-1] o.s.s.w.u.matcher.AntPathRequestMatcher  : Request 'GET /api/tasks/request-register-catalog-codes' doesn't match 'OPTIONS /**
2019-02-20 09:28:08.883 DEBUG 8252 --- [http-nio-8443-exec-9] o.s.s.w.u.matcher.AntPathRequestMatcher  : Checking match of request : '/api/tasks/request-names'; against '/app/**/*.{js,html}'
2019-02-20 09:28:08.883 DEBUG 8252 --- [http-nio-8443-exec-1] o.s.s.w.u.matcher.AntPathRequestMatcher  : Checking match of request : '/api/tasks/request-register-catalog-codes'; against '/app/**/*.{js,html}'
2019-02-20 09:28:08.883 DEBUG 8252 --- [http-nio-8443-exec-1] o.s.s.w.u.matcher.AntPathRequestMatcher  : Checking match of request : '/api/tasks/request-register-catalog-codes'; against '/api/authenticate'
2019-02-20 09:28:08.883 DEBUG 8252 --- [http-nio-8443-exec-9] o.s.s.w.u.matcher.AntPathRequestMatcher  : Checking match of request : '/api/tasks/request-names'; against '/api/authenticate'
2019-02-20 09:28:08.883 DEBUG 8252 --- [http-nio-8443-exec-1] o.s.security.web.FilterChainProxy        : /api/tasks/request-register-catalog-codes at position 1 of 11 in additional filter chain; firing Filter: 'WebAsyncManagerIntegrationFilter'
2019-02-20 09:28:08.884 DEBUG 8252 --- [http-nio-8443-exec-9] o.s.security.web.FilterChainProxy        : /api/tasks/request-names at position 1 of 11 in additional filter chain; firing Filter: 'WebAsyncManagerIntegrationFilter'
2019-02-20 09:28:08.884 DEBUG 8252 --- [http-nio-8443-exec-1] o.s.security.web.FilterChainProxy        : /api/tasks/request-register-catalog-codes at position 2 of 11 in additional filter chain; firing Filter: 'SecurityContextPersistenceFilter'
2019-02-20 09:28:08.884 DEBUG 8252 --- [http-nio-8443-exec-9] o.s.security.web.FilterChainProxy        : /api/tasks/request-names at position 2 of 11 in additional filter chain; firing Filter: 'SecurityContextPersistenceFilter'
2019-02-20 09:28:08.884 DEBUG 8252 --- [http-nio-8443-exec-9] o.s.security.web.FilterChainProxy        : /api/tasks/request-names at position 3 of 11 in additional filter chain; firing Filter: 'HeaderWriterFilter'
2019-02-20 09:28:08.884 DEBUG 8252 --- [http-nio-8443-exec-1] o.s.security.web.FilterChainProxy        : /api/tasks/request-register-catalog-codes at position 3 of 11 in additional filter chain; firing Filter: 'HeaderWriterFilter'
2019-02-20 09:28:08.884 DEBUG 8252 --- [http-nio-8443-exec-1] o.s.security.web.FilterChainProxy        : /api/tasks/request-register-catalog-codes at position 4 of 11 in additional filter chain; firing Filter: 'LogoutFilter'
2019-02-20 09:28:08.884 DEBUG 8252 --- [http-nio-8443-exec-9] o.s.security.web.FilterChainProxy        : /api/tasks/request-names at position 4 of 11 in additional filter chain; firing Filter: 'LogoutFilter'
2019-02-20 09:28:08.884 DEBUG 8252 --- [http-nio-8443-exec-1] o.s.s.web.util.matcher.OrRequestMatcher  : Trying to match using Ant [pattern='/logout', GET]
2019-02-20 09:28:08.885 DEBUG 8252 --- [http-nio-8443-exec-9] o.s.s.web.util.matcher.OrRequestMatcher  : Trying to match using Ant [pattern='/logout', GET]
2019-02-20 09:28:08.885 DEBUG 8252 --- [http-nio-8443-exec-9] o.s.s.w.u.matcher.AntPathRequestMatcher  : Checking match of request : '/api/tasks/request-names'; against '/logout'
2019-02-20 09:28:08.885 DEBUG 8252 --- [http-nio-8443-exec-1] o.s.s.w.u.matcher.AntPathRequestMatcher  : Checking match of request : '/api/tasks/request-register-catalog-codes'; against '/logout'
2019-02-20 09:28:08.886 DEBUG 8252 --- [http-nio-8443-exec-9] o.s.s.web.util.matcher.OrRequestMatcher  : Trying to match using Ant [pattern='/logout', POST]
2019-02-20 09:28:08.886 DEBUG 8252 --- [http-nio-8443-exec-1] o.s.s.web.util.matcher.OrRequestMatcher  : Trying to match using Ant [pattern='/logout', POST]
2019-02-20 09:28:08.886 DEBUG 8252 --- [http-nio-8443-exec-9] o.s.s.w.u.matcher.AntPathRequestMatcher  : Request 'GET /api/tasks/request-names' doesn't match 'POST /logout
2019-02-20 09:28:08.886 DEBUG 8252 --- [http-nio-8443-exec-1] o.s.s.w.u.matcher.AntPathRequestMatcher  : Request 'GET /api/tasks/request-register-catalog-codes' doesn't match 'POST /logout
2019-02-20 09:28:08.886 DEBUG 8252 --- [http-nio-8443-exec-1] o.s.s.web.util.matcher.OrRequestMatcher  : Trying to match using Ant [pattern='/logout', PUT]
2019-02-20 09:28:08.886 DEBUG 8252 --- [http-nio-8443-exec-9] o.s.s.web.util.matcher.OrRequestMatcher  : Trying to match using Ant [pattern='/logout', PUT]
2019-02-20 09:28:08.886 DEBUG 8252 --- [http-nio-8443-exec-9] o.s.s.w.u.matcher.AntPathRequestMatcher  : Request 'GET /api/tasks/request-names' doesn't match 'PUT /logout
2019-02-20 09:28:08.886 DEBUG 8252 --- [http-nio-8443-exec-9] o.s.s.web.util.matcher.OrRequestMatcher  : Trying to match using Ant [pattern='/logout', DELETE]
2019-02-20 09:28:08.887 DEBUG 8252 --- [http-nio-8443-exec-9] o.s.s.w.u.matcher.AntPathRequestMatcher  : Request 'GET /api/tasks/request-names' doesn't match 'DELETE /logout
2019-02-20 09:28:08.887 DEBUG 8252 --- [http-nio-8443-exec-9] o.s.s.web.util.matcher.OrRequestMatcher  : No matches found
2019-02-20 09:28:08.886 DEBUG 8252 --- [http-nio-8443-exec-1] o.s.s.w.u.matcher.AntPathRequestMatcher  : Request 'GET /api/tasks/request-register-catalog-codes' doesn't match 'PUT /logout
2019-02-20 09:28:08.887 DEBUG 8252 --- [http-nio-8443-exec-1] o.s.s.web.util.matcher.OrRequestMatcher  : Trying to match using Ant [pattern='/logout', DELETE]
2019-02-20 09:28:08.887 DEBUG 8252 --- [http-nio-8443-exec-9] o.s.security.web.FilterChainProxy        : /api/tasks/request-names at position 5 of 11 in additional filter chain; firing Filter: 'JWTFilter'
2019-02-20 09:28:08.887 DEBUG 8252 --- [http-nio-8443-exec-1] o.s.s.w.u.matcher.AntPathRequestMatcher  : Request 'GET /api/tasks/request-register-catalog-codes' doesn't match 'DELETE /logout
2019-02-20 09:28:08.887 DEBUG 8252 --- [http-nio-8443-exec-1] o.s.s.web.util.matcher.OrRequestMatcher  : No matches found
2019-02-20 09:28:08.887 DEBUG 8252 --- [http-nio-8443-exec-9] o.s.security.web.FilterChainProxy        : /api/tasks/request-names at position 6 of 11 in additional filter chain; firing Filter: 'RequestCacheAwareFilter'
2019-02-20 09:28:08.887 DEBUG 8252 --- [http-nio-8443-exec-1] o.s.security.web.FilterChainProxy        : /api/tasks/request-register-catalog-codes at position 5 of 11 in additional filter chain; firing Filter: 'JWTFilter'
2019-02-20 09:28:08.887 DEBUG 8252 --- [http-nio-8443-exec-9] o.s.security.web.FilterChainProxy        : /api/tasks/request-names at position 7 of 11 in additional filter chain; firing Filter: 'SecurityContextHolderAwareRequestFilter'
2019-02-20 09:28:08.888 DEBUG 8252 --- [http-nio-8443-exec-9] o.s.security.web.FilterChainProxy        : /api/tasks/request-names at position 8 of 11 in additional filter chain; firing Filter: 'AnonymousAuthenticationFilter'
2019-02-20 09:28:08.888 DEBUG 8252 --- [http-nio-8443-exec-1] o.s.security.web.FilterChainProxy        : /api/tasks/request-register-catalog-codes at position 6 of 11 in additional filter chain; firing Filter: 'RequestCacheAwareFilter'
2019-02-20 09:28:08.888 DEBUG 8252 --- [http-nio-8443-exec-1] o.s.security.web.FilterChainProxy        : /api/tasks/request-register-catalog-codes at position 7 of 11 in additional filter chain; firing Filter: 'SecurityContextHolderAwareRequestFilter'
2019-02-20 09:28:08.888 DEBUG 8252 --- [http-nio-8443-exec-1] o.s.security.web.FilterChainProxy        : /api/tasks/request-register-catalog-codes at position 8 of 11 in additional filter chain; firing Filter: 'AnonymousAuthenticationFilter'
2019-02-20 09:28:08.888 DEBUG 8252 --- [http-nio-8443-exec-9] o.s.s.w.a.AnonymousAuthenticationFilter  : Populated SecurityContextHolder with anonymous token: 'org.springframework.security.authentication.AnonymousAuthenticationToken@eaf7a233: Principal: anonymousUser; Credentials: [PROTECTED]; Authenticated: true; Details: org.springframework.security.web.authentication.WebAuthenticationDetails@b364: RemoteIpAddress: 0:0:0:0:0:0:0:1; SessionId: null; Granted Authorities: ROLE_ANONYMOUS'
2019-02-20 09:28:08.888 DEBUG 8252 --- [http-nio-8443-exec-1] o.s.s.w.a.AnonymousAuthenticationFilter  : Populated SecurityContextHolder with anonymous token: 'org.springframework.security.authentication.AnonymousAuthenticationToken@eaf7a233: Principal: anonymousUser; Credentials: [PROTECTED]; Authenticated: true; Details: org.springframework.security.web.authentication.WebAuthenticationDetails@b364: RemoteIpAddress: 0:0:0:0:0:0:0:1; SessionId: null; Granted Authorities: ROLE_ANONYMOUS'
2019-02-20 09:28:08.888 DEBUG 8252 --- [http-nio-8443-exec-9] o.s.security.web.FilterChainProxy        : /api/tasks/request-names at position 9 of 11 in additional filter chain; firing Filter: 'SessionManagementFilter'
2019-02-20 09:28:08.888 DEBUG 8252 --- [http-nio-8443-exec-1] o.s.security.web.FilterChainProxy        : /api/tasks/request-register-catalog-codes at position 9 of 11 in additional filter chain; firing Filter: 'SessionManagementFilter'
2019-02-20 09:28:08.889 DEBUG 8252 --- [http-nio-8443-exec-9] o.s.security.web.FilterChainProxy        : /api/tasks/request-names at position 10 of 11 in additional filter chain; firing Filter: 'ExceptionTranslationFilter'
2019-02-20 09:28:08.889 DEBUG 8252 --- [http-nio-8443-exec-1] o.s.security.web.FilterChainProxy        : /api/tasks/request-register-catalog-codes at position 10 of 11 in additional filter chain; firing Filter: 'ExceptionTranslationFilter'
2019-02-20 09:28:08.889 DEBUG 8252 --- [http-nio-8443-exec-1] o.s.security.web.FilterChainProxy        : /api/tasks/request-register-catalog-codes at position 11 of 11 in additional filter chain; firing Filter: 'FilterSecurityInterceptor'
2019-02-20 09:28:08.889 DEBUG 8252 --- [http-nio-8443-exec-9] o.s.security.web.FilterChainProxy        : /api/tasks/request-names at position 11 of 11 in additional filter chain; firing Filter: 'FilterSecurityInterceptor'
2019-02-20 09:28:08.889 DEBUG 8252 --- [http-nio-8443-exec-9] o.s.s.w.u.matcher.AntPathRequestMatcher  : Checking match of request : '/api/tasks/request-names'; against '/'
2019-02-20 09:28:08.889 DEBUG 8252 --- [http-nio-8443-exec-1] o.s.s.w.u.matcher.AntPathRequestMatcher  : Checking match of request : '/api/tasks/request-register-catalog-codes'; against '/'
2019-02-20 09:28:08.890 DEBUG 8252 --- [http-nio-8443-exec-9] o.s.s.w.u.matcher.AntPathRequestMatcher  : Request 'GET /api/tasks/request-names' doesn't match 'OPTIONS /**
2019-02-20 09:28:08.890 DEBUG 8252 --- [http-nio-8443-exec-1] o.s.s.w.u.matcher.AntPathRequestMatcher  : Request 'GET /api/tasks/request-register-catalog-codes' doesn't match 'OPTIONS /**
2019-02-20 09:28:08.890 DEBUG 8252 --- [http-nio-8443-exec-9] o.s.s.w.u.matcher.AntPathRequestMatcher  : Request 'GET /api/tasks/request-names' doesn't match 'POST /api/authenticate
2019-02-20 09:28:08.890 DEBUG 8252 --- [http-nio-8443-exec-1] o.s.s.w.u.matcher.AntPathRequestMatcher  : Request 'GET /api/tasks/request-register-catalog-codes' doesn't match 'POST /api/authenticate
2019-02-20 09:28:08.890 DEBUG 8252 --- [http-nio-8443-exec-9] o.s.s.w.u.matcher.AntPathRequestMatcher  : Checking match of request : '/api/tasks/request-names'; against '/api/reset-password'
2019-02-20 09:28:08.890 DEBUG 8252 --- [http-nio-8443-exec-1] o.s.s.w.u.matcher.AntPathRequestMatcher  : Checking match of request : '/api/tasks/request-register-catalog-codes'; against '/api/reset-password'
2019-02-20 09:28:08.890 DEBUG 8252 --- [http-nio-8443-exec-9] o.s.s.w.u.matcher.AntPathRequestMatcher  : Checking match of request : '/api/tasks/request-names'; against '/api/**'
2019-02-20 09:28:08.890 DEBUG 8252 --- [http-nio-8443-exec-1] o.s.s.w.u.matcher.AntPathRequestMatcher  : Checking match of request : '/api/tasks/request-register-catalog-codes'; against '/api/**'
2019-02-20 09:28:08.891 DEBUG 8252 --- [http-nio-8443-exec-9] o.s.s.w.a.i.FilterSecurityInterceptor    : Secure object: FilterInvocation: URL: /api/tasks/request-names; Attributes: [permitAll]
2019-02-20 09:28:08.891 DEBUG 8252 --- [http-nio-8443-exec-1] o.s.s.w.a.i.FilterSecurityInterceptor    : Secure object: FilterInvocation: URL: /api/tasks/request-register-catalog-codes; Attributes: [permitAll]
2019-02-20 09:28:08.891 DEBUG 8252 --- [http-nio-8443-exec-9] o.s.s.w.a.i.FilterSecurityInterceptor    : Previously Authenticated: org.springframework.security.authentication.AnonymousAuthenticationToken@eaf7a233: Principal: anonymousUser; Credentials: [PROTECTED]; Authenticated: true; Details: org.springframework.security.web.authentication.WebAuthenticationDetails@b364: RemoteIpAddress: 0:0:0:0:0:0:0:1; SessionId: null; Granted Authorities: ROLE_ANONYMOUS
2019-02-20 09:28:08.891 DEBUG 8252 --- [http-nio-8443-exec-1] o.s.s.w.a.i.FilterSecurityInterceptor    : Previously Authenticated: org.springframework.security.authentication.AnonymousAuthenticationToken@eaf7a233: Principal: anonymousUser; Credentials: [PROTECTED]; Authenticated: true; Details: org.springframework.security.web.authentication.WebAuthenticationDetails@b364: RemoteIpAddress: 0:0:0:0:0:0:0:1; SessionId: null; Granted Authorities: ROLE_ANONYMOUS
2019-02-20 09:28:08.891 DEBUG 8252 --- [http-nio-8443-exec-9] o.s.s.access.vote.AffirmativeBased       : Voter: org.springframework.security.web.access.expression.WebExpressionVoter@3922b512, returned: 1
2019-02-20 09:28:08.891 DEBUG 8252 --- [http-nio-8443-exec-1] o.s.s.access.vote.AffirmativeBased       : Voter: org.springframework.security.web.access.expression.WebExpressionVoter@3922b512, returned: 1
2019-02-20 09:28:08.891 DEBUG 8252 --- [http-nio-8443-exec-1] o.s.s.w.a.i.FilterSecurityInterceptor    : Authorization successful
2019-02-20 09:28:08.891 DEBUG 8252 --- [http-nio-8443-exec-9] o.s.s.w.a.i.FilterSecurityInterceptor    : Authorization successful
2019-02-20 09:28:08.892 DEBUG 8252 --- [http-nio-8443-exec-1] o.s.s.w.a.i.FilterSecurityInterceptor    : RunAsManager did not change Authentication object
2019-02-20 09:28:08.892 DEBUG 8252 --- [http-nio-8443-exec-9] o.s.s.w.a.i.FilterSecurityInterceptor    : RunAsManager did not change Authentication object
2019-02-20 09:28:08.892 DEBUG 8252 --- [http-nio-8443-exec-1] o.s.security.web.FilterChainProxy        : /api/tasks/request-register-catalog-codes reached end of additional filter chain; proceeding with original chain
2019-02-20 09:28:08.892 DEBUG 8252 --- [http-nio-8443-exec-9] o.s.security.web.FilterChainProxy        : /api/tasks/request-names reached end of additional filter chain; proceeding with original chain
2019-02-20 09:28:08.894 DEBUG 8252 --- [http-nio-8443-exec-1] c.b.a.controller.rest.TasksController    : Get register catalog codes
2019-02-20 09:28:08.895 DEBUG 8252 --- [http-nio-8443-exec-9] c.b.a.controller.rest.TasksController    : Get process names
2019-02-20 09:28:08.897 DEBUG 8252 --- [http-nio-8443-exec-9] org.hibernate.SQL                        : select processnam0_.id as id1_147_, processnam0_.description as descript2_147_ from process_names processnam0_
2019-02-20 09:28:08.899 DEBUG 8252 --- [http-nio-8443-exec-1] org.hibernate.SQL                        : select nmregister0_.id as id1_127_, nmregister0_.register_code as register2_127_, nmregister0_.register_code_description as register3_127_ from nm_register_catalog_codes nmregister0_
2019-02-20 09:28:08.904 DEBUG 8252 --- [http-nio-8443-exec-9] o.s.s.w.a.ExceptionTranslationFilter     : Chain processed normally
2019-02-20 09:28:08.904 DEBUG 8252 --- [http-nio-8443-exec-9] s.s.w.c.SecurityContextPersistenceFilter : SecurityContextHolder now cleared, as request processing completed
2019-02-20 09:28:08.905 DEBUG 8252 --- [http-nio-8443-exec-1] o.s.s.w.a.ExceptionTranslationFilter     : Chain processed normally
2019-02-20 09:28:08.905 DEBUG 8252 --- [http-nio-8443-exec-1] s.s.w.c.SecurityContextPersistenceFilter : SecurityContextHolder now cleared, as request processing completed
