2019-01-28 09:14:17.503 DEBUG 16560 --- [http-nio-8443-exec-7] c.b.a.c.rest.AdministrationController    : Retrieve all Countries
2019-01-28 09:14:18.300 DEBUG 16560 --- [http-nio-8443-exec-7] org.hibernate.SQL                        : select nmcountrie0_.id as col_0_0_, nmcountrie0_.description as col_1_0_ from nm_countries nmcountrie0_
2019-01-28 09:14:18.325  WARN 16560 --- [http-nio-8443-exec-7] com.zaxxer.hikari.pool.PoolBase          : HikariPool-1 - Failed to validate connection com.mysql.jdbc.JDBC4Connection@17206755 (No operations allowed after connection closed.)
2019-01-28 09:14:18.343  WARN 16560 --- [http-nio-8443-exec-7] com.zaxxer.hikari.pool.PoolBase          : HikariPool-1 - Failed to validate connection com.mysql.jdbc.JDBC4Connection@7c9dc144 (No operations allowed after connection closed.)
2019-01-28 09:14:18.385  WARN 16560 --- [http-nio-8443-exec-7] com.zaxxer.hikari.pool.PoolBase          : HikariPool-1 - Failed to validate connection com.mysql.jdbc.JDBC4Connection@159372c4 (No operations allowed after connection closed.)
2019-01-28 09:14:18.404  WARN 16560 --- [http-nio-8443-exec-7] com.zaxxer.hikari.pool.PoolBase          : HikariPool-1 - Failed to validate connection com.mysql.jdbc.JDBC4Connection@19db5ec (No operations allowed after connection closed.)
2019-01-28 09:14:18.416  WARN 16560 --- [http-nio-8443-exec-7] com.zaxxer.hikari.pool.PoolBase          : HikariPool-1 - Failed to validate connection com.mysql.jdbc.JDBC4Connection@77457bb2 (No operations allowed after connection closed.)
2019-01-28 09:14:18.426  WARN 16560 --- [http-nio-8443-exec-7] com.zaxxer.hikari.pool.PoolBase          : HikariPool-1 - Failed to validate connection com.mysql.jdbc.JDBC4Connection@65c003ff (No operations allowed after connection closed.)
2019-01-28 09:14:18.434  WARN 16560 --- [http-nio-8443-exec-7] com.zaxxer.hikari.pool.PoolBase          : HikariPool-1 - Failed to validate connection com.mysql.jdbc.JDBC4Connection@6bcb58d1 (No operations allowed after connection closed.)
2019-01-28 09:14:18.448  WARN 16560 --- [http-nio-8443-exec-7] com.zaxxer.hikari.pool.PoolBase          : HikariPool-1 - Failed to validate connection com.mysql.jdbc.JDBC4Connection@795b291 (No operations allowed after connection closed.)
2019-01-28 09:14:18.472  WARN 16560 --- [http-nio-8443-exec-7] com.zaxxer.hikari.pool.PoolBase          : HikariPool-1 - Failed to validate connection com.mysql.jdbc.JDBC4Connection@5b51c13a (No operations allowed after connection closed.)
2019-01-28 09:14:18.477  WARN 16560 --- [http-nio-8443-exec-7] com.zaxxer.hikari.pool.PoolBase          : HikariPool-1 - Failed to validate connection com.mysql.jdbc.JDBC4Connection@3eebee54 (No operations allowed after connection closed.)
2019-01-28 09:14:18.492 TRACE 16560 --- [http-nio-8443-exec-7] o.h.type.descriptor.sql.BasicExtractor   : extracted value ([col_0_0_] : [INTEGER]) - [1]
2019-01-28 09:14:18.493 TRACE 16560 --- [http-nio-8443-exec-7] o.h.type.descriptor.sql.BasicExtractor   : extracted value ([col_1_0_] : [VARCHAR]) - [Burkina Faso]
2019-01-28 09:14:18.493 TRACE 16560 --- [http-nio-8443-exec-7] o.h.type.descriptor.sql.BasicExtractor   : extracted value ([col_0_0_] : [INTEGER]) - [41]
2019-01-28 09:14:18.698 TRACE 16560 --- [http-nio-8443-exec-7] o.h.type.descriptor.sql.BasicExtractor   : extracted value ([col_1_0_] : [VARCHAR]) - [NARNIA]
2019-01-28 09:14:18.698 TRACE 16560 --- [http-nio-8443-exec-7] o.h.type.descriptor.sql.BasicExtractor   : extracted value ([col_0_0_] : [INTEGER]) - [42]
2019-01-28 09:14:18.698 TRACE 16560 --- [http-nio-8443-exec-7] o.h.type.descriptor.sql.BasicExtractor   : extracted value ([col_1_0_] : [VARCHAR]) - [MOLDOVA]
2019-01-28 09:14:18.698 TRACE 16560 --- [http-nio-8443-exec-7] o.h.type.descriptor.sql.BasicExtractor   : extracted value ([col_0_0_] : [INTEGER]) - [43]
2019-01-28 09:14:18.698 TRACE 16560 --- [http-nio-8443-exec-7] o.h.type.descriptor.sql.BasicExtractor   : extracted value ([col_1_0_] : [VARCHAR]) - [KUALA LUMPUR]
2019-01-28 09:14:18.698 TRACE 16560 --- [http-nio-8443-exec-7] o.h.type.descriptor.sql.BasicExtractor   : extracted value ([col_0_0_] : [INTEGER]) - [44]
2019-01-28 09:14:18.701 TRACE 16560 --- [http-nio-8443-exec-7] o.h.type.descriptor.sql.BasicExtractor   : extracted value ([col_1_0_] : [VARCHAR]) - [MAURITANIA]
2019-01-28 09:14:18.701 TRACE 16560 --- [http-nio-8443-exec-7] o.h.type.descriptor.sql.BasicExtractor   : extracted value ([col_0_0_] : [INTEGER]) - [45]
2019-01-28 09:14:18.701 TRACE 16560 --- [http-nio-8443-exec-7] o.h.type.descriptor.sql.BasicExtractor   : extracted value ([col_1_0_] : [VARCHAR]) - [EDEN]
2019-01-28 09:14:18.702 TRACE 16560 --- [http-nio-8443-exec-7] o.h.type.descriptor.sql.BasicExtractor   : extracted value ([col_0_0_] : [INTEGER]) - [46]
2019-01-28 09:14:18.702 TRACE 16560 --- [http-nio-8443-exec-7] o.h.type.descriptor.sql.BasicExtractor   : extracted value ([col_1_0_] : [VARCHAR]) - [Десятое королевство]
2019-01-28 09:14:18.702 TRACE 16560 --- [http-nio-8443-exec-7] o.h.type.descriptor.sql.BasicExtractor   : extracted value ([col_0_0_] : [INTEGER]) - [47]
2019-01-28 09:14:18.702 TRACE 16560 --- [http-nio-8443-exec-7] o.h.type.descriptor.sql.BasicExtractor   : extracted value ([col_1_0_] : [VARCHAR]) - [ZIMBABWE]
2019-01-28 09:14:18.702 TRACE 16560 --- [http-nio-8443-exec-7] o.h.type.descriptor.sql.BasicExtractor   : extracted value ([col_0_0_] : [INTEGER]) - [48]
2019-01-28 09:14:18.702 TRACE 16560 --- [http-nio-8443-exec-7] o.h.type.descriptor.sql.BasicExtractor   : extracted value ([col_1_0_] : [VARCHAR]) - [COLONIILE MOLDAVE (ex.Italia)]
2019-01-28 09:14:18.702 TRACE 16560 --- [http-nio-8443-exec-7] o.h.type.descriptor.sql.BasicExtractor   : extracted value ([col_0_0_] : [INTEGER]) - [49]
2019-01-28 09:14:18.702 TRACE 16560 --- [http-nio-8443-exec-7] o.h.type.descriptor.sql.BasicExtractor   : extracted value ([col_1_0_] : [VARCHAR]) - [USA]
2019-01-28 09:14:18.702 TRACE 16560 --- [http-nio-8443-exec-7] o.h.type.descriptor.sql.BasicExtractor   : extracted value ([col_0_0_] : [INTEGER]) - [50]
2019-01-28 09:14:18.702 TRACE 16560 --- [http-nio-8443-exec-7] o.h.type.descriptor.sql.BasicExtractor   : extracted value ([col_1_0_] : [VARCHAR]) - [Azerbaidjan]
2019-01-28 09:14:18.702 TRACE 16560 --- [http-nio-8443-exec-7] o.h.type.descriptor.sql.BasicExtractor   : extracted value ([col_0_0_] : [INTEGER]) - [51]
2019-01-28 09:14:18.703 TRACE 16560 --- [http-nio-8443-exec-7] o.h.type.descriptor.sql.BasicExtractor   : extracted value ([col_1_0_] : [VARCHAR]) - [Republica Dominicană]
2019-01-28 09:14:18.703 TRACE 16560 --- [http-nio-8443-exec-7] o.h.type.descriptor.sql.BasicExtractor   : extracted value ([col_0_0_] : [INTEGER]) - [52]
2019-01-28 09:14:18.703 TRACE 16560 --- [http-nio-8443-exec-7] o.h.type.descriptor.sql.BasicExtractor   : extracted value ([col_1_0_] : [VARCHAR]) - [Republica Cuba]
2019-01-28 09:14:18.704 TRACE 16560 --- [http-nio-8443-exec-7] o.h.type.descriptor.sql.BasicExtractor   : extracted value ([col_0_0_] : [INTEGER]) - [53]
2019-01-28 09:14:18.708 TRACE 16560 --- [http-nio-8443-exec-7] o.h.type.descriptor.sql.BasicExtractor   : extracted value ([col_1_0_] : [VARCHAR]) - [Insulele Cayman]
2019-01-28 09:14:18.708 TRACE 16560 --- [http-nio-8443-exec-7] o.h.type.descriptor.sql.BasicExtractor   : extracted value ([col_0_0_] : [INTEGER]) - [54]
2019-01-28 09:14:18.708 TRACE 16560 --- [http-nio-8443-exec-7] o.h.type.descriptor.sql.BasicExtractor   : extracted value ([col_1_0_] : [VARCHAR]) - [Iran]
2019-01-28 09:14:18.708 TRACE 16560 --- [http-nio-8443-exec-7] o.h.type.descriptor.sql.BasicExtractor   : extracted value ([col_0_0_] : [INTEGER]) - [55]
2019-01-28 09:14:18.717 TRACE 16560 --- [http-nio-8443-exec-7] o.h.type.descriptor.sql.BasicExtractor   : extracted value ([col_1_0_] : [VARCHAR]) - [Republica Federativă a Braziliei]
2019-01-28 09:14:18.718 TRACE 16560 --- [http-nio-8443-exec-7] o.h.type.descriptor.sql.BasicExtractor   : extracted value ([col_0_0_] : [INTEGER]) - [56]
2019-01-28 09:14:18.718 TRACE 16560 --- [http-nio-8443-exec-7] o.h.type.descriptor.sql.BasicExtractor   : extracted value ([col_1_0_] : [VARCHAR]) - [Mexic]
2019-01-28 09:14:18.718 TRACE 16560 --- [http-nio-8443-exec-7] o.h.type.descriptor.sql.BasicExtractor   : extracted value ([col_0_0_] : [INTEGER]) - [57]
2019-01-28 09:14:18.718 TRACE 16560 --- [http-nio-8443-exec-7] o.h.type.descriptor.sql.BasicExtractor   : extracted value ([col_1_0_] : [VARCHAR]) - [-]
2019-01-28 09:14:18.718 TRACE 16560 --- [http-nio-8443-exec-7] o.h.type.descriptor.sql.BasicExtractor   : extracted value ([col_0_0_] : [INTEGER]) - [58]
2019-01-28 09:14:18.718 TRACE 16560 --- [http-nio-8443-exec-7] o.h.type.descriptor.sql.BasicExtractor   : extracted value ([col_1_0_] : [VARCHAR]) - [Grecia]
2019-01-28 09:14:18.718 TRACE 16560 --- [http-nio-8443-exec-7] o.h.type.descriptor.sql.BasicExtractor   : extracted value ([col_0_0_] : [INTEGER]) - [59]
2019-01-28 09:14:18.718 TRACE 16560 --- [http-nio-8443-exec-7] o.h.type.descriptor.sql.BasicExtractor   : extracted value ([col_1_0_] : [VARCHAR]) - [Africa de Sud]
2019-01-28 09:14:18.718 TRACE 16560 --- [http-nio-8443-exec-7] o.h.type.descriptor.sql.BasicExtractor   : extracted value ([col_0_0_] : [INTEGER]) - [60]
2019-01-28 09:14:18.718 TRACE 16560 --- [http-nio-8443-exec-7] o.h.type.descriptor.sql.BasicExtractor   : extracted value ([col_1_0_] : [VARCHAR]) - [Argentina]
2019-01-28 09:14:18.718 TRACE 16560 --- [http-nio-8443-exec-7] o.h.type.descriptor.sql.BasicExtractor   : extracted value ([col_0_0_] : [INTEGER]) - [61]
2019-01-28 09:14:18.719 TRACE 16560 --- [http-nio-8443-exec-7] o.h.type.descriptor.sql.BasicExtractor   : extracted value ([col_1_0_] : [VARCHAR]) - [Armenia]
2019-01-28 09:14:18.719 TRACE 16560 --- [http-nio-8443-exec-7] o.h.type.descriptor.sql.BasicExtractor   : extracted value ([col_0_0_] : [INTEGER]) - [62]
2019-01-28 09:14:18.723 TRACE 16560 --- [http-nio-8443-exec-7] o.h.type.descriptor.sql.BasicExtractor   : extracted value ([col_1_0_] : [VARCHAR]) - [Australia]
2019-01-28 09:14:18.723 TRACE 16560 --- [http-nio-8443-exec-7] o.h.type.descriptor.sql.BasicExtractor   : extracted value ([col_0_0_] : [INTEGER]) - [63]
2019-01-28 09:14:18.723 TRACE 16560 --- [http-nio-8443-exec-7] o.h.type.descriptor.sql.BasicExtractor   : extracted value ([col_1_0_] : [VARCHAR]) - [Austria]
2019-01-28 09:14:18.723 TRACE 16560 --- [http-nio-8443-exec-7] o.h.type.descriptor.sql.BasicExtractor   : extracted value ([col_0_0_] : [INTEGER]) - [64]
2019-01-28 09:14:18.723 TRACE 16560 --- [http-nio-8443-exec-7] o.h.type.descriptor.sql.BasicExtractor   : extracted value ([col_1_0_] : [VARCHAR]) - [Republica Belarus]
2019-01-28 09:14:18.724 TRACE 16560 --- [http-nio-8443-exec-7] o.h.type.descriptor.sql.BasicExtractor   : extracted value ([col_0_0_] : [INTEGER]) - [65]
2019-01-28 09:14:18.724 TRACE 16560 --- [http-nio-8443-exec-7] o.h.type.descriptor.sql.BasicExtractor   : extracted value ([col_1_0_] : [VARCHAR]) - [Belgia]
2019-01-28 09:14:18.724 TRACE 16560 --- [http-nio-8443-exec-7] o.h.type.descriptor.sql.BasicExtractor   : extracted value ([col_0_0_] : [INTEGER]) - [66]
2019-01-28 09:14:18.725 TRACE 16560 --- [http-nio-8443-exec-7] o.h.type.descriptor.sql.BasicExtractor   : extracted value ([col_1_0_] : [VARCHAR]) - [Bosnia şi Herţegovina]
2019-01-28 09:14:18.725 TRACE 16560 --- [http-nio-8443-exec-7] o.h.type.descriptor.sql.BasicExtractor   : extracted value ([col_0_0_] : [INTEGER]) - [67]
2019-01-28 09:14:18.725 TRACE 16560 --- [http-nio-8443-exec-7] o.h.type.descriptor.sql.BasicExtractor   : extracted value ([col_1_0_] : [VARCHAR]) - [Bulgaria]
2019-01-28 09:14:18.725 TRACE 16560 --- [http-nio-8443-exec-7] o.h.type.descriptor.sql.BasicExtractor   : extracted value ([col_0_0_] : [INTEGER]) - [68]
2019-01-28 09:14:18.726 TRACE 16560 --- [http-nio-8443-exec-7] o.h.type.descriptor.sql.BasicExtractor   : extracted value ([col_1_0_] : [VARCHAR]) - [Canada]
2019-01-28 09:14:18.726 TRACE 16560 --- [http-nio-8443-exec-7] o.h.type.descriptor.sql.BasicExtractor   : extracted value ([col_0_0_] : [INTEGER]) - [69]
2019-01-28 09:14:18.726 TRACE 16560 --- [http-nio-8443-exec-7] o.h.type.descriptor.sql.BasicExtractor   : extracted value ([col_1_0_] : [VARCHAR]) - [Cehia]
2019-01-28 09:14:18.726 TRACE 16560 --- [http-nio-8443-exec-7] o.h.type.descriptor.sql.BasicExtractor   : extracted value ([col_0_0_] : [INTEGER]) - [70]
2019-01-28 09:14:18.726 TRACE 16560 --- [http-nio-8443-exec-7] o.h.type.descriptor.sql.BasicExtractor   : extracted value ([col_1_0_] : [VARCHAR]) - [Cipru]
2019-01-28 09:14:18.726 TRACE 16560 --- [http-nio-8443-exec-7] o.h.type.descriptor.sql.BasicExtractor   : extracted value ([col_0_0_] : [INTEGER]) - [71]
2019-01-28 09:14:18.727 TRACE 16560 --- [http-nio-8443-exec-7] o.h.type.descriptor.sql.BasicExtractor   : extracted value ([col_1_0_] : [VARCHAR]) - [Croaţia]
2019-01-28 09:14:18.728 TRACE 16560 --- [http-nio-8443-exec-7] o.h.type.descriptor.sql.BasicExtractor   : extracted value ([col_0_0_] : [INTEGER]) - [72]
2019-01-28 09:14:18.728 TRACE 16560 --- [http-nio-8443-exec-7] o.h.type.descriptor.sql.BasicExtractor   : extracted value ([col_1_0_] : [VARCHAR]) - [Danemarca]
2019-01-28 09:14:18.728 TRACE 16560 --- [http-nio-8443-exec-7] o.h.type.descriptor.sql.BasicExtractor   : extracted value ([col_0_0_] : [INTEGER]) - [73]
2019-01-28 09:14:18.728 TRACE 16560 --- [http-nio-8443-exec-7] o.h.type.descriptor.sql.BasicExtractor   : extracted value ([col_1_0_] : [VARCHAR]) - [Egipt]
2019-01-28 09:14:18.728 TRACE 16560 --- [http-nio-8443-exec-7] o.h.type.descriptor.sql.BasicExtractor   : extracted value ([col_0_0_] : [INTEGER]) - [74]
2019-01-28 09:14:18.728 TRACE 16560 --- [http-nio-8443-exec-7] o.h.type.descriptor.sql.BasicExtractor   : extracted value ([col_1_0_] : [VARCHAR]) - [Elveţia]
2019-01-28 09:14:18.728 TRACE 16560 --- [http-nio-8443-exec-7] o.h.type.descriptor.sql.BasicExtractor   : extracted value ([col_0_0_] : [INTEGER]) - [75]
2019-01-28 09:14:18.728 TRACE 16560 --- [http-nio-8443-exec-7] o.h.type.descriptor.sql.BasicExtractor   : extracted value ([col_1_0_] : [VARCHAR]) - [Estonia]
2019-01-28 09:14:18.728 TRACE 16560 --- [http-nio-8443-exec-7] o.h.type.descriptor.sql.BasicExtractor   : extracted value ([col_0_0_] : [INTEGER]) - [76]
2019-01-28 09:14:18.728 TRACE 16560 --- [http-nio-8443-exec-7] o.h.type.descriptor.sql.BasicExtractor   : extracted value ([col_1_0_] : [VARCHAR]) - [Finlanda]
2019-01-28 09:14:18.728 TRACE 16560 --- [http-nio-8443-exec-7] o.h.type.descriptor.sql.BasicExtractor   : extracted value ([col_0_0_] : [INTEGER]) - [77]
2019-01-28 09:14:18.728 TRACE 16560 --- [http-nio-8443-exec-7] o.h.type.descriptor.sql.BasicExtractor   : extracted value ([col_1_0_] : [VARCHAR]) - [Franţa]
2019-01-28 09:14:18.735 TRACE 16560 --- [http-nio-8443-exec-7] o.h.type.descriptor.sql.BasicExtractor   : extracted value ([col_0_0_] : [INTEGER]) - [78]
2019-01-28 09:14:18.735 TRACE 16560 --- [http-nio-8443-exec-7] o.h.type.descriptor.sql.BasicExtractor   : extracted value ([col_1_0_] : [VARCHAR]) - [Georgia]
2019-01-28 09:14:18.735 TRACE 16560 --- [http-nio-8443-exec-7] o.h.type.descriptor.sql.BasicExtractor   : extracted value ([col_0_0_] : [INTEGER]) - [79]
2019-01-28 09:14:18.735 TRACE 16560 --- [http-nio-8443-exec-7] o.h.type.descriptor.sql.BasicExtractor   : extracted value ([col_1_0_] : [VARCHAR]) - [Germania]
2019-01-28 09:14:18.735 TRACE 16560 --- [http-nio-8443-exec-7] o.h.type.descriptor.sql.BasicExtractor   : extracted value ([col_0_0_] : [INTEGER]) - [80]
2019-01-28 09:14:18.736 TRACE 16560 --- [http-nio-8443-exec-7] o.h.type.descriptor.sql.BasicExtractor   : extracted value ([col_1_0_] : [VARCHAR]) - [India]
2019-01-28 09:14:18.747 TRACE 16560 --- [http-nio-8443-exec-7] o.h.type.descriptor.sql.BasicExtractor   : extracted value ([col_0_0_] : [INTEGER]) - [81]
2019-01-28 09:14:18.749 TRACE 16560 --- [http-nio-8443-exec-7] o.h.type.descriptor.sql.BasicExtractor   : extracted value ([col_1_0_] : [VARCHAR]) - [Iordania]
2019-01-28 09:14:18.749 TRACE 16560 --- [http-nio-8443-exec-7] o.h.type.descriptor.sql.BasicExtractor   : extracted value ([col_0_0_] : [INTEGER]) - [82]
2019-01-28 09:14:18.749 TRACE 16560 --- [http-nio-8443-exec-7] o.h.type.descriptor.sql.BasicExtractor   : extracted value ([col_1_0_] : [VARCHAR]) - [Irlanda]
2019-01-28 09:14:18.749 TRACE 16560 --- [http-nio-8443-exec-7] o.h.type.descriptor.sql.BasicExtractor   : extracted value ([col_0_0_] : [INTEGER]) - [83]
2019-01-28 09:14:18.749 TRACE 16560 --- [http-nio-8443-exec-7] o.h.type.descriptor.sql.BasicExtractor   : extracted value ([col_1_0_] : [VARCHAR]) - [Islanda]
2019-01-28 09:14:18.749 TRACE 16560 --- [http-nio-8443-exec-7] o.h.type.descriptor.sql.BasicExtractor   : extracted value ([col_0_0_] : [INTEGER]) - [84]
2019-01-28 09:14:18.749 TRACE 16560 --- [http-nio-8443-exec-7] o.h.type.descriptor.sql.BasicExtractor   : extracted value ([col_1_0_] : [VARCHAR]) - [Israel]
2019-01-28 09:14:18.749 TRACE 16560 --- [http-nio-8443-exec-7] o.h.type.descriptor.sql.BasicExtractor   : extracted value ([col_0_0_] : [INTEGER]) - [85]
2019-01-28 09:14:18.749 TRACE 16560 --- [http-nio-8443-exec-7] o.h.type.descriptor.sql.BasicExtractor   : extracted value ([col_1_0_] : [VARCHAR]) - [Italia]
2019-01-28 09:14:18.749 TRACE 16560 --- [http-nio-8443-exec-7] o.h.type.descriptor.sql.BasicExtractor   : extracted value ([col_0_0_] : [INTEGER]) - [86]
2019-01-28 09:14:18.756 TRACE 16560 --- [http-nio-8443-exec-7] o.h.type.descriptor.sql.BasicExtractor   : extracted value ([col_1_0_] : [VARCHAR]) - [Japonia]
2019-01-28 09:14:18.756 TRACE 16560 --- [http-nio-8443-exec-7] o.h.type.descriptor.sql.BasicExtractor   : extracted value ([col_0_0_] : [INTEGER]) - [87]
2019-01-28 09:14:18.756 TRACE 16560 --- [http-nio-8443-exec-7] o.h.type.descriptor.sql.BasicExtractor   : extracted value ([col_1_0_] : [VARCHAR]) - [Letonia]
2019-01-28 09:14:18.756 TRACE 16560 --- [http-nio-8443-exec-7] o.h.type.descriptor.sql.BasicExtractor   : extracted value ([col_0_0_] : [INTEGER]) - [88]
2019-01-28 09:14:18.756 TRACE 16560 --- [http-nio-8443-exec-7] o.h.type.descriptor.sql.BasicExtractor   : extracted value ([col_1_0_] : [VARCHAR]) - [Lituania]
2019-01-28 09:14:18.756 TRACE 16560 --- [http-nio-8443-exec-7] o.h.type.descriptor.sql.BasicExtractor   : extracted value ([col_0_0_] : [INTEGER]) - [89]
2019-01-28 09:14:18.756 TRACE 16560 --- [http-nio-8443-exec-7] o.h.type.descriptor.sql.BasicExtractor   : extracted value ([col_1_0_] : [VARCHAR]) - [Luxemburg]
2019-01-28 09:14:18.757 TRACE 16560 --- [http-nio-8443-exec-7] o.h.type.descriptor.sql.BasicExtractor   : extracted value ([col_0_0_] : [INTEGER]) - [90]
2019-01-28 09:14:18.758 TRACE 16560 --- [http-nio-8443-exec-7] o.h.type.descriptor.sql.BasicExtractor   : extracted value ([col_1_0_] : [VARCHAR]) - [Marea Britanie]
2019-01-28 09:14:18.758 TRACE 16560 --- [http-nio-8443-exec-7] o.h.type.descriptor.sql.BasicExtractor   : extracted value ([col_0_0_] : [INTEGER]) - [91]
2019-01-28 09:14:18.758 TRACE 16560 --- [http-nio-8443-exec-7] o.h.type.descriptor.sql.BasicExtractor   : extracted value ([col_1_0_] : [VARCHAR]) - [Republica Moldova]
2019-01-28 09:14:18.758 TRACE 16560 --- [http-nio-8443-exec-7] o.h.type.descriptor.sql.BasicExtractor   : extracted value ([col_0_0_] : [INTEGER]) - [92]
2019-01-28 09:14:18.758 TRACE 16560 --- [http-nio-8443-exec-7] o.h.type.descriptor.sql.BasicExtractor   : extracted value ([col_1_0_] : [VARCHAR]) - [Norvegia]
2019-01-28 09:14:18.758 TRACE 16560 --- [http-nio-8443-exec-7] o.h.type.descriptor.sql.BasicExtractor   : extracted value ([col_0_0_] : [INTEGER]) - [93]
2019-01-28 09:14:18.758 TRACE 16560 --- [http-nio-8443-exec-7] o.h.type.descriptor.sql.BasicExtractor   : extracted value ([col_1_0_] : [VARCHAR]) - [Olanda]
2019-01-28 09:14:18.758 TRACE 16560 --- [http-nio-8443-exec-7] o.h.type.descriptor.sql.BasicExtractor   : extracted value ([col_0_0_] : [INTEGER]) - [94]
2019-01-28 09:14:18.758 TRACE 16560 --- [http-nio-8443-exec-7] o.h.type.descriptor.sql.BasicExtractor   : extracted value ([col_1_0_] : [VARCHAR]) - [Polonia]
2019-01-28 09:14:18.759 TRACE 16560 --- [http-nio-8443-exec-7] o.h.type.descriptor.sql.BasicExtractor   : extracted value ([col_0_0_] : [INTEGER]) - [95]
2019-01-28 09:14:18.764 TRACE 16560 --- [http-nio-8443-exec-7] o.h.type.descriptor.sql.BasicExtractor   : extracted value ([col_1_0_] : [VARCHAR]) - [Portugalia]
2019-01-28 09:14:18.765 TRACE 16560 --- [http-nio-8443-exec-7] o.h.type.descriptor.sql.BasicExtractor   : extracted value ([col_0_0_] : [INTEGER]) - [96]
2019-01-28 09:14:18.765 TRACE 16560 --- [http-nio-8443-exec-7] o.h.type.descriptor.sql.BasicExtractor   : extracted value ([col_1_0_] : [VARCHAR]) - [China]
2019-01-28 09:14:18.765 TRACE 16560 --- [http-nio-8443-exec-7] o.h.type.descriptor.sql.BasicExtractor   : extracted value ([col_0_0_] : [INTEGER]) - [97]
2019-01-28 09:14:18.765 TRACE 16560 --- [http-nio-8443-exec-7] o.h.type.descriptor.sql.BasicExtractor   : extracted value ([col_1_0_] : [VARCHAR]) - [România]
2019-01-28 09:14:18.765 TRACE 16560 --- [http-nio-8443-exec-7] o.h.type.descriptor.sql.BasicExtractor   : extracted value ([col_0_0_] : [INTEGER]) - [98]
2019-01-28 09:14:18.765 TRACE 16560 --- [http-nio-8443-exec-7] o.h.type.descriptor.sql.BasicExtractor   : extracted value ([col_1_0_] : [VARCHAR]) - [Rusia]
2019-01-28 09:14:18.765 TRACE 16560 --- [http-nio-8443-exec-7] o.h.type.descriptor.sql.BasicExtractor   : extracted value ([col_0_0_] : [INTEGER]) - [99]
2019-01-28 09:14:18.765 TRACE 16560 --- [http-nio-8443-exec-7] o.h.type.descriptor.sql.BasicExtractor   : extracted value ([col_1_0_] : [VARCHAR]) - [Serbia]
2019-01-28 09:14:18.765 TRACE 16560 --- [http-nio-8443-exec-7] o.h.type.descriptor.sql.BasicExtractor   : extracted value ([col_0_0_] : [INTEGER]) - [100]
2019-01-28 09:14:18.766 TRACE 16560 --- [http-nio-8443-exec-7] o.h.type.descriptor.sql.BasicExtractor   : extracted value ([col_1_0_] : [VARCHAR]) - [-]
2019-01-28 09:14:18.766 TRACE 16560 --- [http-nio-8443-exec-7] o.h.type.descriptor.sql.BasicExtractor   : extracted value ([col_0_0_] : [INTEGER]) - [101]
2019-01-28 09:14:18.766 TRACE 16560 --- [http-nio-8443-exec-7] o.h.type.descriptor.sql.BasicExtractor   : extracted value ([col_1_0_] : [VARCHAR]) - [Siria]
2019-01-28 09:14:18.766 TRACE 16560 --- [http-nio-8443-exec-7] o.h.type.descriptor.sql.BasicExtractor   : extracted value ([col_0_0_] : [INTEGER]) - [102]
2019-01-28 09:14:18.766 TRACE 16560 --- [http-nio-8443-exec-7] o.h.type.descriptor.sql.BasicExtractor   : extracted value ([col_1_0_] : [VARCHAR]) - [Slovacia]
2019-01-28 09:14:18.766 TRACE 16560 --- [http-nio-8443-exec-7] o.h.type.descriptor.sql.BasicExtractor   : extracted value ([col_0_0_] : [INTEGER]) - [103]
2019-01-28 09:14:18.766 TRACE 16560 --- [http-nio-8443-exec-7] o.h.type.descriptor.sql.BasicExtractor   : extracted value ([col_1_0_] : [VARCHAR]) - [Slovenia]
2019-01-28 09:14:18.767 TRACE 16560 --- [http-nio-8443-exec-7] o.h.type.descriptor.sql.BasicExtractor   : extracted value ([col_0_0_] : [INTEGER]) - [104]
2019-01-28 09:14:18.778 TRACE 16560 --- [http-nio-8443-exec-7] o.h.type.descriptor.sql.BasicExtractor   : extracted value ([col_1_0_] : [VARCHAR]) - [Spania]
2019-01-28 09:14:18.778 TRACE 16560 --- [http-nio-8443-exec-7] o.h.type.descriptor.sql.BasicExtractor   : extracted value ([col_0_0_] : [INTEGER]) - [105]
2019-01-28 09:14:18.778 TRACE 16560 --- [http-nio-8443-exec-7] o.h.type.descriptor.sql.BasicExtractor   : extracted value ([col_1_0_] : [VARCHAR]) - [SUA]
2019-01-28 09:14:18.778 TRACE 16560 --- [http-nio-8443-exec-7] o.h.type.descriptor.sql.BasicExtractor   : extracted value ([col_0_0_] : [INTEGER]) - [106]
2019-01-28 09:14:18.778 TRACE 16560 --- [http-nio-8443-exec-7] o.h.type.descriptor.sql.BasicExtractor   : extracted value ([col_1_0_] : [VARCHAR]) - [Suedia]
2019-01-28 09:14:18.779 TRACE 16560 --- [http-nio-8443-exec-7] o.h.type.descriptor.sql.BasicExtractor   : extracted value ([col_0_0_] : [INTEGER]) - [107]
2019-01-28 09:14:18.779 TRACE 16560 --- [http-nio-8443-exec-7] o.h.type.descriptor.sql.BasicExtractor   : extracted value ([col_1_0_] : [VARCHAR]) - [Turcia]
2019-01-28 09:14:18.779 TRACE 16560 --- [http-nio-8443-exec-7] o.h.type.descriptor.sql.BasicExtractor   : extracted value ([col_0_0_] : [INTEGER]) - [108]
2019-01-28 09:14:18.779 TRACE 16560 --- [http-nio-8443-exec-7] o.h.type.descriptor.sql.BasicExtractor   : extracted value ([col_1_0_] : [VARCHAR]) - [Ucraina]
2019-01-28 09:14:18.779 TRACE 16560 --- [http-nio-8443-exec-7] o.h.type.descriptor.sql.BasicExtractor   : extracted value ([col_0_0_] : [INTEGER]) - [109]
2019-01-28 09:14:18.779 TRACE 16560 --- [http-nio-8443-exec-7] o.h.type.descriptor.sql.BasicExtractor   : extracted value ([col_1_0_] : [VARCHAR]) - [Ungaria]
2019-01-28 09:14:18.779 TRACE 16560 --- [http-nio-8443-exec-7] o.h.type.descriptor.sql.BasicExtractor   : extracted value ([col_0_0_] : [INTEGER]) - [110]
2019-01-28 09:14:18.779 TRACE 16560 --- [http-nio-8443-exec-7] o.h.type.descriptor.sql.BasicExtractor   : extracted value ([col_1_0_] : [VARCHAR]) - [Vietnam]
2019-01-28 09:14:18.779 TRACE 16560 --- [http-nio-8443-exec-7] o.h.type.descriptor.sql.BasicExtractor   : extracted value ([col_0_0_] : [INTEGER]) - [111]
2019-01-28 09:14:18.779 TRACE 16560 --- [http-nio-8443-exec-7] o.h.type.descriptor.sql.BasicExtractor   : extracted value ([col_1_0_] : [VARCHAR]) - [Yugoslavia]
2019-01-28 09:14:18.779 TRACE 16560 --- [http-nio-8443-exec-7] o.h.type.descriptor.sql.BasicExtractor   : extracted value ([col_0_0_] : [INTEGER]) - [112]
2019-01-28 09:14:18.779 TRACE 16560 --- [http-nio-8443-exec-7] o.h.type.descriptor.sql.BasicExtractor   : extracted value ([col_1_0_] : [VARCHAR]) - [-]
2019-01-28 09:14:18.779 TRACE 16560 --- [http-nio-8443-exec-7] o.h.type.descriptor.sql.BasicExtractor   : extracted value ([col_0_0_] : [INTEGER]) - [113]
2019-01-28 09:14:18.782 TRACE 16560 --- [http-nio-8443-exec-7] o.h.type.descriptor.sql.BasicExtractor   : extracted value ([col_1_0_] : [VARCHAR]) - [Puerto Rico]
2019-01-28 09:14:18.784 TRACE 16560 --- [http-nio-8443-exec-7] o.h.type.descriptor.sql.BasicExtractor   : extracted value ([col_0_0_] : [INTEGER]) - [114]
2019-01-28 09:14:18.784 TRACE 16560 --- [http-nio-8443-exec-7] o.h.type.descriptor.sql.BasicExtractor   : extracted value ([col_1_0_] : [VARCHAR]) - [-]
2019-01-28 09:14:18.784 TRACE 16560 --- [http-nio-8443-exec-7] o.h.type.descriptor.sql.BasicExtractor   : extracted value ([col_0_0_] : [INTEGER]) - [115]
2019-01-28 09:14:18.784 TRACE 16560 --- [http-nio-8443-exec-7] o.h.type.descriptor.sql.BasicExtractor   : extracted value ([col_1_0_] : [VARCHAR]) - [Macedonia]
2019-01-28 09:14:18.784 TRACE 16560 --- [http-nio-8443-exec-7] o.h.type.descriptor.sql.BasicExtractor   : extracted value ([col_0_0_] : [INTEGER]) - [116]
2019-01-28 09:14:18.784 TRACE 16560 --- [http-nio-8443-exec-7] o.h.type.descriptor.sql.BasicExtractor   : extracted value ([col_1_0_] : [VARCHAR]) - [Coreea]
2019-01-28 09:14:18.785 TRACE 16560 --- [http-nio-8443-exec-7] o.h.type.descriptor.sql.BasicExtractor   : extracted value ([col_0_0_] : [INTEGER]) - [117]
2019-01-28 09:14:18.785 TRACE 16560 --- [http-nio-8443-exec-7] o.h.type.descriptor.sql.BasicExtractor   : extracted value ([col_1_0_] : [VARCHAR]) - [-]
2019-01-28 09:14:18.785 TRACE 16560 --- [http-nio-8443-exec-7] o.h.type.descriptor.sql.BasicExtractor   : extracted value ([col_0_0_] : [INTEGER]) - [118]
2019-01-28 09:14:18.785 TRACE 16560 --- [http-nio-8443-exec-7] o.h.type.descriptor.sql.BasicExtractor   : extracted value ([col_1_0_] : [VARCHAR]) - [Malta]
2019-01-28 09:14:18.785 TRACE 16560 --- [http-nio-8443-exec-7] o.h.type.descriptor.sql.BasicExtractor   : extracted value ([col_0_0_] : [INTEGER]) - [119]
2019-01-28 09:14:18.785 TRACE 16560 --- [http-nio-8443-exec-7] o.h.type.descriptor.sql.BasicExtractor   : extracted value ([col_1_0_] : [VARCHAR]) - [Monaco]
2019-01-28 09:14:18.785 TRACE 16560 --- [http-nio-8443-exec-7] o.h.type.descriptor.sql.BasicExtractor   : extracted value ([col_0_0_] : [INTEGER]) - [120]
2019-01-28 09:14:18.785 TRACE 16560 --- [http-nio-8443-exec-7] o.h.type.descriptor.sql.BasicExtractor   : extracted value ([col_1_0_] : [VARCHAR]) - [Bahamas]
2019-01-28 09:14:18.785 TRACE 16560 --- [http-nio-8443-exec-7] o.h.type.descriptor.sql.BasicExtractor   : extracted value ([col_0_0_] : [INTEGER]) - [121]
2019-01-28 09:14:18.786 TRACE 16560 --- [http-nio-8443-exec-7] o.h.type.descriptor.sql.BasicExtractor   : extracted value ([col_1_0_] : [VARCHAR]) - [Columbia]
2019-01-28 09:14:18.786 TRACE 16560 --- [http-nio-8443-exec-7] o.h.type.descriptor.sql.BasicExtractor   : extracted value ([col_0_0_] : [INTEGER]) - [122]
2019-01-28 09:14:18.786 TRACE 16560 --- [http-nio-8443-exec-7] o.h.type.descriptor.sql.BasicExtractor   : extracted value ([col_1_0_] : [VARCHAR]) - []
2019-01-28 09:14:18.786 TRACE 16560 --- [http-nio-8443-exec-7] o.h.type.descriptor.sql.BasicExtractor   : extracted value ([col_0_0_] : [INTEGER]) - [123]
2019-01-28 09:14:18.786 TRACE 16560 --- [http-nio-8443-exec-7] o.h.type.descriptor.sql.BasicExtractor   : extracted value ([col_1_0_] : [VARCHAR]) - [Arabia Saudită]
2019-01-28 09:14:18.786 TRACE 16560 --- [http-nio-8443-exec-7] o.h.type.descriptor.sql.BasicExtractor   : extracted value ([col_0_0_] : [INTEGER]) - [124]
2019-01-28 09:14:18.786 TRACE 16560 --- [http-nio-8443-exec-7] o.h.type.descriptor.sql.BasicExtractor   : extracted value ([col_1_0_] : [VARCHAR]) - []
2019-01-28 09:14:18.786 TRACE 16560 --- [http-nio-8443-exec-7] o.h.type.descriptor.sql.BasicExtractor   : extracted value ([col_0_0_] : [INTEGER]) - [125]
2019-01-28 09:14:18.786 TRACE 16560 --- [http-nio-8443-exec-7] o.h.type.descriptor.sql.BasicExtractor   : extracted value ([col_1_0_] : [VARCHAR]) - [Mauritius]
2019-01-28 09:14:18.788 TRACE 16560 --- [http-nio-8443-exec-7] o.h.type.descriptor.sql.BasicExtractor   : extracted value ([col_0_0_] : [INTEGER]) - [126]
2019-01-28 09:14:18.789 TRACE 16560 --- [http-nio-8443-exec-7] o.h.type.descriptor.sql.BasicExtractor   : extracted value ([col_1_0_] : [VARCHAR]) - [Indonesia]
2019-01-28 09:14:18.789 TRACE 16560 --- [http-nio-8443-exec-7] o.h.type.descriptor.sql.BasicExtractor   : extracted value ([col_0_0_] : [INTEGER]) - [127]
2019-01-28 09:14:18.789 TRACE 16560 --- [http-nio-8443-exec-7] o.h.type.descriptor.sql.BasicExtractor   : extracted value ([col_1_0_] : [VARCHAR]) - [Coreea de Sud]
2019-01-28 09:14:18.789 TRACE 16560 --- [http-nio-8443-exec-7] o.h.type.descriptor.sql.BasicExtractor   : extracted value ([col_0_0_] : [INTEGER]) - [128]
2019-01-28 09:14:18.789 TRACE 16560 --- [http-nio-8443-exec-7] o.h.type.descriptor.sql.BasicExtractor   : extracted value ([col_1_0_] : [VARCHAR]) - [Republic of Panama]
2019-01-28 09:14:18.789 TRACE 16560 --- [http-nio-8443-exec-7] o.h.type.descriptor.sql.BasicExtractor   : extracted value ([col_0_0_] : [INTEGER]) - [129]
2019-01-28 09:14:18.790 TRACE 16560 --- [http-nio-8443-exec-7] o.h.type.descriptor.sql.BasicExtractor   : extracted value ([col_1_0_] : [VARCHAR]) - []
2019-01-28 09:14:18.790 TRACE 16560 --- [http-nio-8443-exec-7] o.h.type.descriptor.sql.BasicExtractor   : extracted value ([col_0_0_] : [INTEGER]) - [130]
2019-01-28 09:14:18.790 TRACE 16560 --- [http-nio-8443-exec-7] o.h.type.descriptor.sql.BasicExtractor   : extracted value ([col_1_0_] : [VARCHAR]) - []
2019-01-28 09:14:18.790 TRACE 16560 --- [http-nio-8443-exec-7] o.h.type.descriptor.sql.BasicExtractor   : extracted value ([col_0_0_] : [INTEGER]) - [131]
2019-01-28 09:14:18.790 TRACE 16560 --- [http-nio-8443-exec-7] o.h.type.descriptor.sql.BasicExtractor   : extracted value ([col_1_0_] : [VARCHAR]) - []
2019-01-28 09:14:18.790 TRACE 16560 --- [http-nio-8443-exec-7] o.h.type.descriptor.sql.BasicExtractor   : extracted value ([col_0_0_] : [INTEGER]) - [132]
2019-01-28 09:14:18.790 TRACE 16560 --- [http-nio-8443-exec-7] o.h.type.descriptor.sql.BasicExtractor   : extracted value ([col_1_0_] : [VARCHAR]) - [Uzbekistan]
2019-01-28 09:14:18.790 TRACE 16560 --- [http-nio-8443-exec-7] o.h.type.descriptor.sql.BasicExtractor   : extracted value ([col_0_0_] : [INTEGER]) - [133]
2019-01-28 09:14:18.790 TRACE 16560 --- [http-nio-8443-exec-7] o.h.type.descriptor.sql.BasicExtractor   : extracted value ([col_1_0_] : [VARCHAR]) - [Seychelles]
2019-01-28 09:14:18.790 TRACE 16560 --- [http-nio-8443-exec-7] o.h.type.descriptor.sql.BasicExtractor   : extracted value ([col_0_0_] : [INTEGER]) - [134]
2019-01-28 09:14:18.790 TRACE 16560 --- [http-nio-8443-exec-7] o.h.type.descriptor.sql.BasicExtractor   : extracted value ([col_1_0_] : [VARCHAR]) - [Belize]
2019-01-28 09:14:18.793 TRACE 16560 --- [http-nio-8443-exec-7] o.h.type.descriptor.sql.BasicExtractor   : extracted value ([col_0_0_] : [INTEGER]) - [135]
2019-01-28 09:14:18.793 TRACE 16560 --- [http-nio-8443-exec-7] o.h.type.descriptor.sql.BasicExtractor   : extracted value ([col_1_0_] : [VARCHAR]) - [Muntenegru]
2019-01-28 09:14:18.793 TRACE 16560 --- [http-nio-8443-exec-7] o.h.type.descriptor.sql.BasicExtractor   : extracted value ([col_0_0_] : [INTEGER]) - [136]
2019-01-28 09:14:18.793 TRACE 16560 --- [http-nio-8443-exec-7] o.h.type.descriptor.sql.BasicExtractor   : extracted value ([col_1_0_] : [VARCHAR]) - [Noua Zeelandă]
2019-01-28 09:14:18.793 TRACE 16560 --- [http-nio-8443-exec-7] o.h.type.descriptor.sql.BasicExtractor   : extracted value ([col_0_0_] : [INTEGER]) - [137]
2019-01-28 09:14:18.793 TRACE 16560 --- [http-nio-8443-exec-7] o.h.type.descriptor.sql.BasicExtractor   : extracted value ([col_1_0_] : [VARCHAR]) - [Emiratele Arabe Unite]
2019-01-28 09:14:18.793 TRACE 16560 --- [http-nio-8443-exec-7] o.h.type.descriptor.sql.BasicExtractor   : extracted value ([col_0_0_] : [INTEGER]) - [138]
2019-01-28 09:14:18.793 TRACE 16560 --- [http-nio-8443-exec-7] o.h.type.descriptor.sql.BasicExtractor   : extracted value ([col_1_0_] : [VARCHAR]) - [Bangladesh]
2019-01-28 09:14:18.793 TRACE 16560 --- [http-nio-8443-exec-7] o.h.type.descriptor.sql.BasicExtractor   : extracted value ([col_0_0_] : [INTEGER]) - [139]
2019-01-28 09:14:18.793 TRACE 16560 --- [http-nio-8443-exec-7] o.h.type.descriptor.sql.BasicExtractor   : extracted value ([col_1_0_] : [VARCHAR]) - [Hong Kong]
2019-01-28 09:14:18.793 TRACE 16560 --- [http-nio-8443-exec-7] o.h.type.descriptor.sql.BasicExtractor   : extracted value ([col_0_0_] : [INTEGER]) - [140]
2019-01-28 09:14:18.793 TRACE 16560 --- [http-nio-8443-exec-7] o.h.type.descriptor.sql.BasicExtractor   : extracted value ([col_1_0_] : [VARCHAR]) - [Palestina]
2019-01-28 09:14:18.793 TRACE 16560 --- [http-nio-8443-exec-7] o.h.type.descriptor.sql.BasicExtractor   : extracted value ([col_0_0_] : [INTEGER]) - [141]
2019-01-28 09:14:18.794 TRACE 16560 --- [http-nio-8443-exec-7] o.h.type.descriptor.sql.BasicExtractor   : extracted value ([col_1_0_] : [VARCHAR]) - [Tadjikistan]
2019-01-28 09:14:18.794 TRACE 16560 --- [http-nio-8443-exec-7] o.h.type.descriptor.sql.BasicExtractor   : extracted value ([col_0_0_] : [INTEGER]) - [142]
2019-01-28 09:14:18.794 TRACE 16560 --- [http-nio-8443-exec-7] o.h.type.descriptor.sql.BasicExtractor   : extracted value ([col_1_0_] : [VARCHAR]) - [Kazahstan]
2019-01-28 09:14:18.794 TRACE 16560 --- [http-nio-8443-exec-7] o.h.type.descriptor.sql.BasicExtractor   : extracted value ([col_0_0_] : [INTEGER]) - [143]
2019-01-28 09:14:18.794 TRACE 16560 --- [http-nio-8443-exec-7] o.h.type.descriptor.sql.BasicExtractor   : extracted value ([col_1_0_] : [VARCHAR]) - [Singapore]
2019-01-28 09:14:18.795 TRACE 16560 --- [http-nio-8443-exec-7] o.h.type.descriptor.sql.BasicExtractor   : extracted value ([col_0_0_] : [INTEGER]) - [144]
2019-01-28 09:14:18.796 TRACE 16560 --- [http-nio-8443-exec-7] o.h.type.descriptor.sql.BasicExtractor   : extracted value ([col_1_0_] : [VARCHAR]) - [Pakistan]
2019-01-28 09:14:18.796 TRACE 16560 --- [http-nio-8443-exec-7] o.h.type.descriptor.sql.BasicExtractor   : extracted value ([col_0_0_] : [INTEGER]) - [145]
2019-01-28 09:14:18.796 TRACE 16560 --- [http-nio-8443-exec-7] o.h.type.descriptor.sql.BasicExtractor   : extracted value ([col_1_0_] : [VARCHAR]) - [Gibraltar]
2019-01-28 09:14:18.796 TRACE 16560 --- [http-nio-8443-exec-7] o.h.type.descriptor.sql.BasicExtractor   : extracted value ([col_0_0_] : [INTEGER]) - [146]
2019-01-28 09:14:18.796 TRACE 16560 --- [http-nio-8443-exec-7] o.h.type.descriptor.sql.BasicExtractor   : extracted value ([col_1_0_] : [VARCHAR]) - [Thailanda]
2019-01-28 09:14:18.796 TRACE 16560 --- [http-nio-8443-exec-7] o.h.type.descriptor.sql.BasicExtractor   : extracted value ([col_0_0_] : [INTEGER]) - [147]
2019-01-28 09:14:18.796 TRACE 16560 --- [http-nio-8443-exec-7] o.h.type.descriptor.sql.BasicExtractor   : extracted value ([col_1_0_] : [VARCHAR]) - [Uzbekistan]
2019-01-28 09:15:07.532  INFO 5676 --- [main] com.bass.amed.AmedApplication            : Starting AmedApplication on WINDOWS-QLR57QU with PID 5676 (D:\SVN\AMED\Source\amed\out\production\classes started by User in D:\SVN\AMED\Source\amed)
2019-01-28 09:15:07.537 DEBUG 5676 --- [main] com.bass.amed.AmedApplication            : Running with Spring Boot v2.0.3.RELEASE, Spring v5.0.7.RELEASE
2019-01-28 09:15:07.537  INFO 5676 --- [main] com.bass.amed.AmedApplication            : No active profile set, falling back to default profiles: default
2019-01-28 09:15:19.484 DEBUG 5676 --- [localhost-startStop-1] org.hibernate.type.BasicTypeRegistry     : Adding type registration boolean -> org.hibernate.type.BooleanType@6a368e58
2019-01-28 09:15:19.486 DEBUG 5676 --- [localhost-startStop-1] org.hibernate.type.BasicTypeRegistry     : Adding type registration boolean -> org.hibernate.type.BooleanType@6a368e58
2019-01-28 09:15:19.486 DEBUG 5676 --- [localhost-startStop-1] org.hibernate.type.BasicTypeRegistry     : Adding type registration java.lang.Boolean -> org.hibernate.type.BooleanType@6a368e58
2019-01-28 09:15:19.488 DEBUG 5676 --- [localhost-startStop-1] org.hibernate.type.BasicTypeRegistry     : Adding type registration numeric_boolean -> org.hibernate.type.NumericBooleanType@716da201
2019-01-28 09:15:19.490 DEBUG 5676 --- [localhost-startStop-1] org.hibernate.type.BasicTypeRegistry     : Adding type registration true_false -> org.hibernate.type.TrueFalseType@56dbfdd0
2019-01-28 09:15:19.492 DEBUG 5676 --- [localhost-startStop-1] org.hibernate.type.BasicTypeRegistry     : Adding type registration yes_no -> org.hibernate.type.YesNoType@44553012
2019-01-28 09:15:19.496 DEBUG 5676 --- [localhost-startStop-1] org.hibernate.type.BasicTypeRegistry     : Adding type registration byte -> org.hibernate.type.ByteType@1f5d8c36
2019-01-28 09:15:19.496 DEBUG 5676 --- [localhost-startStop-1] org.hibernate.type.BasicTypeRegistry     : Adding type registration byte -> org.hibernate.type.ByteType@1f5d8c36
2019-01-28 09:15:19.496 DEBUG 5676 --- [localhost-startStop-1] org.hibernate.type.BasicTypeRegistry     : Adding type registration java.lang.Byte -> org.hibernate.type.ByteType@1f5d8c36
2019-01-28 09:15:19.498 DEBUG 5676 --- [localhost-startStop-1] org.hibernate.type.BasicTypeRegistry     : Adding type registration character -> org.hibernate.type.CharacterType@21134c54
2019-01-28 09:15:19.498 DEBUG 5676 --- [localhost-startStop-1] org.hibernate.type.BasicTypeRegistry     : Adding type registration char -> org.hibernate.type.CharacterType@21134c54
2019-01-28 09:15:19.498 DEBUG 5676 --- [localhost-startStop-1] org.hibernate.type.BasicTypeRegistry     : Adding type registration java.lang.Character -> org.hibernate.type.CharacterType@21134c54
2019-01-28 09:15:19.501 DEBUG 5676 --- [localhost-startStop-1] org.hibernate.type.BasicTypeRegistry     : Adding type registration short -> org.hibernate.type.ShortType@53227d28
2019-01-28 09:15:19.502 DEBUG 5676 --- [localhost-startStop-1] org.hibernate.type.BasicTypeRegistry     : Adding type registration short -> org.hibernate.type.ShortType@53227d28
2019-01-28 09:15:19.502 DEBUG 5676 --- [localhost-startStop-1] org.hibernate.type.BasicTypeRegistry     : Adding type registration java.lang.Short -> org.hibernate.type.ShortType@53227d28
2019-01-28 09:15:19.504 DEBUG 5676 --- [localhost-startStop-1] org.hibernate.type.BasicTypeRegistry     : Adding type registration integer -> org.hibernate.type.IntegerType@388cfba3
2019-01-28 09:15:19.504 DEBUG 5676 --- [localhost-startStop-1] org.hibernate.type.BasicTypeRegistry     : Adding type registration int -> org.hibernate.type.IntegerType@388cfba3
2019-01-28 09:15:19.504 DEBUG 5676 --- [localhost-startStop-1] org.hibernate.type.BasicTypeRegistry     : Adding type registration java.lang.Integer -> org.hibernate.type.IntegerType@388cfba3
2019-01-28 09:15:19.507 DEBUG 5676 --- [localhost-startStop-1] org.hibernate.type.BasicTypeRegistry     : Adding type registration long -> org.hibernate.type.LongType@3fe38ff1
2019-01-28 09:15:19.507 DEBUG 5676 --- [localhost-startStop-1] org.hibernate.type.BasicTypeRegistry     : Adding type registration long -> org.hibernate.type.LongType@3fe38ff1
2019-01-28 09:15:19.507 DEBUG 5676 --- [localhost-startStop-1] org.hibernate.type.BasicTypeRegistry     : Adding type registration java.lang.Long -> org.hibernate.type.LongType@3fe38ff1
2019-01-28 09:15:19.512 DEBUG 5676 --- [localhost-startStop-1] org.hibernate.type.BasicTypeRegistry     : Adding type registration float -> org.hibernate.type.FloatType@2e5a1db0
2019-01-28 09:15:19.512 DEBUG 5676 --- [localhost-startStop-1] org.hibernate.type.BasicTypeRegistry     : Adding type registration float -> org.hibernate.type.FloatType@2e5a1db0
2019-01-28 09:15:19.512 DEBUG 5676 --- [localhost-startStop-1] org.hibernate.type.BasicTypeRegistry     : Adding type registration java.lang.Float -> org.hibernate.type.FloatType@2e5a1db0
2019-01-28 09:15:19.515 DEBUG 5676 --- [localhost-startStop-1] org.hibernate.type.BasicTypeRegistry     : Adding type registration double -> org.hibernate.type.DoubleType@5754a63f
2019-01-28 09:15:19.515 DEBUG 5676 --- [localhost-startStop-1] org.hibernate.type.BasicTypeRegistry     : Adding type registration double -> org.hibernate.type.DoubleType@5754a63f
2019-01-28 09:15:19.515 DEBUG 5676 --- [localhost-startStop-1] org.hibernate.type.BasicTypeRegistry     : Adding type registration java.lang.Double -> org.hibernate.type.DoubleType@5754a63f
2019-01-28 09:15:19.519 DEBUG 5676 --- [localhost-startStop-1] org.hibernate.type.BasicTypeRegistry     : Adding type registration big_decimal -> org.hibernate.type.BigDecimalType@7534cce8
2019-01-28 09:15:19.519 DEBUG 5676 --- [localhost-startStop-1] org.hibernate.type.BasicTypeRegistry     : Adding type registration java.math.BigDecimal -> org.hibernate.type.BigDecimalType@7534cce8
2019-01-28 09:15:19.521 DEBUG 5676 --- [localhost-startStop-1] org.hibernate.type.BasicTypeRegistry     : Adding type registration big_integer -> org.hibernate.type.BigIntegerType@76f678b6
2019-01-28 09:15:19.521 DEBUG 5676 --- [localhost-startStop-1] org.hibernate.type.BasicTypeRegistry     : Adding type registration java.math.BigInteger -> org.hibernate.type.BigIntegerType@76f678b6
2019-01-28 09:15:19.524 DEBUG 5676 --- [localhost-startStop-1] org.hibernate.type.BasicTypeRegistry     : Adding type registration string -> org.hibernate.type.StringType@4801c900
2019-01-28 09:15:19.524 DEBUG 5676 --- [localhost-startStop-1] org.hibernate.type.BasicTypeRegistry     : Adding type registration java.lang.String -> org.hibernate.type.StringType@4801c900
2019-01-28 09:15:19.527 DEBUG 5676 --- [localhost-startStop-1] org.hibernate.type.BasicTypeRegistry     : Adding type registration nstring -> org.hibernate.type.StringNVarcharType@2caaf450
2019-01-28 09:15:19.529 DEBUG 5676 --- [localhost-startStop-1] org.hibernate.type.BasicTypeRegistry     : Adding type registration ncharacter -> org.hibernate.type.CharacterNCharType@3db139f4
2019-01-28 09:15:19.532 DEBUG 5676 --- [localhost-startStop-1] org.hibernate.type.BasicTypeRegistry     : Adding type registration url -> org.hibernate.type.UrlType@8061fec
2019-01-28 09:15:19.532 DEBUG 5676 --- [localhost-startStop-1] org.hibernate.type.BasicTypeRegistry     : Adding type registration java.net.URL -> org.hibernate.type.UrlType@8061fec
2019-01-28 09:15:19.534 DEBUG 5676 --- [localhost-startStop-1] org.hibernate.type.BasicTypeRegistry     : Adding type registration Duration -> org.hibernate.type.DurationType@6bde1db4
2019-01-28 09:15:19.535 DEBUG 5676 --- [localhost-startStop-1] org.hibernate.type.BasicTypeRegistry     : Adding type registration java.time.Duration -> org.hibernate.type.DurationType@6bde1db4
2019-01-28 09:15:19.538 DEBUG 5676 --- [localhost-startStop-1] org.hibernate.type.BasicTypeRegistry     : Adding type registration Instant -> org.hibernate.type.InstantType@7c3035ed
2019-01-28 09:15:19.538 DEBUG 5676 --- [localhost-startStop-1] org.hibernate.type.BasicTypeRegistry     : Adding type registration java.time.Instant -> org.hibernate.type.InstantType@7c3035ed
2019-01-28 09:15:19.541 DEBUG 5676 --- [localhost-startStop-1] org.hibernate.type.BasicTypeRegistry     : Adding type registration LocalDateTime -> org.hibernate.type.LocalDateTimeType@2583a146
2019-01-28 09:15:19.541 DEBUG 5676 --- [localhost-startStop-1] org.hibernate.type.BasicTypeRegistry     : Adding type registration java.time.LocalDateTime -> org.hibernate.type.LocalDateTimeType@2583a146
2019-01-28 09:15:19.545 DEBUG 5676 --- [localhost-startStop-1] org.hibernate.type.BasicTypeRegistry     : Adding type registration LocalDate -> org.hibernate.type.LocalDateType@43c447e5
2019-01-28 09:15:19.545 DEBUG 5676 --- [localhost-startStop-1] org.hibernate.type.BasicTypeRegistry     : Adding type registration java.time.LocalDate -> org.hibernate.type.LocalDateType@43c447e5
2019-01-28 09:15:19.548 DEBUG 5676 --- [localhost-startStop-1] org.hibernate.type.BasicTypeRegistry     : Adding type registration LocalTime -> org.hibernate.type.LocalTimeType@5bd2b9b9
2019-01-28 09:15:19.548 DEBUG 5676 --- [localhost-startStop-1] org.hibernate.type.BasicTypeRegistry     : Adding type registration java.time.LocalTime -> org.hibernate.type.LocalTimeType@5bd2b9b9
2019-01-28 09:15:19.552 DEBUG 5676 --- [localhost-startStop-1] org.hibernate.type.BasicTypeRegistry     : Adding type registration OffsetDateTime -> org.hibernate.type.OffsetDateTimeType@63a272cf
2019-01-28 09:15:19.552 DEBUG 5676 --- [localhost-startStop-1] org.hibernate.type.BasicTypeRegistry     : Adding type registration java.time.OffsetDateTime -> org.hibernate.type.OffsetDateTimeType@63a272cf
2019-01-28 09:15:19.555 DEBUG 5676 --- [localhost-startStop-1] org.hibernate.type.BasicTypeRegistry     : Adding type registration OffsetTime -> org.hibernate.type.OffsetTimeType@44783042
2019-01-28 09:15:19.555 DEBUG 5676 --- [localhost-startStop-1] org.hibernate.type.BasicTypeRegistry     : Adding type registration java.time.OffsetTime -> org.hibernate.type.OffsetTimeType@44783042
2019-01-28 09:15:19.561 DEBUG 5676 --- [localhost-startStop-1] org.hibernate.type.BasicTypeRegistry     : Adding type registration ZonedDateTime -> org.hibernate.type.ZonedDateTimeType@29739e8e
2019-01-28 09:15:19.561 DEBUG 5676 --- [localhost-startStop-1] org.hibernate.type.BasicTypeRegistry     : Adding type registration java.time.ZonedDateTime -> org.hibernate.type.ZonedDateTimeType@29739e8e
2019-01-28 09:15:19.566 DEBUG 5676 --- [localhost-startStop-1] org.hibernate.type.BasicTypeRegistry     : Adding type registration date -> org.hibernate.type.DateType@1ed69ca
2019-01-28 09:15:19.566 DEBUG 5676 --- [localhost-startStop-1] org.hibernate.type.BasicTypeRegistry     : Adding type registration java.sql.Date -> org.hibernate.type.DateType@1ed69ca
2019-01-28 09:15:19.570 DEBUG 5676 --- [localhost-startStop-1] org.hibernate.type.BasicTypeRegistry     : Adding type registration time -> org.hibernate.type.TimeType@5dc833c9
2019-01-28 09:15:19.571 DEBUG 5676 --- [localhost-startStop-1] org.hibernate.type.BasicTypeRegistry     : Adding type registration java.sql.Time -> org.hibernate.type.TimeType@5dc833c9
2019-01-28 09:15:19.574 DEBUG 5676 --- [localhost-startStop-1] org.hibernate.type.BasicTypeRegistry     : Adding type registration timestamp -> org.hibernate.type.TimestampType@526dacea
2019-01-28 09:15:19.574 DEBUG 5676 --- [localhost-startStop-1] org.hibernate.type.BasicTypeRegistry     : Adding type registration java.sql.Timestamp -> org.hibernate.type.TimestampType@526dacea
2019-01-28 09:15:19.574 DEBUG 5676 --- [localhost-startStop-1] org.hibernate.type.BasicTypeRegistry     : Adding type registration java.util.Date -> org.hibernate.type.TimestampType@526dacea
2019-01-28 09:15:19.577 DEBUG 5676 --- [localhost-startStop-1] org.hibernate.type.BasicTypeRegistry     : Adding type registration dbtimestamp -> org.hibernate.type.DbTimestampType@3b02e6a0
2019-01-28 09:15:19.581 DEBUG 5676 --- [localhost-startStop-1] org.hibernate.type.BasicTypeRegistry     : Adding type registration calendar -> org.hibernate.type.CalendarType@406daf5b
2019-01-28 09:15:19.582 DEBUG 5676 --- [localhost-startStop-1] org.hibernate.type.BasicTypeRegistry     : Adding type registration java.util.Calendar -> org.hibernate.type.CalendarType@406daf5b
2019-01-28 09:15:19.582 DEBUG 5676 --- [localhost-startStop-1] org.hibernate.type.BasicTypeRegistry     : Adding type registration java.util.GregorianCalendar -> org.hibernate.type.CalendarType@406daf5b
2019-01-28 09:15:19.584 DEBUG 5676 --- [localhost-startStop-1] org.hibernate.type.BasicTypeRegistry     : Adding type registration calendar_date -> org.hibernate.type.CalendarDateType@2784d184
2019-01-28 09:15:19.587 DEBUG 5676 --- [localhost-startStop-1] org.hibernate.type.BasicTypeRegistry     : Adding type registration locale -> org.hibernate.type.LocaleType@1ca91644
2019-01-28 09:15:19.587 DEBUG 5676 --- [localhost-startStop-1] org.hibernate.type.BasicTypeRegistry     : Adding type registration java.util.Locale -> org.hibernate.type.LocaleType@1ca91644
2019-01-28 09:15:19.590 DEBUG 5676 --- [localhost-startStop-1] org.hibernate.type.BasicTypeRegistry     : Adding type registration currency -> org.hibernate.type.CurrencyType@276b8870
2019-01-28 09:15:19.590 DEBUG 5676 --- [localhost-startStop-1] org.hibernate.type.BasicTypeRegistry     : Adding type registration java.util.Currency -> org.hibernate.type.CurrencyType@276b8870
2019-01-28 09:15:19.592 DEBUG 5676 --- [localhost-startStop-1] org.hibernate.type.BasicTypeRegistry     : Adding type registration timezone -> org.hibernate.type.TimeZoneType@2ecb3f39
2019-01-28 09:15:19.593 DEBUG 5676 --- [localhost-startStop-1] org.hibernate.type.BasicTypeRegistry     : Adding type registration java.util.TimeZone -> org.hibernate.type.TimeZoneType@2ecb3f39
2019-01-28 09:15:19.596 DEBUG 5676 --- [localhost-startStop-1] org.hibernate.type.BasicTypeRegistry     : Adding type registration class -> org.hibernate.type.ClassType@2750e80a
2019-01-28 09:15:19.596 DEBUG 5676 --- [localhost-startStop-1] org.hibernate.type.BasicTypeRegistry     : Adding type registration java.lang.Class -> org.hibernate.type.ClassType@2750e80a
2019-01-28 09:15:19.600 DEBUG 5676 --- [localhost-startStop-1] org.hibernate.type.BasicTypeRegistry     : Adding type registration uuid-binary -> org.hibernate.type.UUIDBinaryType@36070008
2019-01-28 09:15:19.601 DEBUG 5676 --- [localhost-startStop-1] org.hibernate.type.BasicTypeRegistry     : Adding type registration java.util.UUID -> org.hibernate.type.UUIDBinaryType@36070008
2019-01-28 09:15:19.602 DEBUG 5676 --- [localhost-startStop-1] org.hibernate.type.BasicTypeRegistry     : Adding type registration uuid-char -> org.hibernate.type.UUIDCharType@56f4134b
2019-01-28 09:15:19.605 DEBUG 5676 --- [localhost-startStop-1] org.hibernate.type.BasicTypeRegistry     : Adding type registration binary -> org.hibernate.type.BinaryType@3988a0eb
2019-01-28 09:15:19.605 DEBUG 5676 --- [localhost-startStop-1] org.hibernate.type.BasicTypeRegistry     : Adding type registration byte[] -> org.hibernate.type.BinaryType@3988a0eb
2019-01-28 09:15:19.605 DEBUG 5676 --- [localhost-startStop-1] org.hibernate.type.BasicTypeRegistry     : Adding type registration [B -> org.hibernate.type.BinaryType@3988a0eb
2019-01-28 09:15:19.608 DEBUG 5676 --- [localhost-startStop-1] org.hibernate.type.BasicTypeRegistry     : Adding type registration wrapper-binary -> org.hibernate.type.WrapperBinaryType@4d7f1a99
2019-01-28 09:15:19.608 DEBUG 5676 --- [localhost-startStop-1] org.hibernate.type.BasicTypeRegistry     : Adding type registration Byte[] -> org.hibernate.type.WrapperBinaryType@4d7f1a99
2019-01-28 09:15:19.608 DEBUG 5676 --- [localhost-startStop-1] org.hibernate.type.BasicTypeRegistry     : Adding type registration [Ljava.lang.Byte; -> org.hibernate.type.WrapperBinaryType@4d7f1a99
2019-01-28 09:15:19.611 DEBUG 5676 --- [localhost-startStop-1] org.hibernate.type.BasicTypeRegistry     : Adding type registration row_version -> org.hibernate.type.RowVersionType@605c7398
2019-01-28 09:15:19.614 DEBUG 5676 --- [localhost-startStop-1] org.hibernate.type.BasicTypeRegistry     : Adding type registration image -> org.hibernate.type.ImageType@68327295
2019-01-28 09:15:19.617 DEBUG 5676 --- [localhost-startStop-1] org.hibernate.type.BasicTypeRegistry     : Adding type registration characters -> org.hibernate.type.CharArrayType@59875f75
2019-01-28 09:15:19.617 DEBUG 5676 --- [localhost-startStop-1] org.hibernate.type.BasicTypeRegistry     : Adding type registration char[] -> org.hibernate.type.CharArrayType@59875f75
2019-01-28 09:15:19.617 DEBUG 5676 --- [localhost-startStop-1] org.hibernate.type.BasicTypeRegistry     : Adding type registration [C -> org.hibernate.type.CharArrayType@59875f75
2019-01-28 09:15:19.620 DEBUG 5676 --- [localhost-startStop-1] org.hibernate.type.BasicTypeRegistry     : Adding type registration wrapper-characters -> org.hibernate.type.CharacterArrayType@48435989
2019-01-28 09:15:19.620 DEBUG 5676 --- [localhost-startStop-1] org.hibernate.type.BasicTypeRegistry     : Adding type registration [Ljava.lang.Character; -> org.hibernate.type.CharacterArrayType@48435989
2019-01-28 09:15:19.620 DEBUG 5676 --- [localhost-startStop-1] org.hibernate.type.BasicTypeRegistry     : Adding type registration Character[] -> org.hibernate.type.CharacterArrayType@48435989
2019-01-28 09:15:19.622 DEBUG 5676 --- [localhost-startStop-1] org.hibernate.type.BasicTypeRegistry     : Adding type registration text -> org.hibernate.type.TextType@29447e12
2019-01-28 09:15:19.623 DEBUG 5676 --- [localhost-startStop-1] org.hibernate.type.BasicTypeRegistry     : Adding type registration ntext -> org.hibernate.type.NTextType@15721de
2019-01-28 09:15:19.630 DEBUG 5676 --- [localhost-startStop-1] org.hibernate.type.BasicTypeRegistry     : Adding type registration blob -> org.hibernate.type.BlobType@751e8597
2019-01-28 09:15:19.630 DEBUG 5676 --- [localhost-startStop-1] org.hibernate.type.BasicTypeRegistry     : Adding type registration java.sql.Blob -> org.hibernate.type.BlobType@751e8597
2019-01-28 09:15:19.631 DEBUG 5676 --- [localhost-startStop-1] org.hibernate.type.BasicTypeRegistry     : Adding type registration materialized_blob -> org.hibernate.type.MaterializedBlobType@25b71f39
2019-01-28 09:15:19.635 DEBUG 5676 --- [localhost-startStop-1] org.hibernate.type.BasicTypeRegistry     : Adding type registration clob -> org.hibernate.type.ClobType@1b223c6b
2019-01-28 09:15:19.635 DEBUG 5676 --- [localhost-startStop-1] org.hibernate.type.BasicTypeRegistry     : Adding type registration java.sql.Clob -> org.hibernate.type.ClobType@1b223c6b
2019-01-28 09:15:19.640 DEBUG 5676 --- [localhost-startStop-1] org.hibernate.type.BasicTypeRegistry     : Adding type registration nclob -> org.hibernate.type.NClobType@15400ab6
2019-01-28 09:15:19.640 DEBUG 5676 --- [localhost-startStop-1] org.hibernate.type.BasicTypeRegistry     : Adding type registration java.sql.NClob -> org.hibernate.type.NClobType@15400ab6
2019-01-28 09:15:19.641 DEBUG 5676 --- [localhost-startStop-1] org.hibernate.type.BasicTypeRegistry     : Adding type registration materialized_clob -> org.hibernate.type.MaterializedClobType@6eb298ce
2019-01-28 09:15:19.642 DEBUG 5676 --- [localhost-startStop-1] org.hibernate.type.BasicTypeRegistry     : Adding type registration materialized_nclob -> org.hibernate.type.MaterializedNClobType@148cc3b8
2019-01-28 09:15:19.645 DEBUG 5676 --- [localhost-startStop-1] org.hibernate.type.BasicTypeRegistry     : Adding type registration serializable -> org.hibernate.type.SerializableType@63ba3430
2019-01-28 09:15:19.651 DEBUG 5676 --- [localhost-startStop-1] org.hibernate.type.BasicTypeRegistry     : Adding type registration object -> org.hibernate.type.ObjectType@4ff02f23
2019-01-28 09:15:19.651 DEBUG 5676 --- [localhost-startStop-1] org.hibernate.type.BasicTypeRegistry     : Adding type registration java.lang.Object -> org.hibernate.type.ObjectType@4ff02f23
2019-01-28 09:15:19.652 DEBUG 5676 --- [localhost-startStop-1] org.hibernate.type.BasicTypeRegistry     : Adding type registration imm_date -> org.hibernate.type.AdaptedImmutableType@38cdb73e
2019-01-28 09:15:19.652 DEBUG 5676 --- [localhost-startStop-1] org.hibernate.type.BasicTypeRegistry     : Adding type registration imm_time -> org.hibernate.type.AdaptedImmutableType@594c9c92
2019-01-28 09:15:19.652 DEBUG 5676 --- [localhost-startStop-1] org.hibernate.type.BasicTypeRegistry     : Adding type registration imm_timestamp -> org.hibernate.type.AdaptedImmutableType@569e2071
2019-01-28 09:15:19.652 DEBUG 5676 --- [localhost-startStop-1] org.hibernate.type.BasicTypeRegistry     : Adding type registration imm_dbtimestamp -> org.hibernate.type.AdaptedImmutableType@708d4016
2019-01-28 09:15:19.652 DEBUG 5676 --- [localhost-startStop-1] org.hibernate.type.BasicTypeRegistry     : Adding type registration imm_calendar -> org.hibernate.type.AdaptedImmutableType@25ac7d7e
2019-01-28 09:15:19.652 DEBUG 5676 --- [localhost-startStop-1] org.hibernate.type.BasicTypeRegistry     : Adding type registration imm_calendar_date -> org.hibernate.type.AdaptedImmutableType@18b9dd55
2019-01-28 09:15:19.652 DEBUG 5676 --- [localhost-startStop-1] org.hibernate.type.BasicTypeRegistry     : Adding type registration imm_binary -> org.hibernate.type.AdaptedImmutableType@3f83fb9b
2019-01-28 09:15:19.652 DEBUG 5676 --- [localhost-startStop-1] org.hibernate.type.BasicTypeRegistry     : Adding type registration imm_serializable -> org.hibernate.type.AdaptedImmutableType@2514818d
2019-01-28 09:15:20.930 ERROR 5676 --- [localhost-startStop-1] o.s.b.web.embedded.tomcat.TomcatStarter  : Error starting Tomcat context. Exception: org.springframework.beans.factory.BeanCreationException. Message: Error creating bean with name 'jwtAuthFilter' defined in class path resource [com/bass/amed/configuration/LdapSecurityConfiguration.class]: Bean instantiation via factory method failed; nested exception is org.springframework.beans.BeanInstantiationException: Failed to instantiate [com.bass.amed.security.JWTFilter]: Factory method 'jwtAuthFilter' threw exception; nested exception is org.springframework.beans.factory.UnsatisfiedDependencyException: Error creating bean with name 'getTokenProvider': Unsatisfied dependency expressed through field 'scrUserRepository'; nested exception is org.springframework.beans.factory.BeanCreationException: Error creating bean with name 'srcUserRepository': Cannot create inner bean '(inner bean)#8061796' of type [org.springframework.orm.jpa.SharedEntityManagerCreator] while setting bean property 'entityManager'; nested exception is org.springframework.beans.factory.BeanCreationException: Error creating bean with name '(inner bean)#8061796': Cannot resolve reference to bean 'entityManagerFactory' while setting constructor argument; nested exception is org.springframework.beans.factory.BeanCreationException: Error creating bean with name 'entityManagerFactory' defined in class path resource [com/bass/amed/configuration/DBConfiguration.class]: Bean instantiation via factory method failed; nested exception is org.springframework.beans.BeanInstantiationException: Failed to instantiate [javax.persistence.EntityManagerFactory]: Factory method 'entityManagerFactory' threw exception; nested exception is javax.persistence.PersistenceException: [PersistenceUnit: primary.datasource] Unable to build Hibernate SessionFactory; nested exception is org.hibernate.MappingException: Could not determine type for: com.bass.amed.entity.NmCustomsPointsEntity, at table: invoices, for columns: [org.hibernate.mapping.Column(customs_code)]
2019-01-28 09:15:20.977  WARN 5676 --- [localhost-startStop-1] o.a.c.loader.WebappClassLoaderBase       : The web application [ROOT] appears to have started a thread named [HikariPool-1 housekeeper] but has failed to stop it. This is very likely to create a memory leak. Stack trace of thread:
 sun.misc.Unsafe.park(Native Method)
 java.util.concurrent.locks.LockSupport.parkNanos(LockSupport.java:215)
 java.util.concurrent.locks.AbstractQueuedSynchronizer$ConditionObject.awaitNanos(AbstractQueuedSynchronizer.java:2078)
 java.util.concurrent.ScheduledThreadPoolExecutor$DelayedWorkQueue.take(ScheduledThreadPoolExecutor.java:1093)
 java.util.concurrent.ScheduledThreadPoolExecutor$DelayedWorkQueue.take(ScheduledThreadPoolExecutor.java:809)
 java.util.concurrent.ThreadPoolExecutor.getTask(ThreadPoolExecutor.java:1074)
 java.util.concurrent.ThreadPoolExecutor.runWorker(ThreadPoolExecutor.java:1134)
 java.util.concurrent.ThreadPoolExecutor$Worker.run(ThreadPoolExecutor.java:624)
 java.lang.Thread.run(Thread.java:748)
2019-01-28 09:15:20.977  WARN 5676 --- [localhost-startStop-1] o.a.c.loader.WebappClassLoaderBase       : The web application [ROOT] appears to have started a thread named [Thread-29] but has failed to stop it. This is very likely to create a memory leak. Stack trace of thread:
 sun.misc.Unsafe.park(Native Method)
 java.util.concurrent.locks.LockSupport.park(LockSupport.java:175)
 java.util.concurrent.locks.AbstractQueuedSynchronizer$ConditionObject.await(AbstractQueuedSynchronizer.java:2039)
 java.util.concurrent.LinkedBlockingQueue.take(LinkedBlockingQueue.java:442)
 org.LatencyUtils.PauseDetector$PauseDetectorThread.run(PauseDetector.java:85)
2019-01-28 09:15:20.978  WARN 5676 --- [localhost-startStop-1] o.a.c.loader.WebappClassLoaderBase       : The web application [ROOT] appears to have started a thread named [SimplePauseDetectorThread_0] but has failed to stop it. This is very likely to create a memory leak. Stack trace of thread:
 java.lang.Thread.sleep(Native Method)
 java.lang.Thread.sleep(Thread.java:340)
 java.util.concurrent.TimeUnit.sleep(TimeUnit.java:386)
 org.LatencyUtils.TimeServices.sleepNanos(TimeServices.java:62)
 org.LatencyUtils.SimplePauseDetector$SimplePauseDetectorThread.run(SimplePauseDetector.java:116)
2019-01-28 09:15:20.978  WARN 5676 --- [localhost-startStop-1] o.a.c.loader.WebappClassLoaderBase       : The web application [ROOT] appears to have started a thread named [HikariPool-1 connection adder] but has failed to stop it. This is very likely to create a memory leak. Stack trace of thread:
 sun.misc.Unsafe.park(Native Method)
 java.util.concurrent.locks.LockSupport.parkNanos(LockSupport.java:215)
 java.util.concurrent.locks.AbstractQueuedSynchronizer$ConditionObject.awaitNanos(AbstractQueuedSynchronizer.java:2078)
 java.util.concurrent.LinkedBlockingQueue.poll(LinkedBlockingQueue.java:467)
 java.util.concurrent.ThreadPoolExecutor.getTask(ThreadPoolExecutor.java:1073)
 java.util.concurrent.ThreadPoolExecutor.runWorker(ThreadPoolExecutor.java:1134)
 java.util.concurrent.ThreadPoolExecutor$Worker.run(ThreadPoolExecutor.java:624)
 java.lang.Thread.run(Thread.java:748)
2019-01-28 09:15:20.985  WARN 5676 --- [main] ConfigServletWebServerApplicationContext : Exception encountered during context initialization - cancelling refresh attempt: org.springframework.context.ApplicationContextException: Unable to start web server; nested exception is org.springframework.boot.web.server.WebServerException: Unable to start embedded Tomcat
2019-01-28 09:16:37.806  INFO 14224 --- [main] com.bass.amed.AmedApplication            : Starting AmedApplication on WINDOWS-QLR57QU with PID 14224 (D:\SVN\AMED\Source\amed\out\production\classes started by User in D:\SVN\AMED\Source\amed)
2019-01-28 09:16:37.810 DEBUG 14224 --- [main] com.bass.amed.AmedApplication            : Running with Spring Boot v2.0.3.RELEASE, Spring v5.0.7.RELEASE
2019-01-28 09:16:37.811  INFO 14224 --- [main] com.bass.amed.AmedApplication            : No active profile set, falling back to default profiles: default
2019-01-28 09:16:43.042 DEBUG 14224 --- [localhost-startStop-1] org.hibernate.type.BasicTypeRegistry     : Adding type registration boolean -> org.hibernate.type.BooleanType@12d3a191
2019-01-28 09:16:43.044 DEBUG 14224 --- [localhost-startStop-1] org.hibernate.type.BasicTypeRegistry     : Adding type registration boolean -> org.hibernate.type.BooleanType@12d3a191
2019-01-28 09:16:43.045 DEBUG 14224 --- [localhost-startStop-1] org.hibernate.type.BasicTypeRegistry     : Adding type registration java.lang.Boolean -> org.hibernate.type.BooleanType@12d3a191
2019-01-28 09:16:43.046 DEBUG 14224 --- [localhost-startStop-1] org.hibernate.type.BasicTypeRegistry     : Adding type registration numeric_boolean -> org.hibernate.type.NumericBooleanType@411db3fb
2019-01-28 09:16:43.048 DEBUG 14224 --- [localhost-startStop-1] org.hibernate.type.BasicTypeRegistry     : Adding type registration true_false -> org.hibernate.type.TrueFalseType@caa29c2
2019-01-28 09:16:43.050 DEBUG 14224 --- [localhost-startStop-1] org.hibernate.type.BasicTypeRegistry     : Adding type registration yes_no -> org.hibernate.type.YesNoType@14fb7894
2019-01-28 09:16:43.053 DEBUG 14224 --- [localhost-startStop-1] org.hibernate.type.BasicTypeRegistry     : Adding type registration byte -> org.hibernate.type.ByteType@233a3743
2019-01-28 09:16:43.054 DEBUG 14224 --- [localhost-startStop-1] org.hibernate.type.BasicTypeRegistry     : Adding type registration byte -> org.hibernate.type.ByteType@233a3743
2019-01-28 09:16:43.054 DEBUG 14224 --- [localhost-startStop-1] org.hibernate.type.BasicTypeRegistry     : Adding type registration java.lang.Byte -> org.hibernate.type.ByteType@233a3743
2019-01-28 09:16:43.056 DEBUG 14224 --- [localhost-startStop-1] org.hibernate.type.BasicTypeRegistry     : Adding type registration character -> org.hibernate.type.CharacterType@116453e5
2019-01-28 09:16:43.056 DEBUG 14224 --- [localhost-startStop-1] org.hibernate.type.BasicTypeRegistry     : Adding type registration char -> org.hibernate.type.CharacterType@116453e5
2019-01-28 09:16:43.056 DEBUG 14224 --- [localhost-startStop-1] org.hibernate.type.BasicTypeRegistry     : Adding type registration java.lang.Character -> org.hibernate.type.CharacterType@116453e5
2019-01-28 09:16:43.059 DEBUG 14224 --- [localhost-startStop-1] org.hibernate.type.BasicTypeRegistry     : Adding type registration short -> org.hibernate.type.ShortType@15871d38
2019-01-28 09:16:43.060 DEBUG 14224 --- [localhost-startStop-1] org.hibernate.type.BasicTypeRegistry     : Adding type registration short -> org.hibernate.type.ShortType@15871d38
2019-01-28 09:16:43.060 DEBUG 14224 --- [localhost-startStop-1] org.hibernate.type.BasicTypeRegistry     : Adding type registration java.lang.Short -> org.hibernate.type.ShortType@15871d38
2019-01-28 09:16:43.062 DEBUG 14224 --- [localhost-startStop-1] org.hibernate.type.BasicTypeRegistry     : Adding type registration integer -> org.hibernate.type.IntegerType@28764249
2019-01-28 09:16:43.062 DEBUG 14224 --- [localhost-startStop-1] org.hibernate.type.BasicTypeRegistry     : Adding type registration int -> org.hibernate.type.IntegerType@28764249
2019-01-28 09:16:43.062 DEBUG 14224 --- [localhost-startStop-1] org.hibernate.type.BasicTypeRegistry     : Adding type registration java.lang.Integer -> org.hibernate.type.IntegerType@28764249
2019-01-28 09:16:43.064 DEBUG 14224 --- [localhost-startStop-1] org.hibernate.type.BasicTypeRegistry     : Adding type registration long -> org.hibernate.type.LongType@99796fa
2019-01-28 09:16:43.065 DEBUG 14224 --- [localhost-startStop-1] org.hibernate.type.BasicTypeRegistry     : Adding type registration long -> org.hibernate.type.LongType@99796fa
2019-01-28 09:16:43.065 DEBUG 14224 --- [localhost-startStop-1] org.hibernate.type.BasicTypeRegistry     : Adding type registration java.lang.Long -> org.hibernate.type.LongType@99796fa
2019-01-28 09:16:43.069 DEBUG 14224 --- [localhost-startStop-1] org.hibernate.type.BasicTypeRegistry     : Adding type registration float -> org.hibernate.type.FloatType@f6ee319
2019-01-28 09:16:43.069 DEBUG 14224 --- [localhost-startStop-1] org.hibernate.type.BasicTypeRegistry     : Adding type registration float -> org.hibernate.type.FloatType@f6ee319
2019-01-28 09:16:43.069 DEBUG 14224 --- [localhost-startStop-1] org.hibernate.type.BasicTypeRegistry     : Adding type registration java.lang.Float -> org.hibernate.type.FloatType@f6ee319
2019-01-28 09:16:43.072 DEBUG 14224 --- [localhost-startStop-1] org.hibernate.type.BasicTypeRegistry     : Adding type registration double -> org.hibernate.type.DoubleType@265a6c7a
2019-01-28 09:16:43.072 DEBUG 14224 --- [localhost-startStop-1] org.hibernate.type.BasicTypeRegistry     : Adding type registration double -> org.hibernate.type.DoubleType@265a6c7a
2019-01-28 09:16:43.073 DEBUG 14224 --- [localhost-startStop-1] org.hibernate.type.BasicTypeRegistry     : Adding type registration java.lang.Double -> org.hibernate.type.DoubleType@265a6c7a
2019-01-28 09:16:43.075 DEBUG 14224 --- [localhost-startStop-1] org.hibernate.type.BasicTypeRegistry     : Adding type registration big_decimal -> org.hibernate.type.BigDecimalType@24e1f05d
2019-01-28 09:16:43.075 DEBUG 14224 --- [localhost-startStop-1] org.hibernate.type.BasicTypeRegistry     : Adding type registration java.math.BigDecimal -> org.hibernate.type.BigDecimalType@24e1f05d
2019-01-28 09:16:43.077 DEBUG 14224 --- [localhost-startStop-1] org.hibernate.type.BasicTypeRegistry     : Adding type registration big_integer -> org.hibernate.type.BigIntegerType@185aaaf8
2019-01-28 09:16:43.077 DEBUG 14224 --- [localhost-startStop-1] org.hibernate.type.BasicTypeRegistry     : Adding type registration java.math.BigInteger -> org.hibernate.type.BigIntegerType@185aaaf8
2019-01-28 09:16:43.079 DEBUG 14224 --- [localhost-startStop-1] org.hibernate.type.BasicTypeRegistry     : Adding type registration string -> org.hibernate.type.StringType@535d2b49
2019-01-28 09:16:43.079 DEBUG 14224 --- [localhost-startStop-1] org.hibernate.type.BasicTypeRegistry     : Adding type registration java.lang.String -> org.hibernate.type.StringType@535d2b49
2019-01-28 09:16:43.082 DEBUG 14224 --- [localhost-startStop-1] org.hibernate.type.BasicTypeRegistry     : Adding type registration nstring -> org.hibernate.type.StringNVarcharType@6eeda8c2
2019-01-28 09:16:43.084 DEBUG 14224 --- [localhost-startStop-1] org.hibernate.type.BasicTypeRegistry     : Adding type registration ncharacter -> org.hibernate.type.CharacterNCharType@5e6fd14d
2019-01-28 09:16:43.086 DEBUG 14224 --- [localhost-startStop-1] org.hibernate.type.BasicTypeRegistry     : Adding type registration url -> org.hibernate.type.UrlType@4e781cf8
2019-01-28 09:16:43.086 DEBUG 14224 --- [localhost-startStop-1] org.hibernate.type.BasicTypeRegistry     : Adding type registration java.net.URL -> org.hibernate.type.UrlType@4e781cf8
2019-01-28 09:16:43.088 DEBUG 14224 --- [localhost-startStop-1] org.hibernate.type.BasicTypeRegistry     : Adding type registration Duration -> org.hibernate.type.DurationType@1586681b
2019-01-28 09:16:43.088 DEBUG 14224 --- [localhost-startStop-1] org.hibernate.type.BasicTypeRegistry     : Adding type registration java.time.Duration -> org.hibernate.type.DurationType@1586681b
2019-01-28 09:16:43.091 DEBUG 14224 --- [localhost-startStop-1] org.hibernate.type.BasicTypeRegistry     : Adding type registration Instant -> org.hibernate.type.InstantType@690cb23b
2019-01-28 09:16:43.091 DEBUG 14224 --- [localhost-startStop-1] org.hibernate.type.BasicTypeRegistry     : Adding type registration java.time.Instant -> org.hibernate.type.InstantType@690cb23b
2019-01-28 09:16:43.093 DEBUG 14224 --- [localhost-startStop-1] org.hibernate.type.BasicTypeRegistry     : Adding type registration LocalDateTime -> org.hibernate.type.LocalDateTimeType@54baecaa
2019-01-28 09:16:43.093 DEBUG 14224 --- [localhost-startStop-1] org.hibernate.type.BasicTypeRegistry     : Adding type registration java.time.LocalDateTime -> org.hibernate.type.LocalDateTimeType@54baecaa
2019-01-28 09:16:43.096 DEBUG 14224 --- [localhost-startStop-1] org.hibernate.type.BasicTypeRegistry     : Adding type registration LocalDate -> org.hibernate.type.LocalDateType@578a4e2f
2019-01-28 09:16:43.096 DEBUG 14224 --- [localhost-startStop-1] org.hibernate.type.BasicTypeRegistry     : Adding type registration java.time.LocalDate -> org.hibernate.type.LocalDateType@578a4e2f
2019-01-28 09:16:43.098 DEBUG 14224 --- [localhost-startStop-1] org.hibernate.type.BasicTypeRegistry     : Adding type registration LocalTime -> org.hibernate.type.LocalTimeType@4ff216e2
2019-01-28 09:16:43.098 DEBUG 14224 --- [localhost-startStop-1] org.hibernate.type.BasicTypeRegistry     : Adding type registration java.time.LocalTime -> org.hibernate.type.LocalTimeType@4ff216e2
2019-01-28 09:16:43.100 DEBUG 14224 --- [localhost-startStop-1] org.hibernate.type.BasicTypeRegistry     : Adding type registration OffsetDateTime -> org.hibernate.type.OffsetDateTimeType@58e71a75
2019-01-28 09:16:43.101 DEBUG 14224 --- [localhost-startStop-1] org.hibernate.type.BasicTypeRegistry     : Adding type registration java.time.OffsetDateTime -> org.hibernate.type.OffsetDateTimeType@58e71a75
2019-01-28 09:16:43.102 DEBUG 14224 --- [localhost-startStop-1] org.hibernate.type.BasicTypeRegistry     : Adding type registration OffsetTime -> org.hibernate.type.OffsetTimeType@57c805ce
2019-01-28 09:16:43.102 DEBUG 14224 --- [localhost-startStop-1] org.hibernate.type.BasicTypeRegistry     : Adding type registration java.time.OffsetTime -> org.hibernate.type.OffsetTimeType@57c805ce
2019-01-28 09:16:43.106 DEBUG 14224 --- [localhost-startStop-1] org.hibernate.type.BasicTypeRegistry     : Adding type registration ZonedDateTime -> org.hibernate.type.ZonedDateTimeType@20befb18
2019-01-28 09:16:43.106 DEBUG 14224 --- [localhost-startStop-1] org.hibernate.type.BasicTypeRegistry     : Adding type registration java.time.ZonedDateTime -> org.hibernate.type.ZonedDateTimeType@20befb18
2019-01-28 09:16:43.109 DEBUG 14224 --- [localhost-startStop-1] org.hibernate.type.BasicTypeRegistry     : Adding type registration date -> org.hibernate.type.DateType@5ac53980
2019-01-28 09:16:43.109 DEBUG 14224 --- [localhost-startStop-1] org.hibernate.type.BasicTypeRegistry     : Adding type registration java.sql.Date -> org.hibernate.type.DateType@5ac53980
2019-01-28 09:16:43.112 DEBUG 14224 --- [localhost-startStop-1] org.hibernate.type.BasicTypeRegistry     : Adding type registration time -> org.hibernate.type.TimeType@4c110448
2019-01-28 09:16:43.112 DEBUG 14224 --- [localhost-startStop-1] org.hibernate.type.BasicTypeRegistry     : Adding type registration java.sql.Time -> org.hibernate.type.TimeType@4c110448
2019-01-28 09:16:43.114 DEBUG 14224 --- [localhost-startStop-1] org.hibernate.type.BasicTypeRegistry     : Adding type registration timestamp -> org.hibernate.type.TimestampType@7ba2431f
2019-01-28 09:16:43.114 DEBUG 14224 --- [localhost-startStop-1] org.hibernate.type.BasicTypeRegistry     : Adding type registration java.sql.Timestamp -> org.hibernate.type.TimestampType@7ba2431f
2019-01-28 09:16:43.115 DEBUG 14224 --- [localhost-startStop-1] org.hibernate.type.BasicTypeRegistry     : Adding type registration java.util.Date -> org.hibernate.type.TimestampType@7ba2431f
2019-01-28 09:16:43.117 DEBUG 14224 --- [localhost-startStop-1] org.hibernate.type.BasicTypeRegistry     : Adding type registration dbtimestamp -> org.hibernate.type.DbTimestampType@2e095104
2019-01-28 09:16:43.119 DEBUG 14224 --- [localhost-startStop-1] org.hibernate.type.BasicTypeRegistry     : Adding type registration calendar -> org.hibernate.type.CalendarType@6099a535
2019-01-28 09:16:43.119 DEBUG 14224 --- [localhost-startStop-1] org.hibernate.type.BasicTypeRegistry     : Adding type registration java.util.Calendar -> org.hibernate.type.CalendarType@6099a535
2019-01-28 09:16:43.119 DEBUG 14224 --- [localhost-startStop-1] org.hibernate.type.BasicTypeRegistry     : Adding type registration java.util.GregorianCalendar -> org.hibernate.type.CalendarType@6099a535
2019-01-28 09:16:43.121 DEBUG 14224 --- [localhost-startStop-1] org.hibernate.type.BasicTypeRegistry     : Adding type registration calendar_date -> org.hibernate.type.CalendarDateType@70097ba7
2019-01-28 09:16:43.122 DEBUG 14224 --- [localhost-startStop-1] org.hibernate.type.BasicTypeRegistry     : Adding type registration locale -> org.hibernate.type.LocaleType@5fb1bb80
2019-01-28 09:16:43.122 DEBUG 14224 --- [localhost-startStop-1] org.hibernate.type.BasicTypeRegistry     : Adding type registration java.util.Locale -> org.hibernate.type.LocaleType@5fb1bb80
2019-01-28 09:16:43.124 DEBUG 14224 --- [localhost-startStop-1] org.hibernate.type.BasicTypeRegistry     : Adding type registration currency -> org.hibernate.type.CurrencyType@424b8033
2019-01-28 09:16:43.124 DEBUG 14224 --- [localhost-startStop-1] org.hibernate.type.BasicTypeRegistry     : Adding type registration java.util.Currency -> org.hibernate.type.CurrencyType@424b8033
2019-01-28 09:16:43.125 DEBUG 14224 --- [localhost-startStop-1] org.hibernate.type.BasicTypeRegistry     : Adding type registration timezone -> org.hibernate.type.TimeZoneType@7085dae9
2019-01-28 09:16:43.125 DEBUG 14224 --- [localhost-startStop-1] org.hibernate.type.BasicTypeRegistry     : Adding type registration java.util.TimeZone -> org.hibernate.type.TimeZoneType@7085dae9
2019-01-28 09:16:43.127 DEBUG 14224 --- [localhost-startStop-1] org.hibernate.type.BasicTypeRegistry     : Adding type registration class -> org.hibernate.type.ClassType@1ccad024
2019-01-28 09:16:43.127 DEBUG 14224 --- [localhost-startStop-1] org.hibernate.type.BasicTypeRegistry     : Adding type registration java.lang.Class -> org.hibernate.type.ClassType@1ccad024
2019-01-28 09:16:43.129 DEBUG 14224 --- [localhost-startStop-1] org.hibernate.type.BasicTypeRegistry     : Adding type registration uuid-binary -> org.hibernate.type.UUIDBinaryType@1b61f92
2019-01-28 09:16:43.129 DEBUG 14224 --- [localhost-startStop-1] org.hibernate.type.BasicTypeRegistry     : Adding type registration java.util.UUID -> org.hibernate.type.UUIDBinaryType@1b61f92
2019-01-28 09:16:43.130 DEBUG 14224 --- [localhost-startStop-1] org.hibernate.type.BasicTypeRegistry     : Adding type registration uuid-char -> org.hibernate.type.UUIDCharType@1db36ba1
2019-01-28 09:16:43.132 DEBUG 14224 --- [localhost-startStop-1] org.hibernate.type.BasicTypeRegistry     : Adding type registration binary -> org.hibernate.type.BinaryType@322abc12
2019-01-28 09:16:43.133 DEBUG 14224 --- [localhost-startStop-1] org.hibernate.type.BasicTypeRegistry     : Adding type registration byte[] -> org.hibernate.type.BinaryType@322abc12
2019-01-28 09:16:43.133 DEBUG 14224 --- [localhost-startStop-1] org.hibernate.type.BasicTypeRegistry     : Adding type registration [B -> org.hibernate.type.BinaryType@322abc12
2019-01-28 09:16:43.135 DEBUG 14224 --- [localhost-startStop-1] org.hibernate.type.BasicTypeRegistry     : Adding type registration wrapper-binary -> org.hibernate.type.WrapperBinaryType@152fcda3
2019-01-28 09:16:43.135 DEBUG 14224 --- [localhost-startStop-1] org.hibernate.type.BasicTypeRegistry     : Adding type registration Byte[] -> org.hibernate.type.WrapperBinaryType@152fcda3
2019-01-28 09:16:43.135 DEBUG 14224 --- [localhost-startStop-1] org.hibernate.type.BasicTypeRegistry     : Adding type registration [Ljava.lang.Byte; -> org.hibernate.type.WrapperBinaryType@152fcda3
2019-01-28 09:16:43.137 DEBUG 14224 --- [localhost-startStop-1] org.hibernate.type.BasicTypeRegistry     : Adding type registration row_version -> org.hibernate.type.RowVersionType@13f95ce3
2019-01-28 09:16:43.138 DEBUG 14224 --- [localhost-startStop-1] org.hibernate.type.BasicTypeRegistry     : Adding type registration image -> org.hibernate.type.ImageType@5f254070
2019-01-28 09:16:43.140 DEBUG 14224 --- [localhost-startStop-1] org.hibernate.type.BasicTypeRegistry     : Adding type registration characters -> org.hibernate.type.CharArrayType@105c9534
2019-01-28 09:16:43.140 DEBUG 14224 --- [localhost-startStop-1] org.hibernate.type.BasicTypeRegistry     : Adding type registration char[] -> org.hibernate.type.CharArrayType@105c9534
2019-01-28 09:16:43.140 DEBUG 14224 --- [localhost-startStop-1] org.hibernate.type.BasicTypeRegistry     : Adding type registration [C -> org.hibernate.type.CharArrayType@105c9534
2019-01-28 09:16:43.142 DEBUG 14224 --- [localhost-startStop-1] org.hibernate.type.BasicTypeRegistry     : Adding type registration wrapper-characters -> org.hibernate.type.CharacterArrayType@5e3c6317
2019-01-28 09:16:43.142 DEBUG 14224 --- [localhost-startStop-1] org.hibernate.type.BasicTypeRegistry     : Adding type registration [Ljava.lang.Character; -> org.hibernate.type.CharacterArrayType@5e3c6317
2019-01-28 09:16:43.142 DEBUG 14224 --- [localhost-startStop-1] org.hibernate.type.BasicTypeRegistry     : Adding type registration Character[] -> org.hibernate.type.CharacterArrayType@5e3c6317
2019-01-28 09:16:43.143 DEBUG 14224 --- [localhost-startStop-1] org.hibernate.type.BasicTypeRegistry     : Adding type registration text -> org.hibernate.type.TextType@31c2ae84
2019-01-28 09:16:43.145 DEBUG 14224 --- [localhost-startStop-1] org.hibernate.type.BasicTypeRegistry     : Adding type registration ntext -> org.hibernate.type.NTextType@453f4c89
2019-01-28 09:16:43.149 DEBUG 14224 --- [localhost-startStop-1] org.hibernate.type.BasicTypeRegistry     : Adding type registration blob -> org.hibernate.type.BlobType@4d468f55
2019-01-28 09:16:43.150 DEBUG 14224 --- [localhost-startStop-1] org.hibernate.type.BasicTypeRegistry     : Adding type registration java.sql.Blob -> org.hibernate.type.BlobType@4d468f55
2019-01-28 09:16:43.151 DEBUG 14224 --- [localhost-startStop-1] org.hibernate.type.BasicTypeRegistry     : Adding type registration materialized_blob -> org.hibernate.type.MaterializedBlobType@5311b865
2019-01-28 09:16:43.155 DEBUG 14224 --- [localhost-startStop-1] org.hibernate.type.BasicTypeRegistry     : Adding type registration clob -> org.hibernate.type.ClobType@43a1cc48
2019-01-28 09:16:43.155 DEBUG 14224 --- [localhost-startStop-1] org.hibernate.type.BasicTypeRegistry     : Adding type registration java.sql.Clob -> org.hibernate.type.ClobType@43a1cc48
2019-01-28 09:16:43.159 DEBUG 14224 --- [localhost-startStop-1] org.hibernate.type.BasicTypeRegistry     : Adding type registration nclob -> org.hibernate.type.NClobType@7f938d90
2019-01-28 09:16:43.160 DEBUG 14224 --- [localhost-startStop-1] org.hibernate.type.BasicTypeRegistry     : Adding type registration java.sql.NClob -> org.hibernate.type.NClobType@7f938d90
2019-01-28 09:16:43.160 DEBUG 14224 --- [localhost-startStop-1] org.hibernate.type.BasicTypeRegistry     : Adding type registration materialized_clob -> org.hibernate.type.MaterializedClobType@3c7aa483
2019-01-28 09:16:43.161 DEBUG 14224 --- [localhost-startStop-1] org.hibernate.type.BasicTypeRegistry     : Adding type registration materialized_nclob -> org.hibernate.type.MaterializedNClobType@55bac5ec
2019-01-28 09:16:43.163 DEBUG 14224 --- [localhost-startStop-1] org.hibernate.type.BasicTypeRegistry     : Adding type registration serializable -> org.hibernate.type.SerializableType@59b35232
2019-01-28 09:16:43.168 DEBUG 14224 --- [localhost-startStop-1] org.hibernate.type.BasicTypeRegistry     : Adding type registration object -> org.hibernate.type.ObjectType@683fb62e
2019-01-28 09:16:43.169 DEBUG 14224 --- [localhost-startStop-1] org.hibernate.type.BasicTypeRegistry     : Adding type registration java.lang.Object -> org.hibernate.type.ObjectType@683fb62e
2019-01-28 09:16:43.169 DEBUG 14224 --- [localhost-startStop-1] org.hibernate.type.BasicTypeRegistry     : Adding type registration imm_date -> org.hibernate.type.AdaptedImmutableType@9b966a1
2019-01-28 09:16:43.169 DEBUG 14224 --- [localhost-startStop-1] org.hibernate.type.BasicTypeRegistry     : Adding type registration imm_time -> org.hibernate.type.AdaptedImmutableType@58415d6f
2019-01-28 09:16:43.170 DEBUG 14224 --- [localhost-startStop-1] org.hibernate.type.BasicTypeRegistry     : Adding type registration imm_timestamp -> org.hibernate.type.AdaptedImmutableType@7abe75a4
2019-01-28 09:16:43.170 DEBUG 14224 --- [localhost-startStop-1] org.hibernate.type.BasicTypeRegistry     : Adding type registration imm_dbtimestamp -> org.hibernate.type.AdaptedImmutableType@77fff36b
2019-01-28 09:16:43.170 DEBUG 14224 --- [localhost-startStop-1] org.hibernate.type.BasicTypeRegistry     : Adding type registration imm_calendar -> org.hibernate.type.AdaptedImmutableType@35311f5b
2019-01-28 09:16:43.170 DEBUG 14224 --- [localhost-startStop-1] org.hibernate.type.BasicTypeRegistry     : Adding type registration imm_calendar_date -> org.hibernate.type.AdaptedImmutableType@67c996b7
2019-01-28 09:16:43.170 DEBUG 14224 --- [localhost-startStop-1] org.hibernate.type.BasicTypeRegistry     : Adding type registration imm_binary -> org.hibernate.type.AdaptedImmutableType@6ed3dcbf
2019-01-28 09:16:43.170 DEBUG 14224 --- [localhost-startStop-1] org.hibernate.type.BasicTypeRegistry     : Adding type registration imm_serializable -> org.hibernate.type.AdaptedImmutableType@663f1ea5
2019-01-28 09:16:44.235 ERROR 14224 --- [localhost-startStop-1] o.s.b.web.embedded.tomcat.TomcatStarter  : Error starting Tomcat context. Exception: org.springframework.beans.factory.BeanCreationException. Message: Error creating bean with name 'jwtAuthFilter' defined in class path resource [com/bass/amed/configuration/LdapSecurityConfiguration.class]: Bean instantiation via factory method failed; nested exception is org.springframework.beans.BeanInstantiationException: Failed to instantiate [com.bass.amed.security.JWTFilter]: Factory method 'jwtAuthFilter' threw exception; nested exception is org.springframework.beans.factory.UnsatisfiedDependencyException: Error creating bean with name 'getTokenProvider': Unsatisfied dependency expressed through field 'scrUserRepository'; nested exception is org.springframework.beans.factory.BeanCreationException: Error creating bean with name 'srcUserRepository': Cannot create inner bean '(inner bean)#3fb34d3f' of type [org.springframework.orm.jpa.SharedEntityManagerCreator] while setting bean property 'entityManager'; nested exception is org.springframework.beans.factory.BeanCreationException: Error creating bean with name '(inner bean)#3fb34d3f': Cannot resolve reference to bean 'entityManagerFactory' while setting constructor argument; nested exception is org.springframework.beans.factory.BeanCreationException: Error creating bean with name 'entityManagerFactory' defined in class path resource [com/bass/amed/configuration/DBConfiguration.class]: Bean instantiation via factory method failed; nested exception is org.springframework.beans.BeanInstantiationException: Failed to instantiate [javax.persistence.EntityManagerFactory]: Factory method 'entityManagerFactory' threw exception; nested exception is javax.persistence.PersistenceException: [PersistenceUnit: primary.datasource] Unable to build Hibernate SessionFactory; nested exception is org.hibernate.MappingException: Could not determine type for: com.bass.amed.entity.NmCustomsPointsEntity, at table: invoices, for columns: [org.hibernate.mapping.Column(customs_code)]
2019-01-28 09:16:44.275  WARN 14224 --- [localhost-startStop-1] o.a.c.loader.WebappClassLoaderBase       : The web application [ROOT] appears to have started a thread named [HikariPool-1 housekeeper] but has failed to stop it. This is very likely to create a memory leak. Stack trace of thread:
 sun.misc.Unsafe.park(Native Method)
 java.util.concurrent.locks.LockSupport.parkNanos(LockSupport.java:215)
 java.util.concurrent.locks.AbstractQueuedSynchronizer$ConditionObject.awaitNanos(AbstractQueuedSynchronizer.java:2078)
 java.util.concurrent.ScheduledThreadPoolExecutor$DelayedWorkQueue.take(ScheduledThreadPoolExecutor.java:1093)
 java.util.concurrent.ScheduledThreadPoolExecutor$DelayedWorkQueue.take(ScheduledThreadPoolExecutor.java:809)
 java.util.concurrent.ThreadPoolExecutor.getTask(ThreadPoolExecutor.java:1074)
 java.util.concurrent.ThreadPoolExecutor.runWorker(ThreadPoolExecutor.java:1134)
 java.util.concurrent.ThreadPoolExecutor$Worker.run(ThreadPoolExecutor.java:624)
 java.lang.Thread.run(Thread.java:748)
2019-01-28 09:16:44.276  WARN 14224 --- [localhost-startStop-1] o.a.c.loader.WebappClassLoaderBase       : The web application [ROOT] appears to have started a thread named [Thread-15] but has failed to stop it. This is very likely to create a memory leak. Stack trace of thread:
 sun.misc.Unsafe.park(Native Method)
 java.util.concurrent.locks.LockSupport.park(LockSupport.java:175)
 java.util.concurrent.locks.AbstractQueuedSynchronizer$ConditionObject.await(AbstractQueuedSynchronizer.java:2039)
 java.util.concurrent.LinkedBlockingQueue.take(LinkedBlockingQueue.java:442)
 org.LatencyUtils.PauseDetector$PauseDetectorThread.run(PauseDetector.java:85)
2019-01-28 09:16:44.276  WARN 14224 --- [localhost-startStop-1] o.a.c.loader.WebappClassLoaderBase       : The web application [ROOT] appears to have started a thread named [SimplePauseDetectorThread_0] but has failed to stop it. This is very likely to create a memory leak. Stack trace of thread:
 java.lang.Thread.sleep(Native Method)
 java.lang.Thread.sleep(Thread.java:340)
 java.util.concurrent.TimeUnit.sleep(TimeUnit.java:386)
 org.LatencyUtils.TimeServices.sleepNanos(TimeServices.java:62)
 org.LatencyUtils.SimplePauseDetector$SimplePauseDetectorThread.run(SimplePauseDetector.java:116)
2019-01-28 09:16:44.277  WARN 14224 --- [localhost-startStop-1] o.a.c.loader.WebappClassLoaderBase       : The web application [ROOT] appears to have started a thread named [HikariPool-1 connection adder] but has failed to stop it. This is very likely to create a memory leak. Stack trace of thread:
 sun.misc.Unsafe.park(Native Method)
 java.util.concurrent.locks.LockSupport.parkNanos(LockSupport.java:215)
 java.util.concurrent.locks.AbstractQueuedSynchronizer$ConditionObject.awaitNanos(AbstractQueuedSynchronizer.java:2078)
 java.util.concurrent.LinkedBlockingQueue.poll(LinkedBlockingQueue.java:467)
 java.util.concurrent.ThreadPoolExecutor.getTask(ThreadPoolExecutor.java:1073)
 java.util.concurrent.ThreadPoolExecutor.runWorker(ThreadPoolExecutor.java:1134)
 java.util.concurrent.ThreadPoolExecutor$Worker.run(ThreadPoolExecutor.java:624)
 java.lang.Thread.run(Thread.java:748)
2019-01-28 09:16:44.283  WARN 14224 --- [main] ConfigServletWebServerApplicationContext : Exception encountered during context initialization - cancelling refresh attempt: org.springframework.context.ApplicationContextException: Unable to start web server; nested exception is org.springframework.boot.web.server.WebServerException: Unable to start embedded Tomcat
